<?xml version="1.0" encoding="UTF-8"?>
<coverage generated="1711707902642" clover="3.2.0">
  <project timestamp="1711707902642" name="All files">
    <metrics statements="1182" coveredstatements="788" conditionals="467" coveredconditionals="214" methods="249" coveredmethods="132" elements="1898" coveredelements="1134" complexity="0" loc="1182" ncloc="1182" packages="6" files="20" classes="20"/>
    <package name="src">
      <metrics statements="267" coveredstatements="241" conditionals="120" coveredconditionals="99" methods="57" coveredmethods="51"/>
      <file name="curves.ts" path="/Users/thomashussenet/Documents/cypherLab/Alice-s-Ring-SAG-TS/src/curves.ts">
        <metrics statements="43" coveredstatements="41" conditionals="23" coveredconditionals="21" methods="8" coveredmethods="8"/>
        <line num="1" count="29" type="stmt"/>
        <line num="10" count="29" type="stmt"/>
        <line num="16" count="29" type="stmt"/>
        <line num="17" count="29" type="stmt"/>
        <line num="18" count="29" type="stmt"/>
        <line num="21" count="29" type="stmt"/>
        <line num="28" count="29" type="stmt"/>
        <line num="34" count="29" type="stmt"/>
        <line num="43" count="29" type="cond" truecount="2" falsecount="0"/>
        <line num="44" count="29" type="stmt"/>
        <line num="45" count="29" type="stmt"/>
        <line num="48" count="29" type="stmt"/>
        <line num="61" count="147" type="stmt"/>
        <line num="63" count="147" type="cond" truecount="3" falsecount="0"/>
        <line num="65" count="77" type="stmt"/>
        <line num="66" count="77" type="stmt"/>
        <line num="67" count="77" type="stmt"/>
        <line num="68" count="77" type="stmt"/>
        <line num="70" count="66" type="stmt"/>
        <line num="71" count="66" type="stmt"/>
        <line num="72" count="66" type="stmt"/>
        <line num="73" count="66" type="stmt"/>
        <line num="75" count="4" type="stmt"/>
        <line num="86" count="1139" type="stmt"/>
        <line num="93" count="59" type="stmt"/>
        <line num="105" count="22" type="stmt"/>
        <line num="108" count="22" type="stmt"/>
        <line num="121" count="1908" type="cond" truecount="2" falsecount="0"/>
        <line num="122" count="562" type="stmt"/>
        <line num="123" count="562" type="stmt"/>
        <line num="125" count="1346" type="stmt"/>
        <line num="126" count="1346" type="stmt"/>
        <line num="129" count="1908" type="cond" truecount="2" falsecount="1"/>
        <line num="131" count="1106" type="cond" truecount="5" falsecount="0"/>
        <line num="132" count="1102" type="stmt"/>
        <line num="135" count="802" type="cond" truecount="2" falsecount="1"/>
        <line num="136" count="802" type="stmt"/>
        <line num="137" count="802" type="stmt"/>
        <line num="143" count="0" type="stmt"/>
        <line num="149" count="0" type="stmt"/>
        <line num="153" count="561" type="stmt"/>
        <line num="172" count="29" type="stmt"/>
        <line num="173" count="61" type="stmt"/>
      </file>
      <file name="index.ts" path="/Users/thomashussenet/Documents/cypherLab/Alice-s-Ring-SAG-TS/src/index.ts">
        <metrics statements="8" coveredstatements="8" conditionals="0" coveredconditionals="0" methods="8" coveredmethods="6"/>
        <line num="1" count="29" type="stmt"/>
        <line num="2" count="29" type="stmt"/>
        <line num="3" count="31" type="stmt"/>
        <line num="5" count="32" type="stmt"/>
        <line num="7" count="378" type="stmt"/>
        <line num="8" count="168" type="stmt"/>
        <line num="10" count="29" type="stmt"/>
        <line num="12" count="93" type="stmt"/>
      </file>
      <file name="point.ts" path="/Users/thomashussenet/Documents/cypherLab/Alice-s-Ring-SAG-TS/src/point.ts">
        <metrics statements="66" coveredstatements="57" conditionals="25" coveredconditionals="16" methods="14" coveredmethods="14"/>
        <line num="1" count="29" type="stmt"/>
        <line num="2" count="29" type="stmt"/>
        <line num="3" count="29" type="stmt"/>
        <line num="4" count="29" type="stmt"/>
        <line num="5" count="29" type="stmt"/>
        <line num="15" count="29" type="stmt"/>
        <line num="33" count="3243" type="stmt"/>
        <line num="34" count="3243" type="stmt"/>
        <line num="35" count="3243" type="stmt"/>
        <line num="37" count="3243" type="cond" truecount="3" falsecount="0"/>
        <line num="38" count="7" type="stmt"/>
        <line num="51" count="1398" type="cond" truecount="0" falsecount="1"/>
        <line num="52" count="0" type="stmt"/>
        <line num="53" count="1398" type="cond" truecount="0" falsecount="1"/>
        <line num="54" count="0" type="stmt"/>
        <line num="57" count="1398" type="cond" truecount="2" falsecount="1"/>
        <line num="59" count="719" type="stmt"/>
        <line num="63" count="717" type="stmt"/>
        <line num="64" count="717" type="stmt"/>
        <line num="67" count="679" type="stmt"/>
        <line num="72" count="677" type="stmt"/>
        <line num="73" count="677" type="stmt"/>
        <line num="76" count="0" type="stmt"/>
        <line num="88" count="218" type="cond" truecount="0" falsecount="1"/>
        <line num="89" count="0" type="stmt"/>
        <line num="91" count="218" type="cond" truecount="2" falsecount="1"/>
        <line num="93" count="130" type="stmt"/>
        <line num="103" count="130" type="stmt"/>
        <line num="104" count="130" type="stmt"/>
        <line num="107" count="88" type="stmt"/>
        <line num="117" count="88" type="stmt"/>
        <line num="118" count="88" type="stmt"/>
        <line num="121" count="0" type="stmt"/>
        <line num="133" count="167" type="cond" truecount="0" falsecount="1"/>
        <line num="135" count="167" type="cond" truecount="2" falsecount="1"/>
        <line num="137" count="71" type="stmt"/>
        <line num="149" count="96" type="stmt"/>
        <line num="161" count="0" type="stmt"/>
        <line num="174" count="49" type="cond" truecount="2" falsecount="1"/>
        <line num="176" count="1" type="stmt"/>
        <line num="181" count="1" type="stmt"/>
        <line num="182" count="1" type="stmt"/>
        <line num="185" count="48" type="stmt"/>
        <line num="190" count="48" type="stmt"/>
        <line num="191" count="48" type="stmt"/>
        <line num="194" count="0" type="stmt"/>
        <line num="205" count="2" type="stmt"/>
        <line num="214" count="48" type="stmt"/>
        <line num="228" count="12" type="stmt"/>
        <line num="229" count="6" type="stmt"/>
        <line num="239" count="4" type="stmt"/>
        <line num="250" count="7" type="stmt"/>
        <line num="251" count="7" type="stmt"/>
        <line num="255" count="3" type="stmt"/>
        <line num="256" count="3" type="stmt"/>
        <line num="258" count="0" type="stmt"/>
        <line num="271" count="3340" type="stmt"/>
        <line num="273" count="3340" type="stmt"/>
        <line num="274" count="3340" type="stmt"/>
        <line num="286" count="117" type="stmt"/>
        <line num="287" count="117" type="stmt"/>
        <line num="288" count="117" type="stmt"/>
        <line num="300" count="116" type="cond" truecount="2" falsecount="1"/>
        <line num="304" count="69" type="stmt"/>
        <line num="311" count="47" type="stmt"/>
        <line num="317" count="0" type="stmt"/>
      </file>
      <file name="ringSignature.ts" path="/Users/thomashussenet/Documents/cypherLab/Alice-s-Ring-SAG-TS/src/ringSignature.ts">
        <metrics statements="150" coveredstatements="135" conditionals="72" coveredconditionals="62" methods="27" coveredmethods="23"/>
        <line num="1" count="29" type="stmt"/>
        <line num="2" count="29" type="stmt"/>
        <line num="3" count="29" type="stmt"/>
        <line num="4" count="29" type="stmt"/>
        <line num="6" count="29" type="stmt"/>
        <line num="7" count="29" type="stmt"/>
        <line num="8" count="29" type="stmt"/>
        <line num="15" count="29" type="stmt"/>
        <line num="41" count="35" type="cond" truecount="1" falsecount="0"/>
        <line num="43" count="33" type="cond" truecount="1" falsecount="0"/>
        <line num="44" count="2" type="stmt"/>
        <line num="46" count="31" type="cond" truecount="0" falsecount="1"/>
        <line num="49" count="31" type="cond" truecount="2" falsecount="1"/>
        <line num="50" count="0" type="stmt"/>
        <line num="53" count="31" type="stmt"/>
        <line num="55" count="31" type="stmt"/>
        <line num="56" count="254" type="cond" truecount="3" falsecount="0"/>
        <line num="59" count="27" type="stmt"/>
        <line num="60" count="27" type="stmt"/>
        <line num="61" count="27" type="stmt"/>
        <line num="62" count="27" type="stmt"/>
        <line num="63" count="27" type="stmt"/>
        <line num="64" count="27" type="stmt"/>
        <line num="73" count="0" type="stmt"/>
        <line num="82" count="2" type="stmt"/>
        <line num="91" count="2" type="stmt"/>
        <line num="100" count="0" type="stmt"/>
        <line num="109" count="0" type="stmt"/>
        <line num="118" count="0" type="stmt"/>
        <line num="127" count="16" type="stmt"/>
        <line num="142" count="19" type="cond" truecount="2" falsecount="0"/>
        <line num="143" count="7" type="stmt"/>
        <line num="144" count="7" type="stmt"/>
        <line num="146" count="1" type="stmt"/>
        <line num="149" count="12" type="stmt"/>
        <line num="152" count="18" type="cond" truecount="1" falsecount="0"/>
        <line num="153" count="2" type="stmt"/>
        <line num="156" count="16" type="cond" truecount="3" falsecount="0"/>
        <line num="157" count="1" type="stmt"/>
        <line num="159" count="15" type="cond" truecount="0" falsecount="1"/>
        <line num="160" count="0" type="stmt"/>
        <line num="163" count="15" type="cond" truecount="3" falsecount="0"/>
        <line num="164" count="1" type="stmt"/>
        <line num="166" count="14" type="cond" truecount="1" falsecount="0"/>
        <line num="171" count="1" type="stmt"/>
        <line num="173" count="13" type="stmt"/>
        <line num="174" count="13" type="stmt"/>
        <line num="182" count="13" type="stmt"/>
        <line num="183" count="12" type="stmt"/>
        <line num="185" count="117" type="stmt"/>
        <line num="187" count="96" type="stmt"/>
        <line num="192" count="4" type="stmt"/>
        <line num="202" count="9" type="stmt"/>
        <line num="206" count="95" type="stmt"/>
        <line num="221" count="4" type="cond" truecount="1" falsecount="0"/>
        <line num="223" count="3" type="stmt"/>
        <line num="224" count="3" type="stmt"/>
        <line num="231" count="3" type="stmt"/>
        <line num="251" count="18" type="cond" truecount="3" falsecount="0"/>
        <line num="252" count="2" type="stmt"/>
        <line num="256" count="16" type="stmt"/>
        <line num="261" count="15" type="stmt"/>
        <line num="263" count="15" type="stmt"/>
        <line num="266" count="15" type="stmt"/>
        <line num="269" count="15" type="cond" truecount="1" falsecount="0"/>
        <line num="270" count="1" type="stmt"/>
        <line num="275" count="14" type="stmt"/>
        <line num="276" count="82" type="cond" truecount="2" falsecount="0"/>
        <line num="278" count="14" type="cond" truecount="1" falsecount="0"/>
        <line num="279" count="6" type="stmt"/>
        <line num="280" count="6" type="stmt"/>
        <line num="281" count="30" type="cond" truecount="1" falsecount="0"/>
        <line num="282" count="4" type="stmt"/>
        <line num="283" count="4" type="stmt"/>
        <line num="284" count="4" type="stmt"/>
        <line num="286" count="26" type="cond" truecount="0" falsecount="1"/>
        <line num="288" count="0" type="cond" truecount="0" falsecount="1"/>
        <line num="289" count="0" type="stmt"/>
        <line num="290" count="0" type="stmt"/>
        <line num="291" count="0" type="stmt"/>
        <line num="296" count="14" type="cond" truecount="1" falsecount="0"/>
        <line num="297" count="2" type="stmt"/>
        <line num="298" count="2" type="stmt"/>
        <line num="302" count="14" type="stmt"/>
        <line num="310" count="14" type="stmt"/>
        <line num="320" count="14" type="stmt"/>
        <line num="327" count="14" type="stmt"/>
        <line num="365" count="14" type="stmt"/>
        <line num="366" count="114" type="cond" truecount="0" falsecount="1"/>
        <line num="367" count="0" type="stmt"/>
        <line num="370" count="14" type="stmt"/>
        <line num="374" count="14" type="stmt"/>
        <line num="376" count="14" type="stmt"/>
        <line num="377" count="114" type="stmt"/>
        <line num="391" count="14" type="stmt"/>
        <line num="402" count="2" type="cond" truecount="1" falsecount="0"/>
        <line num="403" count="1" type="stmt"/>
        <line num="406" count="2" type="stmt"/>
        <line num="407" count="2" type="stmt"/>
        <line num="436" count="14" type="stmt"/>
        <line num="437" count="14" type="stmt"/>
        <line num="439" count="0" type="stmt"/>
        <line num="443" count="14" type="stmt"/>
        <line num="444" count="14" type="stmt"/>
        <line num="445" count="114" type="stmt"/>
        <line num="449" count="114" type="stmt"/>
        <line num="451" count="14" type="stmt"/>
        <line num="456" count="114" type="stmt"/>
        <line num="458" count="114" type="cond" truecount="2" falsecount="0"/>
        <line num="460" count="114" type="stmt"/>
        <line num="461" count="114" type="cond" truecount="2" falsecount="0"/>
        <line num="462" count="14" type="stmt"/>
        <line num="464" count="100" type="stmt"/>
        <line num="471" count="100" type="stmt"/>
        <line num="481" count="14" type="stmt"/>
        <line num="521" count="228" type="stmt"/>
        <line num="522" count="228" type="stmt"/>
        <line num="524" count="228" type="cond" truecount="4" falsecount="0"/>
        <line num="529" count="228" type="cond" truecount="4" falsecount="0"/>
        <line num="533" count="228" type="cond" truecount="2" falsecount="1"/>
        <line num="534" count="0" type="stmt"/>
        <line num="538" count="228" type="cond" truecount="1" falsecount="0"/>
        <line num="539" count="14" type="stmt"/>
        <line num="552" count="214" type="cond" truecount="1" falsecount="0"/>
        <line num="557" count="214" type="stmt"/>
        <line num="572" count="0" type="stmt"/>
        <line num="589" count="29" type="cond" truecount="1" falsecount="0"/>
        <line num="591" count="66" type="cond" truecount="3" falsecount="0"/>
        <line num="592" count="65" type="cond" truecount="0" falsecount="1"/>
        <line num="595" count="65" type="cond" truecount="1" falsecount="0"/>
        <line num="596" count="1" type="stmt"/>
        <line num="599" count="64" type="stmt"/>
        <line num="600" count="64" type="stmt"/>
        <line num="601" count="556" type="stmt"/>
        <line num="604" count="3" type="stmt"/>
        <line num="615" count="29" type="stmt"/>
        <line num="616" count="302" type="stmt"/>
        <line num="617" count="302" type="stmt"/>
        <line num="618" count="3108" type="stmt"/>
        <line num="620" count="302" type="stmt"/>
        <line num="632" count="29" type="stmt"/>
        <line num="633" count="559" type="cond" truecount="3" falsecount="0"/>
        <line num="634" count="2" type="stmt"/>
        <line num="637" count="557" type="cond" truecount="1" falsecount="0"/>
        <line num="638" count="3" type="stmt"/>
        <line num="648" count="29" type="stmt"/>
        <line num="649" count="2" type="stmt"/>
        <line num="650" count="45" type="cond" truecount="1" falsecount="0"/>
        <line num="651" count="45" type="cond" truecount="2" falsecount="0"/>
        <line num="653" count="0" type="cond" truecount="0" falsecount="2"/>
      </file>
    </package>
    <package name="src.errors">
      <metrics statements="58" coveredstatements="37" conditionals="23" coveredconditionals="10" methods="17" coveredmethods="10"/>
      <file name="errors.ts" path="/Users/thomashussenet/Documents/cypherLab/Alice-s-Ring-SAG-TS/src/errors/errors.ts">
        <metrics statements="57" coveredstatements="36" conditionals="23" coveredconditionals="10" methods="17" coveredmethods="10"/>
        <line num="1" count="29" type="stmt"/>
        <line num="2" count="29" type="stmt"/>
        <line num="4" count="29" type="stmt"/>
        <line num="5" count="0" type="cond" truecount="0" falsecount="1"/>
        <line num="6" count="0" type="stmt"/>
        <line num="14" count="29" type="stmt"/>
        <line num="15" count="4" type="stmt"/>
        <line num="16" count="4" type="cond" truecount="3" falsecount="0"/>
        <line num="17" count="0" type="stmt"/>
        <line num="19" count="0" type="stmt"/>
        <line num="23" count="29" type="stmt"/>
        <line num="24" count="1" type="cond" truecount="1" falsecount="0"/>
        <line num="25" count="0" type="stmt"/>
        <line num="34" count="29" type="stmt"/>
        <line num="35" count="0" type="cond" truecount="0" falsecount="3"/>
        <line num="36" count="0" type="stmt"/>
        <line num="37" count="0" type="stmt"/>
        <line num="44" count="29" type="stmt"/>
        <line num="45" count="0" type="cond" truecount="0" falsecount="3"/>
        <line num="46" count="0" type="stmt"/>
        <line num="50" count="29" type="stmt"/>
        <line num="51" count="8" type="cond" truecount="1" falsecount="0"/>
        <line num="52" count="4" type="stmt"/>
        <line num="54" count="29" type="cond" truecount="0" falsecount="1"/>
        <line num="55" count="0" type="stmt"/>
        <line num="57" count="29" type="stmt"/>
        <line num="58" count="15" type="cond" truecount="1" falsecount="0"/>
        <line num="59" count="0" type="stmt"/>
        <line num="61" count="29" type="stmt"/>
        <line num="62" count="2" type="cond" truecount="0" falsecount="1"/>
        <line num="63" count="2" type="stmt"/>
        <line num="67" count="29" type="stmt"/>
        <line num="68" count="4" type="cond" truecount="1" falsecount="0"/>
        <line num="69" count="0" type="stmt"/>
        <line num="71" count="29" type="stmt"/>
        <line num="72" count="15" type="cond" truecount="1" falsecount="0"/>
        <line num="73" count="4" type="stmt"/>
        <line num="75" count="29" type="stmt"/>
        <line num="76" count="0" type="cond" truecount="0" falsecount="1"/>
        <line num="77" count="0" type="stmt"/>
        <line num="81" count="29" type="stmt"/>
        <line num="82" count="7" type="cond" truecount="1" falsecount="0"/>
        <line num="83" count="0" type="stmt"/>
        <line num="85" count="29" type="stmt"/>
        <line num="86" count="0" type="cond" truecount="0" falsecount="1"/>
        <line num="87" count="0" type="stmt"/>
        <line num="89" count="29" type="stmt"/>
        <line num="90" count="0" type="cond" truecount="0" falsecount="1"/>
        <line num="91" count="0" type="stmt"/>
        <line num="93" count="29" type="stmt"/>
        <line num="94" count="3" type="cond" truecount="0" falsecount="1"/>
        <line num="95" count="3" type="stmt"/>
        <line num="99" count="29" type="stmt"/>
        <line num="100" count="29" type="stmt"/>
        <line num="103" count="29" type="stmt"/>
        <line num="104" count="2" type="cond" truecount="1" falsecount="0"/>
        <line num="105" count="0" type="stmt"/>
      </file>
      <file name="index.ts" path="/Users/thomashussenet/Documents/cypherLab/Alice-s-Ring-SAG-TS/src/errors/index.ts">
        <metrics statements="1" coveredstatements="1" conditionals="0" coveredconditionals="0" methods="0" coveredmethods="0"/>
        <line num="1" count="29" type="stmt"/>
      </file>
    </package>
    <package name="src.signature">
      <metrics statements="26" coveredstatements="17" conditionals="23" coveredconditionals="11" methods="3" coveredmethods="2"/>
      <file name="piSignature.ts" path="/Users/thomashussenet/Documents/cypherLab/Alice-s-Ring-SAG-TS/src/signature/piSignature.ts">
        <metrics statements="6" coveredstatements="6" conditionals="6" coveredconditionals="6" methods="1" coveredmethods="1"/>
        <line num="6" count="29" type="stmt"/>
        <line num="8" count="29" type="stmt"/>
        <line num="22" count="29" type="stmt"/>
        <line num="28" count="17" type="cond" truecount="1" falsecount="0"/>
        <line num="35" count="2" type="stmt"/>
        <line num="37" count="15" type="stmt"/>
      </file>
      <file name="schnorrSignature.ts" path="/Users/thomashussenet/Documents/cypherLab/Alice-s-Ring-SAG-TS/src/signature/schnorrSignature.ts">
        <metrics statements="20" coveredstatements="11" conditionals="17" coveredconditionals="5" methods="2" coveredmethods="1"/>
        <line num="6" count="29" type="stmt"/>
        <line num="8" count="29" type="stmt"/>
        <line num="23" count="29" type="stmt"/>
        <line num="31" count="0" type="cond" truecount="0" falsecount="3"/>
        <line num="32" count="0" type="stmt"/>
        <line num="33" count="0" type="cond" truecount="0" falsecount="1"/>
        <line num="35" count="0" type="stmt"/>
        <line num="50" count="0" type="stmt"/>
        <line num="52" count="0" type="stmt"/>
        <line num="67" count="29" type="stmt"/>
        <line num="75" count="2" type="cond" truecount="0" falsecount="1"/>
        <line num="81" count="0" type="stmt"/>
        <line num="83" count="2" type="cond" truecount="0" falsecount="1"/>
        <line num="84" count="0" type="stmt"/>
        <line num="87" count="2" type="cond" truecount="0" falsecount="1"/>
        <line num="88" count="0" type="stmt"/>
        <line num="90" count="2" type="stmt"/>
        <line num="92" count="2" type="stmt"/>
        <line num="94" count="2" type="stmt"/>
        <line num="107" count="2" type="stmt"/>
      </file>
    </package>
    <package name="src.utils">
      <metrics statements="47" coveredstatements="41" conditionals="20" coveredconditionals="13" methods="13" coveredmethods="11"/>
      <file name="base64.ts" path="/Users/thomashussenet/Documents/cypherLab/Alice-s-Ring-SAG-TS/src/utils/base64.ts">
        <metrics statements="1" coveredstatements="1" conditionals="0" coveredconditionals="0" methods="0" coveredmethods="0"/>
        <line num="1" count="29" type="stmt"/>
      </file>
      <file name="hashFunction.ts" path="/Users/thomashussenet/Documents/cypherLab/Alice-s-Ring-SAG-TS/src/utils/hashFunction.ts">
        <metrics statements="15" coveredstatements="14" conditionals="6" coveredconditionals="5" methods="4" coveredmethods="4"/>
        <line num="1" count="29" type="stmt"/>
        <line num="2" count="29" type="stmt"/>
        <line num="4" count="29" type="cond" truecount="2" falsecount="0"/>
        <line num="5" count="29" type="stmt"/>
        <line num="6" count="29" type="stmt"/>
        <line num="17" count="29" type="stmt"/>
        <line num="18" count="492" type="cond" truecount="1" falsecount="0"/>
        <line num="19" count="492" type="cond" truecount="2" falsecount="1"/>
        <line num="21" count="444" type="stmt"/>
        <line num="24" count="48" type="stmt"/>
        <line num="27" count="0" type="stmt"/>
        <line num="39" count="29" type="stmt"/>
        <line num="40" count="444" type="stmt"/>
        <line num="50" count="29" type="stmt"/>
        <line num="51" count="48" type="stmt"/>
      </file>
      <file name="index.ts" path="/Users/thomashussenet/Documents/cypherLab/Alice-s-Ring-SAG-TS/src/utils/index.ts">
        <metrics statements="4" coveredstatements="4" conditionals="0" coveredconditionals="0" methods="6" coveredmethods="4"/>
        <line num="1" count="158" type="stmt"/>
        <line num="2" count="3576" type="stmt"/>
        <line num="3" count="521" type="stmt"/>
        <line num="4" count="35" type="stmt"/>
      </file>
      <file name="isRingSorted.ts" path="/Users/thomashussenet/Documents/cypherLab/Alice-s-Ring-SAG-TS/src/utils/isRingSorted.ts">
        <metrics statements="10" coveredstatements="7" conditionals="6" coveredconditionals="2" methods="1" coveredmethods="1"/>
        <line num="11" count="29" type="stmt"/>
        <line num="12" count="21" type="stmt"/>
        <line num="14" count="147" type="cond" truecount="1" falsecount="0"/>
        <line num="15" count="3" type="stmt"/>
        <line num="18" count="144" type="cond" truecount="0" falsecount="1"/>
        <line num="20" count="0" type="cond" truecount="0" falsecount="1"/>
        <line num="21" count="0" type="stmt"/>
        <line num="24" count="144" type="cond" truecount="1" falsecount="2"/>
        <line num="25" count="0" type="stmt"/>
        <line num="29" count="18" type="stmt"/>
      </file>
      <file name="modulo.ts" path="/Users/thomashussenet/Documents/cypherLab/Alice-s-Ring-SAG-TS/src/utils/modulo.ts">
        <metrics statements="3" coveredstatements="3" conditionals="2" coveredconditionals="2" methods="1" coveredmethods="1"/>
        <line num="8" count="29" type="stmt"/>
        <line num="9" count="3547" type="stmt"/>
        <line num="10" count="3547" type="cond" truecount="2" falsecount="0"/>
      </file>
      <file name="randomNumbers.ts" path="/Users/thomashussenet/Documents/cypherLab/Alice-s-Ring-SAG-TS/src/utils/randomNumbers.ts">
        <metrics statements="14" coveredstatements="12" conditionals="6" coveredconditionals="4" methods="1" coveredmethods="1"/>
        <line num="2" count="29" type="stmt"/>
        <line num="4" count="29" type="cond" truecount="1" falsecount="1"/>
        <line num="9" count="29" type="stmt"/>
        <line num="12" count="0" type="stmt"/>
        <line num="21" count="29" type="stmt"/>
        <line num="22" count="129" type="cond" truecount="0" falsecount="1"/>
        <line num="23" count="0" type="stmt"/>
        <line num="27" count="129" type="stmt"/>
        <line num="29" count="129" type="stmt"/>
        <line num="30" count="986" type="stmt"/>
        <line num="31" count="986" type="stmt"/>
        <line num="32" count="986" type="stmt"/>
        <line num="34" count="986" type="cond" truecount="1" falsecount="0"/>
        <line num="35" count="129" type="stmt"/>
      </file>
    </package>
    <package name="src.utils.noble-libraries">
      <metrics statements="736" coveredstatements="404" conditionals="273" coveredconditionals="75" methods="152" coveredmethods="51"/>
      <file name="noble-ED25519.ts" path="/Users/thomashussenet/Documents/cypherLab/Alice-s-Ring-SAG-TS/src/utils/noble-libraries/noble-ED25519.ts">
        <metrics statements="327" coveredstatements="211" conditionals="104" coveredconditionals="43" methods="66" coveredmethods="34"/>
        <line num="5" count="29" type="stmt"/>
        <line num="6" count="29" type="stmt"/>
        <line num="7" count="29" type="stmt"/>
        <line num="9" count="29" type="stmt"/>
        <line num="11" count="29" type="stmt"/>
        <line num="23" count="29" type="cond" truecount="0" falsecount="1"/>
        <line num="24" count="2" type="stmt"/>
        <line num="26" count="1323" type="stmt"/>
        <line num="27" count="29" type="stmt"/>
        <line num="31" count="1323" type="cond" truecount="5" falsecount="1"/>
        <line num="35" count="1764" type="stmt"/>
        <line num="36" count="441" type="cond" truecount="1" falsecount="1"/>
        <line num="37" count="29" type="cond" truecount="1" falsecount="0"/>
        <line num="38" count="2312641" type="stmt"/>
        <line num="39" count="2312641" type="cond" truecount="2" falsecount="0"/>
        <line num="41" count="156774" type="cond" truecount="1" falsecount="1"/>
        <line num="42" count="29" type="stmt"/>
        <line num="50" count="222320" type="stmt"/>
        <line num="51" count="222320" type="stmt"/>
        <line num="52" count="222320" type="stmt"/>
        <line num="53" count="222320" type="stmt"/>
        <line num="55" count="29" type="stmt"/>
        <line num="56" count="29" type="stmt"/>
        <line num="58" count="1095" type="stmt"/>
        <line num="62" count="0" type="stmt"/>
        <line num="63" count="0" type="stmt"/>
        <line num="64" count="0" type="stmt"/>
        <line num="65" count="0" type="stmt"/>
        <line num="66" count="0" type="stmt"/>
        <line num="67" count="0" type="stmt"/>
        <line num="68" count="0" type="cond" truecount="0" falsecount="5"/>
        <line num="69" count="0" type="cond" truecount="0" falsecount="5"/>
        <line num="70" count="0" type="stmt"/>
        <line num="71" count="0" type="stmt"/>
        <line num="72" count="0" type="stmt"/>
        <line num="73" count="0" type="stmt"/>
        <line num="74" count="0" type="cond" truecount="0" falsecount="1"/>
        <line num="75" count="0" type="stmt"/>
        <line num="76" count="0" type="stmt"/>
        <line num="77" count="0" type="cond" truecount="0" falsecount="4"/>
        <line num="78" count="0" type="cond" truecount="0" falsecount="1"/>
        <line num="79" count="0" type="stmt"/>
        <line num="82" count="0" type="stmt"/>
        <line num="85" count="0" type="stmt"/>
        <line num="89" count="2526" type="stmt"/>
        <line num="90" count="2526" type="stmt"/>
        <line num="91" count="2526" type="stmt"/>
        <line num="92" count="2526" type="stmt"/>
        <line num="93" count="2526" type="stmt"/>
        <line num="94" count="2526" type="stmt"/>
        <line num="95" count="2526" type="cond" truecount="2" falsecount="0"/>
        <line num="98" count="0" type="stmt"/>
        <line num="102" count="32487" type="stmt"/>
        <line num="106" count="34403" type="stmt"/>
        <line num="107" count="34403" type="stmt"/>
        <line num="108" count="34403" type="stmt"/>
        <line num="109" count="34403" type="stmt"/>
        <line num="110" count="34403" type="stmt"/>
        <line num="111" count="34403" type="stmt"/>
        <line num="112" count="34403" type="stmt"/>
        <line num="113" count="34403" type="stmt"/>
        <line num="114" count="34403" type="stmt"/>
        <line num="115" count="34403" type="stmt"/>
        <line num="116" count="34403" type="stmt"/>
        <line num="117" count="34403" type="stmt"/>
        <line num="118" count="34403" type="stmt"/>
        <line num="119" count="34403" type="stmt"/>
        <line num="120" count="34403" type="stmt"/>
        <line num="121" count="34403" type="stmt"/>
        <line num="125" count="154248" type="stmt"/>
        <line num="126" count="154248" type="stmt"/>
        <line num="127" count="154248" type="stmt"/>
        <line num="128" count="154248" type="stmt"/>
        <line num="129" count="154248" type="stmt"/>
        <line num="130" count="154248" type="stmt"/>
        <line num="131" count="154248" type="stmt"/>
        <line num="132" count="154248" type="stmt"/>
        <line num="133" count="154248" type="stmt"/>
        <line num="134" count="154248" type="stmt"/>
        <line num="135" count="154248" type="stmt"/>
        <line num="136" count="154248" type="stmt"/>
        <line num="137" count="154248" type="stmt"/>
        <line num="138" count="154248" type="stmt"/>
        <line num="139" count="154248" type="stmt"/>
        <line num="140" count="154248" type="stmt"/>
        <line num="144" count="1120" type="cond" truecount="2" falsecount="1"/>
        <line num="145" count="1118" type="cond" truecount="3" falsecount="1"/>
        <line num="146" count="0" type="stmt"/>
        <line num="147" count="1118" type="cond" truecount="2" falsecount="2"/>
        <line num="148" count="1118" type="cond" truecount="1" falsecount="0"/>
        <line num="149" count="135" type="stmt"/>
        <line num="150" count="135" type="stmt"/>
        <line num="151" count="135" type="stmt"/>
        <line num="153" count="33710" type="cond" truecount="2" falsecount="0"/>
        <line num="154" count="19499" type="cond" truecount="1" falsecount="0"/>
        <line num="156" count="135" type="stmt"/>
        <line num="159" count="0" type="stmt"/>
        <line num="162" count="0" type="stmt"/>
        <line num="165" count="0" type="stmt"/>
        <line num="169" count="0" type="stmt"/>
        <line num="170" count="0" type="cond" truecount="0" falsecount="1"/>
        <line num="171" count="0" type="stmt"/>
        <line num="175" count="1312" type="stmt"/>
        <line num="176" count="1312" type="cond" truecount="0" falsecount="1"/>
        <line num="177" count="1312" type="stmt"/>
        <line num="178" count="1312" type="cond" truecount="0" falsecount="1"/>
        <line num="179" count="1312" type="stmt"/>
        <line num="183" count="441" type="stmt"/>
        <line num="184" count="441" type="stmt"/>
        <line num="185" count="441" type="cond" truecount="2" falsecount="0"/>
        <line num="186" count="441" type="stmt"/>
        <line num="189" count="0" type="stmt"/>
        <line num="192" count="29" type="stmt"/>
        <line num="193" count="29" type="stmt"/>
        <line num="194" count="14553" type="stmt"/>
        <line num="195" count="29" type="stmt"/>
        <line num="196" count="441" type="stmt"/>
        <line num="197" count="14112" type="stmt"/>
        <line num="199" count="29" type="stmt"/>
        <line num="201" count="882" type="stmt"/>
        <line num="202" count="882" type="cond" truecount="2" falsecount="1"/>
        <line num="203" count="882" type="stmt"/>
        <line num="204" count="882" type="stmt"/>
        <line num="205" count="28224" type="stmt"/>
        <line num="206" count="28224" type="stmt"/>
        <line num="207" count="28224" type="stmt"/>
        <line num="208" count="28224" type="cond" truecount="2" falsecount="1"/>
        <line num="209" count="28224" type="stmt"/>
        <line num="211" count="882" type="stmt"/>
        <line num="213" count="441" type="stmt"/>
        <line num="214" count="441" type="stmt"/>
        <line num="215" count="29" type="stmt"/>
        <line num="217" count="441" type="stmt"/>
        <line num="218" count="441" type="stmt"/>
        <line num="219" count="441" type="stmt"/>
        <line num="220" count="441" type="stmt"/>
        <line num="221" count="441" type="stmt"/>
        <line num="223" count="441" type="stmt"/>
        <line num="225" count="29" type="cond" truecount="1" falsecount="0"/>
        <line num="227" count="1312" type="cond" truecount="2" falsecount="1"/>
        <line num="228" count="1312" type="stmt"/>
        <line num="229" count="1312" type="stmt"/>
        <line num="230" count="1312" type="stmt"/>
        <line num="231" count="1312" type="stmt"/>
        <line num="232" count="1312" type="stmt"/>
        <line num="233" count="1312" type="stmt"/>
        <line num="234" count="1312" type="stmt"/>
        <line num="236" count="179744" type="stmt"/>
        <line num="237" count="179744" type="stmt"/>
        <line num="238" count="179744" type="stmt"/>
        <line num="239" count="179744" type="stmt"/>
        <line num="240" count="179744" type="stmt"/>
        <line num="242" count="1312" type="cond" truecount="1" falsecount="1"/>
        <line num="244" count="29" type="stmt"/>
        <line num="246" count="0" type="stmt"/>
        <line num="247" count="0" type="stmt"/>
        <line num="248" count="0" type="stmt"/>
        <line num="249" count="0" type="stmt"/>
        <line num="251" count="0" type="stmt"/>
        <line num="253" count="29" type="stmt"/>
        <line num="255" count="0" type="stmt"/>
        <line num="256" count="0" type="stmt"/>
        <line num="257" count="0" type="stmt"/>
        <line num="258" count="0" type="stmt"/>
        <line num="259" count="0" type="stmt"/>
        <line num="260" count="0" type="stmt"/>
        <line num="261" count="0" type="stmt"/>
        <line num="262" count="0" type="stmt"/>
        <line num="263" count="0" type="stmt"/>
        <line num="264" count="0" type="stmt"/>
        <line num="265" count="0" type="stmt"/>
        <line num="266" count="0" type="stmt"/>
        <line num="267" count="0" type="stmt"/>
        <line num="270" count="29" type="stmt"/>
        <line num="271" count="29" type="stmt"/>
        <line num="273" count="0" type="stmt"/>
        <line num="274" count="0" type="stmt"/>
        <line num="275" count="0" type="stmt"/>
        <line num="276" count="0" type="stmt"/>
        <line num="277" count="0" type="stmt"/>
        <line num="278" count="0" type="stmt"/>
        <line num="279" count="0" type="stmt"/>
        <line num="280" count="0" type="stmt"/>
        <line num="281" count="0" type="stmt"/>
        <line num="282" count="0" type="stmt"/>
        <line num="283" count="0" type="cond" truecount="0" falsecount="1"/>
        <line num="284" count="0" type="cond" truecount="0" falsecount="3"/>
        <line num="285" count="0" type="cond" truecount="0" falsecount="1"/>
        <line num="286" count="0" type="cond" truecount="0" falsecount="2"/>
        <line num="288" count="441" type="stmt"/>
        <line num="291" count="29" type="stmt"/>
        <line num="292" count="29" type="stmt"/>
        <line num="295" count="441" type="cond" truecount="1" falsecount="1"/>
        <line num="303" count="29" type="stmt"/>
        <line num="305" count="441" type="stmt"/>
        <line num="306" count="441" type="stmt"/>
        <line num="307" count="441" type="stmt"/>
        <line num="308" count="441" type="stmt"/>
        <line num="309" count="441" type="stmt"/>
        <line num="310" count="441" type="stmt"/>
        <line num="311" count="441" type="stmt"/>
        <line num="312" count="441" type="stmt"/>
        <line num="313" count="441" type="stmt"/>
        <line num="316" count="29" type="stmt"/>
        <line num="317" count="0" type="stmt"/>
        <line num="318" count="441" type="stmt"/>
        <line num="319" count="29" type="stmt"/>
        <line num="320" count="0" type="stmt"/>
        <line num="321" count="29" type="stmt"/>
        <line num="322" count="0" type="stmt"/>
        <line num="331" count="0" type="cond" truecount="0" falsecount="1"/>
        <line num="332" count="0" type="stmt"/>
        <line num="334" count="29" type="stmt"/>
        <line num="336" count="0" type="stmt"/>
        <line num="337" count="0" type="stmt"/>
        <line num="338" count="0" type="stmt"/>
        <line num="339" count="0" type="stmt"/>
        <line num="340" count="0" type="stmt"/>
        <line num="342" count="0" type="stmt"/>
        <line num="343" count="0" type="stmt"/>
        <line num="345" count="0" type="stmt"/>
        <line num="347" count="29" type="stmt"/>
        <line num="348" count="0" type="stmt"/>
        <line num="349" count="0" type="stmt"/>
        <line num="350" count="0" type="stmt"/>
        <line num="351" count="0" type="stmt"/>
        <line num="353" count="29" type="stmt"/>
        <line num="354" count="0" type="stmt"/>
        <line num="355" count="0" type="stmt"/>
        <line num="356" count="0" type="stmt"/>
        <line num="357" count="0" type="stmt"/>
        <line num="359" count="29" type="stmt"/>
        <line num="360" count="29" type="stmt"/>
        <line num="366" count="0" type="stmt"/>
        <line num="367" count="0" type="stmt"/>
        <line num="368" count="0" type="stmt"/>
        <line num="373" count="0" type="stmt"/>
        <line num="374" count="0" type="stmt"/>
        <line num="375" count="0" type="stmt"/>
        <line num="376" count="0" type="stmt"/>
        <line num="377" count="0" type="stmt"/>
        <line num="378" count="0" type="stmt"/>
        <line num="379" count="0" type="stmt"/>
        <line num="381" count="0" type="stmt"/>
        <line num="383" count="0" type="cond" truecount="0" falsecount="1"/>
        <line num="384" count="0" type="cond" truecount="0" falsecount="3"/>
        <line num="385" count="0" type="stmt"/>
        <line num="386" count="0" type="stmt"/>
        <line num="387" count="0" type="stmt"/>
        <line num="389" count="0" type="stmt"/>
        <line num="392" count="29" type="cond" truecount="0" falsecount="1"/>
        <line num="393" count="0" type="stmt"/>
        <line num="394" count="29" type="cond" truecount="0" falsecount="1"/>
        <line num="395" count="0" type="stmt"/>
        <line num="397" count="29" type="stmt"/>
        <line num="399" count="0" type="cond" truecount="0" falsecount="4"/>
        <line num="402" count="29" type="stmt"/>
        <line num="410" count="0" type="stmt"/>
        <line num="413" count="0" type="cond" truecount="0" falsecount="3"/>
        <line num="414" count="0" type="stmt"/>
        <line num="415" count="0" type="stmt"/>
        <line num="418" count="0" type="stmt"/>
        <line num="419" count="0" type="cond" truecount="0" falsecount="3"/>
        <line num="420" count="0" type="stmt"/>
        <line num="421" count="0" type="stmt"/>
        <line num="422" count="0" type="stmt"/>
        <line num="426" count="29" type="stmt"/>
        <line num="431" count="0" type="stmt"/>
        <line num="434" count="21" type="cond" truecount="1" falsecount="0"/>
        <line num="438" count="29" type="stmt"/>
        <line num="441" count="0" type="stmt"/>
        <line num="443" count="0" type="stmt"/>
        <line num="444" count="0" type="stmt"/>
        <line num="445" count="0" type="stmt"/>
        <line num="448" count="29" type="stmt"/>
        <line num="449" count="29" type="stmt"/>
        <line num="451" count="21" type="stmt"/>
        <line num="452" count="21" type="stmt"/>
        <line num="453" count="21" type="stmt"/>
        <line num="454" count="21" type="stmt"/>
        <line num="455" count="21" type="stmt"/>
        <line num="457" count="693" type="stmt"/>
        <line num="458" count="693" type="stmt"/>
        <line num="459" count="693" type="stmt"/>
        <line num="460" count="88011" type="stmt"/>
        <line num="461" count="88011" type="stmt"/>
        <line num="463" count="693" type="stmt"/>
        <line num="465" count="21" type="stmt"/>
        <line num="467" count="29" type="stmt"/>
        <line num="470" count="983" type="cond" truecount="2" falsecount="0"/>
        <line num="471" count="983" type="stmt"/>
        <line num="472" count="32439" type="stmt"/>
        <line num="473" count="32439" type="cond" truecount="2" falsecount="0"/>
        <line num="475" count="983" type="stmt"/>
        <line num="476" count="983" type="stmt"/>
        <line num="477" count="983" type="stmt"/>
        <line num="478" count="983" type="stmt"/>
        <line num="479" count="983" type="stmt"/>
        <line num="480" count="983" type="stmt"/>
        <line num="481" count="983" type="stmt"/>
        <line num="482" count="983" type="stmt"/>
        <line num="483" count="32439" type="stmt"/>
        <line num="484" count="32439" type="stmt"/>
        <line num="485" count="32439" type="stmt"/>
        <line num="486" count="32439" type="cond" truecount="1" falsecount="0"/>
        <line num="487" count="16681" type="stmt"/>
        <line num="488" count="16681" type="stmt"/>
        <line num="490" count="32439" type="stmt"/>
        <line num="491" count="32439" type="stmt"/>
        <line num="492" count="32439" type="stmt"/>
        <line num="493" count="32439" type="stmt"/>
        <line num="494" count="32439" type="cond" truecount="2" falsecount="0"/>
        <line num="495" count="1245" type="stmt"/>
        <line num="498" count="31194" type="stmt"/>
        <line num="501" count="983" type="stmt"/>
        <line num="504" count="29" type="stmt"/>
        <line num="505" count="29" type="stmt"/>
        <line num="506" count="29" type="stmt"/>
        <line num="507" count="29" type="stmt"/>
        <line num="508" count="29" type="stmt"/>
        <line num="509" count="29" type="stmt"/>
        <line num="510" count="29" type="stmt"/>
        <line num="511" count="29" type="stmt"/>
        <line num="512" count="29" type="stmt"/>
        <line num="513" count="29" type="stmt"/>
        <line num="514" count="29" type="stmt"/>
        <line num="515" count="29" type="stmt"/>
      </file>
      <file name="noble-SECP256k1.ts" path="/Users/thomashussenet/Documents/cypherLab/Alice-s-Ring-SAG-TS/src/utils/noble-libraries/noble-SECP256k1.ts">
        <metrics statements="409" coveredstatements="193" conditionals="169" coveredconditionals="32" methods="86" coveredmethods="17"/>
        <line num="4" count="29" type="stmt"/>
        <line num="5" count="29" type="stmt"/>
        <line num="6" count="29" type="stmt"/>
        <line num="7" count="29" type="stmt"/>
        <line num="8" count="29" type="stmt"/>
        <line num="9" count="29" type="stmt"/>
        <line num="10" count="29" type="stmt"/>
        <line num="14" count="29" type="stmt"/>
        <line num="15" count="29" type="cond" truecount="0" falsecount="1"/>
        <line num="16" count="2" type="stmt"/>
        <line num="18" count="719" type="stmt"/>
        <line num="19" count="29" type="stmt"/>
        <line num="20" count="29" type="cond" truecount="0" falsecount="3"/>
        <line num="21" count="719" type="cond" truecount="3" falsecount="0"/>
        <line num="22" count="29" type="stmt"/>
        <line num="26" count="0" type="cond" truecount="0" falsecount="6"/>
        <line num="30" count="29" type="stmt"/>
        <line num="31" count="29" type="cond" truecount="0" falsecount="2"/>
        <line num="32" count="29" type="cond" truecount="1" falsecount="0"/>
        <line num="33" count="7164766" type="stmt"/>
        <line num="34" count="7164766" type="cond" truecount="2" falsecount="0"/>
        <line num="36" count="29" type="stmt"/>
        <line num="37" count="175651" type="cond" truecount="1" falsecount="1"/>
        <line num="38" count="29" type="stmt"/>
        <line num="46" count="194567" type="stmt"/>
        <line num="47" count="194567" type="stmt"/>
        <line num="48" count="194567" type="stmt"/>
        <line num="50" count="29" type="stmt"/>
        <line num="51" count="29" type="stmt"/>
        <line num="53" count="1122" type="cond" truecount="4" falsecount="0"/>
        <line num="54" count="1052" type="stmt"/>
        <line num="58" count="0" type="stmt"/>
        <line num="59" count="0" type="stmt"/>
        <line num="60" count="0" type="stmt"/>
        <line num="61" count="0" type="stmt"/>
        <line num="62" count="0" type="stmt"/>
        <line num="63" count="0" type="stmt"/>
        <line num="64" count="0" type="cond" truecount="0" falsecount="3"/>
        <line num="66" count="0" type="cond" truecount="0" falsecount="1"/>
        <line num="67" count="0" type="stmt"/>
        <line num="68" count="0" type="stmt"/>
        <line num="69" count="0" type="stmt"/>
        <line num="70" count="0" type="cond" truecount="0" falsecount="1"/>
        <line num="71" count="0" type="stmt"/>
        <line num="73" count="0" type="cond" truecount="0" falsecount="3"/>
        <line num="74" count="0" type="stmt"/>
        <line num="75" count="0" type="cond" truecount="0" falsecount="2"/>
        <line num="78" count="0" type="stmt"/>
        <line num="81" count="0" type="stmt"/>
        <line num="84" count="0" type="stmt"/>
        <line num="88" count="1636" type="stmt"/>
        <line num="89" count="1636" type="stmt"/>
        <line num="90" count="1636" type="stmt"/>
        <line num="91" count="1636" type="stmt"/>
        <line num="92" count="1636" type="stmt"/>
        <line num="93" count="1636" type="stmt"/>
        <line num="94" count="1636" type="cond" truecount="2" falsecount="0"/>
        <line num="97" count="19372" type="stmt"/>
        <line num="100" count="33598" type="stmt"/>
        <line num="104" count="174015" type="stmt"/>
        <line num="105" count="174015" type="stmt"/>
        <line num="106" count="174015" type="stmt"/>
        <line num="107" count="174015" type="stmt"/>
        <line num="108" count="174015" type="stmt"/>
        <line num="109" count="174015" type="stmt"/>
        <line num="110" count="174015" type="stmt"/>
        <line num="111" count="174015" type="stmt"/>
        <line num="112" count="174015" type="stmt"/>
        <line num="113" count="174015" type="stmt"/>
        <line num="114" count="174015" type="stmt"/>
        <line num="115" count="174015" type="stmt"/>
        <line num="116" count="174015" type="stmt"/>
        <line num="117" count="174015" type="stmt"/>
        <line num="118" count="174015" type="stmt"/>
        <line num="119" count="174015" type="stmt"/>
        <line num="120" count="174015" type="stmt"/>
        <line num="121" count="174015" type="stmt"/>
        <line num="122" count="174015" type="stmt"/>
        <line num="123" count="174015" type="stmt"/>
        <line num="124" count="174015" type="stmt"/>
        <line num="125" count="174015" type="stmt"/>
        <line num="126" count="174015" type="stmt"/>
        <line num="127" count="174015" type="stmt"/>
        <line num="128" count="174015" type="stmt"/>
        <line num="129" count="174015" type="stmt"/>
        <line num="130" count="174015" type="stmt"/>
        <line num="131" count="174015" type="stmt"/>
        <line num="132" count="174015" type="stmt"/>
        <line num="133" count="174015" type="stmt"/>
        <line num="134" count="174015" type="stmt"/>
        <line num="135" count="174015" type="stmt"/>
        <line num="136" count="174015" type="stmt"/>
        <line num="137" count="174015" type="stmt"/>
        <line num="138" count="174015" type="stmt"/>
        <line num="139" count="174015" type="stmt"/>
        <line num="140" count="174015" type="stmt"/>
        <line num="141" count="174015" type="stmt"/>
        <line num="142" count="174015" type="stmt"/>
        <line num="143" count="174015" type="stmt"/>
        <line num="144" count="174015" type="stmt"/>
        <line num="145" count="174015" type="stmt"/>
        <line num="146" count="174015" type="stmt"/>
        <line num="147" count="174015" type="stmt"/>
        <line num="148" count="174015" type="stmt"/>
        <line num="149" count="174015" type="stmt"/>
        <line num="150" count="174015" type="stmt"/>
        <line num="151" count="174015" type="stmt"/>
        <line num="155" count="719" type="cond" truecount="1" falsecount="2"/>
        <line num="156" count="719" type="cond" truecount="1" falsecount="0"/>
        <line num="157" count="717" type="cond" truecount="1" falsecount="0"/>
        <line num="158" count="130" type="stmt"/>
        <line num="159" count="130" type="stmt"/>
        <line num="160" count="130" type="stmt"/>
        <line num="162" count="32905" type="cond" truecount="2" falsecount="0"/>
        <line num="163" count="16413" type="cond" truecount="1" falsecount="0"/>
        <line num="165" count="130" type="stmt"/>
        <line num="169" count="0" type="stmt"/>
        <line num="173" count="848" type="stmt"/>
        <line num="174" count="848" type="cond" truecount="0" falsecount="1"/>
        <line num="175" count="848" type="cond" truecount="1" falsecount="0"/>
        <line num="176" count="847" type="stmt"/>
        <line num="177" count="847" type="cond" truecount="0" falsecount="1"/>
        <line num="178" count="847" type="stmt"/>
        <line num="182" count="0" type="stmt"/>
        <line num="183" count="0" type="cond" truecount="0" falsecount="3"/>
        <line num="184" count="0" type="cond" truecount="0" falsecount="2"/>
        <line num="189" count="0" type="stmt"/>
        <line num="192" count="0" type="stmt"/>
        <line num="195" count="0" type="stmt"/>
        <line num="199" count="0" type="stmt"/>
        <line num="200" count="0" type="cond" truecount="0" falsecount="4"/>
        <line num="201" count="0" type="cond" truecount="0" falsecount="2"/>
        <line num="205" count="0" type="stmt"/>
        <line num="208" count="29" type="stmt"/>
        <line num="209" count="29" type="stmt"/>
        <line num="210" count="0" type="stmt"/>
        <line num="211" count="29" type="stmt"/>
        <line num="212" count="0" type="stmt"/>
        <line num="213" count="0" type="stmt"/>
        <line num="215" count="29" type="stmt"/>
        <line num="217" count="0" type="stmt"/>
        <line num="218" count="0" type="cond" truecount="0" falsecount="3"/>
        <line num="219" count="0" type="stmt"/>
        <line num="220" count="0" type="stmt"/>
        <line num="221" count="0" type="stmt"/>
        <line num="222" count="0" type="stmt"/>
        <line num="223" count="0" type="stmt"/>
        <line num="224" count="0" type="cond" truecount="0" falsecount="3"/>
        <line num="225" count="0" type="stmt"/>
        <line num="227" count="0" type="stmt"/>
        <line num="229" count="29" type="cond" truecount="0" falsecount="2"/>
        <line num="230" count="29" type="stmt"/>
        <line num="231" count="29" type="stmt"/>
        <line num="233" count="0" type="cond" truecount="0" falsecount="5"/>
        <line num="237" count="29" type="stmt"/>
        <line num="238" count="29" type="stmt"/>
        <line num="240" count="0" type="stmt"/>
        <line num="241" count="0" type="stmt"/>
        <line num="242" count="0" type="stmt"/>
        <line num="243" count="0" type="stmt"/>
        <line num="244" count="0" type="stmt"/>
        <line num="246" count="0" type="stmt"/>
        <line num="248" count="29" type="cond" truecount="1" falsecount="0"/>
        <line num="250" count="847" type="cond" truecount="2" falsecount="1"/>
        <line num="251" count="847" type="stmt"/>
        <line num="252" count="847" type="stmt"/>
        <line num="253" count="847" type="stmt"/>
        <line num="254" count="847" type="stmt"/>
        <line num="255" count="847" type="stmt"/>
        <line num="256" count="847" type="stmt"/>
        <line num="257" count="847" type="stmt"/>
        <line num="259" count="127151" type="stmt"/>
        <line num="260" count="127151" type="stmt"/>
        <line num="261" count="127151" type="stmt"/>
        <line num="262" count="127151" type="stmt"/>
        <line num="263" count="127151" type="stmt"/>
        <line num="265" count="847" type="cond" truecount="1" falsecount="1"/>
        <line num="267" count="29" type="stmt"/>
        <line num="269" count="0" type="stmt"/>
        <line num="270" count="0" type="stmt"/>
        <line num="272" count="0" type="cond" truecount="0" falsecount="1"/>
        <line num="273" count="0" type="stmt"/>
        <line num="275" count="0" type="cond" truecount="0" falsecount="2"/>
        <line num="277" count="29" type="stmt"/>
        <line num="279" count="0" type="cond" truecount="0" falsecount="1"/>
        <line num="280" count="0" type="cond" truecount="0" falsecount="2"/>
        <line num="282" count="29" type="stmt"/>
        <line num="285" count="0" type="stmt"/>
        <line num="291" count="0" type="stmt"/>
        <line num="292" count="0" type="stmt"/>
        <line num="293" count="0" type="stmt"/>
        <line num="295" count="0" type="stmt"/>
        <line num="299" count="0" type="stmt"/>
        <line num="300" count="0" type="stmt"/>
        <line num="303" count="0" type="cond" truecount="0" falsecount="4"/>
        <line num="306" count="0" type="stmt"/>
        <line num="309" count="0" type="stmt"/>
        <line num="313" count="0" type="stmt"/>
        <line num="314" count="0" type="cond" truecount="0" falsecount="1"/>
        <line num="315" count="0" type="stmt"/>
        <line num="316" count="0" type="cond" truecount="0" falsecount="4"/>
        <line num="317" count="0" type="cond" truecount="0" falsecount="1"/>
        <line num="318" count="0" type="cond" truecount="0" falsecount="2"/>
        <line num="319" count="0" type="stmt"/>
        <line num="320" count="0" type="stmt"/>
        <line num="321" count="0" type="stmt"/>
        <line num="322" count="0" type="stmt"/>
        <line num="323" count="0" type="stmt"/>
        <line num="326" count="0" type="stmt"/>
        <line num="329" count="0" type="stmt"/>
        <line num="332" count="29" type="stmt"/>
        <line num="334" count="0" type="stmt"/>
        <line num="335" count="0" type="stmt"/>
        <line num="336" count="0" type="cond" truecount="0" falsecount="2"/>
        <line num="338" count="29" type="stmt"/>
        <line num="340" count="0" type="stmt"/>
        <line num="342" count="29" type="stmt"/>
        <line num="344" count="29" type="stmt"/>
        <line num="346" count="0" type="cond" truecount="0" falsecount="4"/>
        <line num="351" count="29" type="stmt"/>
        <line num="352" count="29" type="stmt"/>
        <line num="359" count="0" type="cond" truecount="0" falsecount="1"/>
        <line num="361" count="0" type="stmt"/>
        <line num="362" count="0" type="stmt"/>
        <line num="363" count="0" type="cond" truecount="0" falsecount="1"/>
        <line num="364" count="0" type="stmt"/>
        <line num="365" count="0" type="stmt"/>
        <line num="366" count="0" type="stmt"/>
        <line num="367" count="0" type="stmt"/>
        <line num="368" count="0" type="stmt"/>
        <line num="369" count="0" type="cond" truecount="0" falsecount="1"/>
        <line num="371" count="0" type="cond" truecount="0" falsecount="1"/>
        <line num="372" count="0" type="stmt"/>
        <line num="373" count="0" type="cond" truecount="0" falsecount="1"/>
        <line num="374" count="0" type="stmt"/>
        <line num="376" count="0" type="stmt"/>
        <line num="377" count="0" type="stmt"/>
        <line num="379" count="0" type="stmt"/>
        <line num="380" count="0" type="cond" truecount="0" falsecount="1"/>
        <line num="381" count="0" type="stmt"/>
        <line num="382" count="0" type="stmt"/>
        <line num="383" count="0" type="stmt"/>
        <line num="384" count="0" type="cond" truecount="0" falsecount="1"/>
        <line num="385" count="0" type="stmt"/>
        <line num="386" count="0" type="cond" truecount="0" falsecount="1"/>
        <line num="387" count="0" type="stmt"/>
        <line num="388" count="0" type="cond" truecount="0" falsecount="2"/>
        <line num="389" count="0" type="cond" truecount="0" falsecount="3"/>
        <line num="391" count="0" type="stmt"/>
        <line num="392" count="0" type="stmt"/>
        <line num="394" count="0" type="stmt"/>
        <line num="396" count="0" type="stmt"/>
        <line num="407" count="0" type="stmt"/>
        <line num="408" count="0" type="stmt"/>
        <line num="409" count="0" type="stmt"/>
        <line num="410" count="0" type="stmt"/>
        <line num="411" count="0" type="stmt"/>
        <line num="412" count="0" type="stmt"/>
        <line num="413" count="0" type="stmt"/>
        <line num="415" count="0" type="stmt"/>
        <line num="416" count="0" type="cond" truecount="0" falsecount="2"/>
        <line num="418" count="0" type="stmt"/>
        <line num="419" count="0" type="cond" truecount="0" falsecount="1"/>
        <line num="421" count="0" type="stmt"/>
        <line num="422" count="0" type="stmt"/>
        <line num="423" count="0" type="cond" truecount="0" falsecount="1"/>
        <line num="424" count="0" type="stmt"/>
        <line num="425" count="0" type="stmt"/>
        <line num="427" count="0" type="stmt"/>
        <line num="429" count="0" type="cond" truecount="0" falsecount="1"/>
        <line num="430" count="0" type="stmt"/>
        <line num="431" count="0" type="stmt"/>
        <line num="433" count="0" type="stmt"/>
        <line num="435" count="0" type="stmt"/>
        <line num="436" count="0" type="stmt"/>
        <line num="437" count="0" type="stmt"/>
        <line num="438" count="0" type="stmt"/>
        <line num="439" count="0" type="stmt"/>
        <line num="440" count="0" type="stmt"/>
        <line num="443" count="0" type="stmt"/>
        <line num="445" count="0" type="stmt"/>
        <line num="446" count="0" type="cond" truecount="0" falsecount="1"/>
        <line num="447" count="0" type="stmt"/>
        <line num="449" count="0" type="cond" truecount="0" falsecount="1"/>
        <line num="451" count="0" type="stmt"/>
        <line num="452" count="0" type="stmt"/>
        <line num="453" count="0" type="cond" truecount="0" falsecount="1"/>
        <line num="454" count="0" type="stmt"/>
        <line num="455" count="0" type="stmt"/>
        <line num="457" count="0" type="stmt"/>
        <line num="459" count="0" type="cond" truecount="0" falsecount="1"/>
        <line num="460" count="0" type="stmt"/>
        <line num="461" count="0" type="stmt"/>
        <line num="463" count="0" type="stmt"/>
        <line num="464" count="0" type="stmt"/>
        <line num="465" count="0" type="stmt"/>
        <line num="466" count="0" type="stmt"/>
        <line num="467" count="0" type="stmt"/>
        <line num="468" count="0" type="stmt"/>
        <line num="469" count="0" type="stmt"/>
        <line num="479" count="0" type="stmt"/>
        <line num="480" count="0" type="stmt"/>
        <line num="483" count="0" type="stmt"/>
        <line num="484" count="0" type="stmt"/>
        <line num="488" count="0" type="stmt"/>
        <line num="489" count="0" type="cond" truecount="0" falsecount="1"/>
        <line num="490" count="0" type="cond" truecount="0" falsecount="1"/>
        <line num="492" count="0" type="cond" truecount="0" falsecount="3"/>
        <line num="493" count="0" type="cond" truecount="0" falsecount="3"/>
        <line num="495" count="0" type="stmt"/>
        <line num="496" count="0" type="stmt"/>
        <line num="497" count="0" type="cond" truecount="0" falsecount="2"/>
        <line num="500" count="0" type="stmt"/>
        <line num="501" count="0" type="cond" truecount="0" falsecount="2"/>
        <line num="503" count="0" type="stmt"/>
        <line num="505" count="0" type="cond" truecount="0" falsecount="1"/>
        <line num="506" count="0" type="stmt"/>
        <line num="507" count="0" type="cond" truecount="0" falsecount="3"/>
        <line num="509" count="0" type="stmt"/>
        <line num="510" count="0" type="stmt"/>
        <line num="511" count="0" type="stmt"/>
        <line num="512" count="0" type="stmt"/>
        <line num="513" count="0" type="stmt"/>
        <line num="515" count="0" type="stmt"/>
        <line num="517" count="0" type="cond" truecount="0" falsecount="1"/>
        <line num="518" count="0" type="stmt"/>
        <line num="519" count="0" type="stmt"/>
        <line num="522" count="0" type="stmt"/>
        <line num="526" count="0" type="stmt"/>
        <line num="527" count="0" type="stmt"/>
        <line num="528" count="0" type="cond" truecount="0" falsecount="3"/>
        <line num="529" count="0" type="stmt"/>
        <line num="530" count="0" type="stmt"/>
        <line num="532" count="29" type="stmt"/>
        <line num="542" count="0" type="stmt"/>
        <line num="543" count="0" type="cond" truecount="0" falsecount="2"/>
        <line num="544" count="0" type="cond" truecount="0" falsecount="1"/>
        <line num="545" count="0" type="stmt"/>
        <line num="552" count="0" type="stmt"/>
        <line num="558" count="0" type="stmt"/>
        <line num="559" count="0" type="cond" truecount="0" falsecount="3"/>
        <line num="560" count="0" type="stmt"/>
        <line num="561" count="0" type="stmt"/>
        <line num="564" count="29" type="stmt"/>
        <line num="568" count="0" type="stmt"/>
        <line num="569" count="0" type="stmt"/>
        <line num="571" count="0" type="stmt"/>
        <line num="574" count="0" type="stmt"/>
        <line num="576" count="0" type="stmt"/>
        <line num="577" count="0" type="stmt"/>
        <line num="578" count="0" type="stmt"/>
        <line num="581" count="29" type="stmt"/>
        <line num="586" count="0" type="stmt"/>
        <line num="589" count="0" type="cond" truecount="0" falsecount="1"/>
        <line num="593" count="29" type="stmt"/>
        <line num="594" count="29" type="stmt"/>
        <line num="596" count="21" type="stmt"/>
        <line num="597" count="21" type="stmt"/>
        <line num="598" count="21" type="stmt"/>
        <line num="599" count="21" type="stmt"/>
        <line num="600" count="21" type="stmt"/>
        <line num="602" count="693" type="stmt"/>
        <line num="603" count="693" type="stmt"/>
        <line num="604" count="693" type="stmt"/>
        <line num="605" count="88011" type="stmt"/>
        <line num="606" count="88011" type="stmt"/>
        <line num="608" count="693" type="stmt"/>
        <line num="610" count="21" type="stmt"/>
        <line num="612" count="29" type="stmt"/>
        <line num="615" count="587" type="cond" truecount="2" falsecount="0"/>
        <line num="616" count="587" type="stmt"/>
        <line num="617" count="19371" type="stmt"/>
        <line num="618" count="19371" type="cond" truecount="2" falsecount="0"/>
        <line num="620" count="587" type="stmt"/>
        <line num="621" count="587" type="stmt"/>
        <line num="622" count="587" type="stmt"/>
        <line num="623" count="587" type="stmt"/>
        <line num="624" count="587" type="stmt"/>
        <line num="625" count="587" type="stmt"/>
        <line num="626" count="587" type="stmt"/>
        <line num="627" count="587" type="stmt"/>
        <line num="628" count="19371" type="stmt"/>
        <line num="629" count="19371" type="stmt"/>
        <line num="630" count="19371" type="stmt"/>
        <line num="631" count="19371" type="cond" truecount="1" falsecount="0"/>
        <line num="632" count="9000" type="stmt"/>
        <line num="633" count="9000" type="stmt"/>
        <line num="635" count="19371" type="stmt"/>
        <line num="636" count="19371" type="stmt"/>
        <line num="637" count="19371" type="stmt"/>
        <line num="638" count="19371" type="stmt"/>
        <line num="639" count="19371" type="cond" truecount="2" falsecount="0"/>
        <line num="640" count="354" type="stmt"/>
        <line num="643" count="19017" type="stmt"/>
        <line num="646" count="587" type="stmt"/>
        <line num="649" count="29" type="stmt"/>
        <line num="650" count="29" type="stmt"/>
        <line num="651" count="29" type="stmt"/>
        <line num="652" count="29" type="stmt"/>
        <line num="653" count="29" type="stmt"/>
        <line num="654" count="29" type="stmt"/>
        <line num="655" count="29" type="stmt"/>
        <line num="656" count="29" type="stmt"/>
        <line num="657" count="29" type="stmt"/>
        <line num="658" count="29" type="stmt"/>
        <line num="659" count="29" type="stmt"/>
        <line num="660" count="29" type="stmt"/>
        <line num="661" count="29" type="stmt"/>
        <line num="662" count="29" type="stmt"/>
      </file>
    </package>
    <package name="test.data">
      <metrics statements="48" coveredstatements="48" conditionals="8" coveredconditionals="6" methods="7" coveredmethods="7"/>
      <file name="curves.ts" path="/Users/thomashussenet/Documents/cypherLab/Alice-s-Ring-SAG-TS/test/data/curves.ts">
        <metrics statements="3" coveredstatements="3" conditionals="0" coveredconditionals="0" methods="0" coveredmethods="0"/>
        <line num="1" count="21" type="stmt"/>
        <line num="3" count="21" type="stmt"/>
        <line num="4" count="21" type="stmt"/>
      </file>
      <file name="index.ts" path="/Users/thomashussenet/Documents/cypherLab/Alice-s-Ring-SAG-TS/test/data/index.ts">
        <metrics statements="8" coveredstatements="8" conditionals="0" coveredconditionals="0" methods="0" coveredmethods="0"/>
        <line num="1" count="21" type="stmt"/>
        <line num="2" count="21" type="stmt"/>
        <line num="3" count="21" type="stmt"/>
        <line num="4" count="21" type="stmt"/>
        <line num="5" count="21" type="stmt"/>
        <line num="6" count="21" type="stmt"/>
        <line num="7" count="21" type="stmt"/>
        <line num="9" count="21" type="stmt"/>
      </file>
      <file name="message.ts" path="/Users/thomashussenet/Documents/cypherLab/Alice-s-Ring-SAG-TS/test/data/message.ts">
        <metrics statements="1" coveredstatements="1" conditionals="0" coveredconditionals="0" methods="0" coveredmethods="0"/>
        <line num="1" count="21" type="stmt"/>
      </file>
      <file name="points.ts" path="/Users/thomashussenet/Documents/cypherLab/Alice-s-Ring-SAG-TS/test/data/points.ts">
        <metrics statements="36" coveredstatements="36" conditionals="8" coveredconditionals="6" methods="7" coveredmethods="7"/>
        <line num="1" count="21" type="stmt"/>
        <line num="2" count="21" type="stmt"/>
        <line num="3" count="21" type="stmt"/>
        <line num="4" count="21" type="stmt"/>
        <line num="5" count="21" type="stmt"/>
        <line num="6" count="21" type="stmt"/>
        <line num="7" count="441" type="stmt"/>
        <line num="9" count="21" type="stmt"/>
        <line num="74" count="21" type="stmt"/>
        <line num="83" count="21" type="stmt"/>
        <line num="84" count="21" type="stmt"/>
        <line num="87" count="21" type="stmt"/>
        <line num="88" count="21" type="stmt"/>
        <line num="89" count="210" type="stmt"/>
        <line num="92" count="21" type="stmt"/>
        <line num="93" count="210" type="stmt"/>
        <line num="96" count="462" type="cond" truecount="3" falsecount="1"/>
        <line num="98" count="21" type="stmt"/>
        <line num="99" count="210" type="stmt"/>
        <line num="103" count="21" type="stmt"/>
        <line num="105" count="210" type="stmt"/>
        <line num="111" count="483" type="cond" truecount="3" falsecount="1"/>
        <line num="114" count="21" type="stmt"/>
        <line num="118" count="21" type="stmt"/>
        <line num="123" count="21" type="stmt"/>
        <line num="127" count="21" type="stmt"/>
        <line num="132" count="21" type="stmt"/>
        <line num="138" count="21" type="stmt"/>
        <line num="143" count="21" type="stmt"/>
        <line num="144" count="21" type="stmt"/>
        <line num="145" count="21" type="stmt"/>
        <line num="147" count="21" type="stmt"/>
        <line num="148" count="21" type="stmt"/>
        <line num="149" count="21" type="stmt"/>
        <line num="151" count="21" type="stmt"/>
        <line num="154" count="21" type="stmt"/>
      </file>
    </package>
  </project>
</coverage>
