{"/Users/thomashussenet/Documents/cypherLab/Alice-s-Ring-SAG-TS/src/curves.ts": {"path":"/Users/thomashussenet/Documents/cypherLab/Alice-s-Ring-SAG-TS/src/curves.ts","statementMap":{"0":{"start":{"line":1,"column":0},"end":{"line":1,"column":null}},"1":{"start":{"line":10,"column":0},"end":{"line":10,"column":null}},"2":{"start":{"line":16,"column":0},"end":{"line":16,"column":32}},"3":{"start":{"line":17,"column":0},"end":{"line":17,"column":33}},"4":{"start":{"line":18,"column":0},"end":{"line":18,"column":40}},"5":{"start":{"line":21,"column":18},"end":{"line":25,"column":2}},"6":{"start":{"line":28,"column":17},"end":{"line":32,"column":null}},"7":{"start":{"line":34,"column":16},"end":{"line":38,"column":2}},"8":{"start":{"line":43,"column":0},"end":{"line":43,"column":null}},"9":{"start":{"line":44,"column":2},"end":{"line":44,"column":null}},"10":{"start":{"line":45,"column":2},"end":{"line":45,"column":null}},"11":{"start":{"line":61,"column":4},"end":{"line":61,"column":22}},"12":{"start":{"line":63,"column":4},"end":{"line":77,"column":5}},"13":{"start":{"line":65,"column":8},"end":{"line":65,"column":29}},"14":{"start":{"line":66,"column":8},"end":{"line":66,"column":29}},"15":{"start":{"line":67,"column":8},"end":{"line":67,"column":29}},"16":{"start":{"line":68,"column":8},"end":{"line":68,"column":14}},"17":{"start":{"line":70,"column":8},"end":{"line":70,"column":27}},"18":{"start":{"line":71,"column":8},"end":{"line":71,"column":27}},"19":{"start":{"line":72,"column":8},"end":{"line":72,"column":27}},"20":{"start":{"line":73,"column":8},"end":{"line":73,"column":14}},"21":{"start":{"line":75,"column":8},"end":{"line":75,"column":34}},"22":{"start":{"line":86,"column":4},"end":{"line":86,"column":35}},"23":{"start":{"line":93,"column":4},"end":{"line":95,"column":7}},"24":{"start":{"line":105,"column":17},"end":{"line":105,"column":null}},"25":{"start":{"line":108,"column":4},"end":{"line":108,"column":33}},"26":{"start":{"line":121,"column":4},"end":{"line":127,"column":5}},"27":{"start":{"line":122,"column":6},"end":{"line":122,"column":18}},"28":{"start":{"line":123,"column":6},"end":{"line":123,"column":18}},"29":{"start":{"line":125,"column":6},"end":{"line":125,"column":19}},"30":{"start":{"line":126,"column":6},"end":{"line":126,"column":19}},"31":{"start":{"line":129,"column":4},"end":{"line":147,"column":5}},"32":{"start":{"line":131,"column":8},"end":{"line":131,"column":75}},"33":{"start":{"line":131,"column":62},"end":{"line":131,"column":75}},"34":{"start":{"line":132,"column":8},"end":{"line":132,"column":61}},"35":{"start":{"line":135,"column":8},"end":{"line":135,"column":51}},"36":{"start":{"line":135,"column":38},"end":{"line":135,"column":51}},"37":{"start":{"line":136,"column":18},"end":{"line":136,"column":36}},"38":{"start":{"line":137,"column":8},"end":{"line":139,"column":10}},"39":{"start":{"line":143,"column":8},"end":{"line":145,"column":10}},"40":{"start":{"line":149,"column":4},"end":{"line":149,"column":17}},"41":{"start":{"line":153,"column":4},"end":{"line":159,"column":6}},"42":{"start":{"line":48,"column":0},"end":{"line":48,"column":13}},"43":{"start":{"line":173,"column":2},"end":{"line":173,"column":43}},"44":{"start":{"line":172,"column":0},"end":{"line":172,"column":16}}},"fnMap":{"0":{"name":"(anonymous_0)","decl":{"start":{"line":43,"column":0},"end":{"line":43,"column":12}},"loc":{"start":{"line":43,"column":21},"end":{"line":46,"column":1}}},"1":{"name":"(anonymous_1)","decl":{"start":{"line":60,"column":2},"end":{"line":60,"column":14}},"loc":{"start":{"line":60,"column":30},"end":{"line":78,"column":3}}},"2":{"name":"(anonymous_2)","decl":{"start":{"line":85,"column":2},"end":{"line":85,"column":10}},"loc":{"start":{"line":85,"column":10},"end":{"line":87,"column":3}}},"3":{"name":"(anonymous_3)","decl":{"start":{"line":92,"column":2},"end":{"line":92,"column":10}},"loc":{"start":{"line":92,"column":10},"end":{"line":96,"column":3}}},"4":{"name":"(anonymous_4)","decl":{"start":{"line":104,"column":2},"end":{"line":104,"column":8}},"loc":{"start":{"line":104,"column":37},"end":{"line":109,"column":3}}},"5":{"name":"(anonymous_5)","decl":{"start":{"line":118,"column":2},"end":{"line":118,"column":11}},"loc":{"start":{"line":118,"column":43},"end":{"line":150,"column":3}}},"6":{"name":"(anonymous_6)","decl":{"start":{"line":152,"column":2},"end":{"line":152,"column":8}},"loc":{"start":{"line":152,"column":21},"end":{"line":160,"column":3}}},"7":{"name":"derivePubKey","decl":{"start":{"line":172,"column":16},"end":{"line":172,"column":28}},"loc":{"start":{"line":172,"column":61},"end":{"line":174,"column":1}}}},"branchMap":{"0":{"loc":{"start":{"line":43,"column":12},"end":{"line":43,"column":null}},"type":"binary-expr","locations":[{"start":{"line":43,"column":12},"end":{"line":43,"column":21}},{"start":{"line":43,"column":21},"end":{"line":43,"column":null}}]},"1":{"loc":{"start":{"line":63,"column":4},"end":{"line":77,"column":5}},"type":"switch","locations":[{"start":{"line":64,"column":6},"end":{"line":68,"column":14}},{"start":{"line":69,"column":6},"end":{"line":73,"column":14}},{"start":{"line":74,"column":6},"end":{"line":76,"column":7}}]},"2":{"loc":{"start":{"line":121,"column":4},"end":{"line":127,"column":5}},"type":"if","locations":[{"start":{"line":121,"column":4},"end":{"line":127,"column":5}},{"start":{"line":124,"column":11},"end":{"line":127,"column":5}}]},"3":{"loc":{"start":{"line":129,"column":4},"end":{"line":147,"column":5}},"type":"switch","locations":[{"start":{"line":130,"column":6},"end":{"line":133,"column":7}},{"start":{"line":134,"column":6},"end":{"line":140,"column":7}},{"start":{"line":142,"column":6},"end":{"line":146,"column":7}}]},"4":{"loc":{"start":{"line":131,"column":8},"end":{"line":131,"column":75}},"type":"if","locations":[{"start":{"line":131,"column":8},"end":{"line":131,"column":75}}]},"5":{"loc":{"start":{"line":131,"column":12},"end":{"line":131,"column":60}},"type":"binary-expr","locations":[{"start":{"line":131,"column":12},"end":{"line":131,"column":23}},{"start":{"line":131,"column":27},"end":{"line":131,"column":38}},{"start":{"line":131,"column":42},"end":{"line":131,"column":49}},{"start":{"line":131,"column":53},"end":{"line":131,"column":60}}]},"6":{"loc":{"start":{"line":135,"column":8},"end":{"line":135,"column":51}},"type":"if","locations":[{"start":{"line":135,"column":8},"end":{"line":135,"column":51}}]},"7":{"loc":{"start":{"line":135,"column":12},"end":{"line":135,"column":36}},"type":"binary-expr","locations":[{"start":{"line":135,"column":12},"end":{"line":135,"column":22}},{"start":{"line":135,"column":26},"end":{"line":135,"column":36}}]},"8":{"loc":{"start":{"line":154,"column":6},"end":{"line":158,"column":24}},"type":"binary-expr","locations":[{"start":{"line":154,"column":6},"end":{"line":154,"column":30}},{"start":{"line":155,"column":6},"end":{"line":155,"column":30}},{"start":{"line":156,"column":6},"end":{"line":156,"column":30}},{"start":{"line":157,"column":6},"end":{"line":157,"column":24}},{"start":{"line":158,"column":6},"end":{"line":158,"column":24}}]}},"s":{"0":29,"1":29,"2":29,"3":29,"4":29,"5":29,"6":29,"7":29,"8":29,"9":29,"10":29,"11":147,"12":147,"13":77,"14":77,"15":77,"16":77,"17":66,"18":66,"19":66,"20":66,"21":4,"22":1139,"23":59,"24":22,"25":22,"26":1908,"27":562,"28":562,"29":1346,"30":1346,"31":1908,"32":1106,"33":4,"34":1102,"35":802,"36":0,"37":802,"38":802,"39":0,"40":0,"41":561,"42":29,"43":61,"44":29},"f":{"0":29,"1":147,"2":1139,"3":59,"4":22,"5":1908,"6":561,"7":61},"b":{"0":[29,29],"1":[77,66,4],"2":[562,1346],"3":[1106,802,0],"4":[4],"5":[1106,1106,1106,1102],"6":[0],"7":[802,802],"8":[561,557,557,557,557]}}
,"/Users/thomashussenet/Documents/cypherLab/Alice-s-Ring-SAG-TS/src/index.ts": {"path":"/Users/thomashussenet/Documents/cypherLab/Alice-s-Ring-SAG-TS/src/index.ts","statementMap":{"0":{"start":{"line":1,"column":0},"end":{"line":1,"column":null}},"1":{"start":{"line":2,"column":2},"end":{"line":2,"column":null}},"2":{"start":{"line":3,"column":2},"end":{"line":3,"column":null}},"3":{"start":{"line":5,"column":0},"end":{"line":5,"column":9}},"4":{"start":{"line":5,"column":9},"end":{"line":5,"column":54}},"5":{"start":{"line":7,"column":0},"end":{"line":7,"column":9}},"6":{"start":{"line":7,"column":9},"end":{"line":7,"column":32}},"7":{"start":{"line":8,"column":0},"end":{"line":8,"column":9}},"8":{"start":{"line":8,"column":9},"end":{"line":8,"column":16}},"9":{"start":{"line":8,"column":16},"end":{"line":8,"column":44}},"10":{"start":{"line":10,"column":0},"end":{"line":10,"column":9}},"11":{"start":{"line":10,"column":9},"end":{"line":10,"column":39}},"12":{"start":{"line":12,"column":0},"end":{"line":12,"column":9}},"13":{"start":{"line":12,"column":9},"end":{"line":12,"column":48}}},"fnMap":{"0":{"name":"(anonymous_0)","decl":{"start":{"line":2,"column":2},"end":{"line":2,"column":18}},"loc":{"start":{"line":2,"column":2},"end":{"line":2,"column":null}}},"1":{"name":"(anonymous_1)","decl":{"start":{"line":3,"column":2},"end":{"line":3,"column":24}},"loc":{"start":{"line":3,"column":2},"end":{"line":3,"column":null}}},"2":{"name":"(anonymous_2)","decl":{"start":{"line":5,"column":9},"end":{"line":5,"column":20}},"loc":{"start":{"line":5,"column":9},"end":{"line":5,"column":54}}},"3":{"name":"(anonymous_3)","decl":{"start":{"line":7,"column":9},"end":{"line":7,"column":14}},"loc":{"start":{"line":7,"column":9},"end":{"line":7,"column":32}}},"4":{"name":"(anonymous_4)","decl":{"start":{"line":8,"column":9},"end":{"line":8,"column":14}},"loc":{"start":{"line":8,"column":9},"end":{"line":8,"column":16}}},"5":{"name":"(anonymous_5)","decl":{"start":{"line":8,"column":16},"end":{"line":8,"column":25}},"loc":{"start":{"line":8,"column":16},"end":{"line":8,"column":44}}},"6":{"name":"(anonymous_6)","decl":{"start":{"line":10,"column":9},"end":{"line":10,"column":21}},"loc":{"start":{"line":10,"column":9},"end":{"line":10,"column":39}}},"7":{"name":"(anonymous_7)","decl":{"start":{"line":12,"column":9},"end":{"line":12,"column":22}},"loc":{"start":{"line":12,"column":9},"end":{"line":12,"column":48}}}},"branchMap":{},"s":{"0":29,"1":29,"2":31,"3":29,"4":32,"5":29,"6":378,"7":29,"8":168,"9":150,"10":29,"11":29,"12":29,"13":93},"f":{"0":0,"1":2,"2":3,"3":349,"4":139,"5":121,"6":0,"7":64},"b":{}}
,"/Users/thomashussenet/Documents/cypherLab/Alice-s-Ring-SAG-TS/src/point.ts": {"path":"/Users/thomashussenet/Documents/cypherLab/Alice-s-Ring-SAG-TS/src/point.ts","statementMap":{"0":{"start":{"line":1,"column":0},"end":{"line":1,"column":44}},"1":{"start":{"line":2,"column":0},"end":{"line":2,"column":92}},"2":{"start":{"line":3,"column":0},"end":{"line":3,"column":86}},"3":{"start":{"line":4,"column":0},"end":{"line":4,"column":33}},"4":{"start":{"line":5,"column":0},"end":{"line":5,"column":null}},"5":{"start":{"line":33,"column":4},"end":{"line":33,"column":23}},"6":{"start":{"line":34,"column":4},"end":{"line":34,"column":28}},"7":{"start":{"line":35,"column":4},"end":{"line":35,"column":28}},"8":{"start":{"line":37,"column":4},"end":{"line":39,"column":5}},"9":{"start":{"line":38,"column":6},"end":{"line":38,"column":49}},"10":{"start":{"line":51,"column":4},"end":{"line":52,"column":68}},"11":{"start":{"line":52,"column":6},"end":{"line":52,"column":68}},"12":{"start":{"line":53,"column":4},"end":{"line":56,"column":8}},"13":{"start":{"line":54,"column":6},"end":{"line":56,"column":8}},"14":{"start":{"line":57,"column":4},"end":{"line":78,"column":5}},"15":{"start":{"line":59,"column":23},"end":{"line":62,"column":44}},"16":{"start":{"line":63,"column":23},"end":{"line":63,"column":40}},"17":{"start":{"line":64,"column":8},"end":{"line":64,"column":66}},"18":{"start":{"line":67,"column":23},"end":{"line":70,"column":44}},"19":{"start":{"line":72,"column":23},"end":{"line":72,"column":40}},"20":{"start":{"line":73,"column":8},"end":{"line":73,"column":66}},"21":{"start":{"line":76,"column":8},"end":{"line":76,"column":44}},"22":{"start":{"line":88,"column":4},"end":{"line":89,"column":49}},"23":{"start":{"line":89,"column":6},"end":{"line":89,"column":49}},"24":{"start":{"line":91,"column":4},"end":{"line":123,"column":5}},"25":{"start":{"line":93,"column":23},"end":{"line":100,"column":null}},"26":{"start":{"line":103,"column":23},"end":{"line":103,"column":40}},"27":{"start":{"line":104,"column":8},"end":{"line":104,"column":66}},"28":{"start":{"line":107,"column":23},"end":{"line":114,"column":null}},"29":{"start":{"line":117,"column":23},"end":{"line":117,"column":40}},"30":{"start":{"line":118,"column":8},"end":{"line":118,"column":66}},"31":{"start":{"line":121,"column":8},"end":{"line":121,"column":44}},"32":{"start":{"line":133,"column":4},"end":{"line":133,"column":49}},"33":{"start":{"line":133,"column":36},"end":{"line":133,"column":49}},"34":{"start":{"line":135,"column":4},"end":{"line":163,"column":5}},"35":{"start":{"line":137,"column":8},"end":{"line":145,"column":10}},"36":{"start":{"line":149,"column":8},"end":{"line":157,"column":10}},"37":{"start":{"line":161,"column":8},"end":{"line":161,"column":29}},"38":{"start":{"line":174,"column":4},"end":{"line":196,"column":5}},"39":{"start":{"line":176,"column":23},"end":{"line":179,"column":19}},"40":{"start":{"line":181,"column":23},"end":{"line":181,"column":40}},"41":{"start":{"line":182,"column":8},"end":{"line":182,"column":66}},"42":{"start":{"line":185,"column":23},"end":{"line":188,"column":19}},"43":{"start":{"line":190,"column":23},"end":{"line":190,"column":40}},"44":{"start":{"line":191,"column":8},"end":{"line":191,"column":66}},"45":{"start":{"line":194,"column":8},"end":{"line":194,"column":50}},"46":{"start":{"line":205,"column":4},"end":{"line":205,"column":28}},"47":{"start":{"line":214,"column":4},"end":{"line":218,"column":7}},"48":{"start":{"line":228,"column":17},"end":{"line":228,"column":35}},"49":{"start":{"line":229,"column":4},"end":{"line":232,"column":7}},"50":{"start":{"line":239,"column":4},"end":{"line":239,"column":59}},"51":{"start":{"line":250,"column":17},"end":{"line":250,"column":64}},"52":{"start":{"line":251,"column":4},"end":{"line":251,"column":34}},"53":{"start":{"line":255,"column":4},"end":{"line":259,"column":5}},"54":{"start":{"line":256,"column":6},"end":{"line":256,"column":40}},"55":{"start":{"line":258,"column":6},"end":{"line":258,"column":19}},"56":{"start":{"line":271,"column":19},"end":{"line":271,"column":56}},"57":{"start":{"line":273,"column":19},"end":{"line":273,"column":56}},"58":{"start":{"line":274,"column":4},"end":{"line":274,"column":27}},"59":{"start":{"line":286,"column":14},"end":{"line":286,"column":45}},"60":{"start":{"line":287,"column":14},"end":{"line":287,"column":47}},"61":{"start":{"line":288,"column":4},"end":{"line":288,"column":36}},"62":{"start":{"line":300,"column":4},"end":{"line":319,"column":5}},"63":{"start":{"line":304,"column":8},"end":{"line":304,"column":77}},"64":{"start":{"line":311,"column":8},"end":{"line":314,"column":10}},"65":{"start":{"line":317,"column":8},"end":{"line":317,"column":44}},"66":{"start":{"line":15,"column":0},"end":{"line":15,"column":13}}},"fnMap":{"0":{"name":"(anonymous_0)","decl":{"start":{"line":32,"column":2},"end":{"line":32,"column":14}},"loc":{"start":{"line":32,"column":74},"end":{"line":40,"column":3}}},"1":{"name":"(anonymous_1)","decl":{"start":{"line":50,"column":2},"end":{"line":50,"column":6}},"loc":{"start":{"line":50,"column":21},"end":{"line":79,"column":3}}},"2":{"name":"(anonymous_2)","decl":{"start":{"line":87,"column":2},"end":{"line":87,"column":5}},"loc":{"start":{"line":87,"column":18},"end":{"line":124,"column":3}}},"3":{"name":"(anonymous_3)","decl":{"start":{"line":132,"column":2},"end":{"line":132,"column":8}},"loc":{"start":{"line":132,"column":21},"end":{"line":164,"column":3}}},"4":{"name":"(anonymous_4)","decl":{"start":{"line":173,"column":2},"end":{"line":173,"column":8}},"loc":{"start":{"line":173,"column":8},"end":{"line":197,"column":3}}},"5":{"name":"(anonymous_5)","decl":{"start":{"line":204,"column":2},"end":{"line":204,"column":15}},"loc":{"start":{"line":204,"column":15},"end":{"line":206,"column":3}}},"6":{"name":"(anonymous_6)","decl":{"start":{"line":213,"column":2},"end":{"line":213,"column":10}},"loc":{"start":{"line":213,"column":10},"end":{"line":219,"column":3}}},"7":{"name":"(anonymous_7)","decl":{"start":{"line":227,"column":2},"end":{"line":227,"column":8}},"loc":{"start":{"line":227,"column":34},"end":{"line":233,"column":3}}},"8":{"name":"(anonymous_8)","decl":{"start":{"line":238,"column":2},"end":{"line":238,"column":10}},"loc":{"start":{"line":238,"column":10},"end":{"line":240,"column":3}}},"9":{"name":"(anonymous_9)","decl":{"start":{"line":248,"column":2},"end":{"line":248,"column":8}},"loc":{"start":{"line":248,"column":34},"end":{"line":252,"column":3}}},"10":{"name":"(anonymous_10)","decl":{"start":{"line":254,"column":2},"end":{"line":254,"column":9}},"loc":{"start":{"line":254,"column":9},"end":{"line":260,"column":3}}},"11":{"name":"(anonymous_11)","decl":{"start":{"line":269,"column":2},"end":{"line":269,"column":16}},"loc":{"start":{"line":269,"column":16},"end":{"line":275,"column":3}}},"12":{"name":"(anonymous_12)","decl":{"start":{"line":284,"column":2},"end":{"line":284,"column":8}},"loc":{"start":{"line":284,"column":51},"end":{"line":289,"column":3}}},"13":{"name":"(anonymous_13)","decl":{"start":{"line":299,"column":2},"end":{"line":299,"column":15}},"loc":{"start":{"line":299,"column":15},"end":{"line":320,"column":3}}}},"branchMap":{"0":{"loc":{"start":{"line":32,"column":59},"end":{"line":32,"column":74}},"type":"default-arg","locations":[{"start":{"line":32,"column":70},"end":{"line":32,"column":74}}]},"1":{"loc":{"start":{"line":37,"column":4},"end":{"line":39,"column":5}},"type":"if","locations":[{"start":{"line":37,"column":4},"end":{"line":39,"column":5}}]},"2":{"loc":{"start":{"line":37,"column":8},"end":{"line":37,"column":54}},"type":"binary-expr","locations":[{"start":{"line":37,"column":8},"end":{"line":37,"column":16}},{"start":{"line":37,"column":20},"end":{"line":37,"column":54}}]},"3":{"loc":{"start":{"line":51,"column":4},"end":{"line":52,"column":68}},"type":"if","locations":[{"start":{"line":51,"column":4},"end":{"line":52,"column":68}}]},"4":{"loc":{"start":{"line":53,"column":4},"end":{"line":56,"column":8}},"type":"if","locations":[{"start":{"line":53,"column":4},"end":{"line":56,"column":8}}]},"5":{"loc":{"start":{"line":57,"column":4},"end":{"line":78,"column":5}},"type":"switch","locations":[{"start":{"line":58,"column":6},"end":{"line":65,"column":7}},{"start":{"line":66,"column":6},"end":{"line":74,"column":7}},{"start":{"line":75,"column":6},"end":{"line":77,"column":7}}]},"6":{"loc":{"start":{"line":88,"column":4},"end":{"line":89,"column":49}},"type":"if","locations":[{"start":{"line":88,"column":4},"end":{"line":89,"column":49}}]},"7":{"loc":{"start":{"line":91,"column":4},"end":{"line":123,"column":5}},"type":"switch","locations":[{"start":{"line":92,"column":6},"end":{"line":105,"column":7}},{"start":{"line":106,"column":6},"end":{"line":119,"column":7}},{"start":{"line":120,"column":6},"end":{"line":122,"column":7}}]},"8":{"loc":{"start":{"line":133,"column":4},"end":{"line":133,"column":49}},"type":"if","locations":[{"start":{"line":133,"column":4},"end":{"line":133,"column":49}}]},"9":{"loc":{"start":{"line":135,"column":4},"end":{"line":163,"column":5}},"type":"switch","locations":[{"start":{"line":136,"column":6},"end":{"line":146,"column":7}},{"start":{"line":148,"column":6},"end":{"line":158,"column":7}},{"start":{"line":160,"column":6},"end":{"line":162,"column":7}}]},"10":{"loc":{"start":{"line":174,"column":4},"end":{"line":196,"column":5}},"type":"switch","locations":[{"start":{"line":175,"column":6},"end":{"line":183,"column":7}},{"start":{"line":184,"column":6},"end":{"line":192,"column":7}},{"start":{"line":193,"column":6},"end":{"line":195,"column":7}}]},"11":{"loc":{"start":{"line":300,"column":4},"end":{"line":319,"column":5}},"type":"switch","locations":[{"start":{"line":303,"column":6},"end":{"line":305,"column":7}},{"start":{"line":310,"column":6},"end":{"line":315,"column":7}},{"start":{"line":316,"column":6},"end":{"line":318,"column":7}}]},"12":{"loc":{"start":{"line":312,"column":10},"end":{"line":313,"column":71}},"type":"binary-expr","locations":[{"start":{"line":312,"column":10},"end":{"line":312,"column":60}},{"start":{"line":313,"column":10},"end":{"line":313,"column":71}}]}},"s":{"0":29,"1":29,"2":29,"3":29,"4":29,"5":3243,"6":3243,"7":3243,"8":3243,"9":7,"10":1398,"11":0,"12":1398,"13":0,"14":1398,"15":719,"16":717,"17":717,"18":679,"19":677,"20":677,"21":0,"22":218,"23":0,"24":218,"25":130,"26":130,"27":130,"28":88,"29":88,"30":88,"31":0,"32":167,"33":0,"34":167,"35":71,"36":96,"37":0,"38":49,"39":1,"40":1,"41":1,"42":48,"43":48,"44":48,"45":0,"46":2,"47":48,"48":12,"49":6,"50":4,"51":7,"52":7,"53":3,"54":3,"55":0,"56":3340,"57":3340,"58":3340,"59":117,"60":117,"61":117,"62":116,"63":69,"64":47,"65":0,"66":29},"f":{"0":3243,"1":1398,"2":218,"3":167,"4":49,"5":2,"6":48,"7":12,"8":4,"9":7,"10":3,"11":3340,"12":117,"13":116},"b":{"0":[1340],"1":[7],"2":[3243,1340],"3":[0],"4":[0],"5":[719,679,0],"6":[0],"7":[130,88,0],"8":[0],"9":[71,96,0],"10":[1,48,0],"11":[69,47,0],"12":[47,47]}}
,"/Users/thomashussenet/Documents/cypherLab/Alice-s-Ring-SAG-TS/src/ringSignature.ts": {"path":"/Users/thomashussenet/Documents/cypherLab/Alice-s-Ring-SAG-TS/src/ringSignature.ts","statementMap":{"0":{"start":{"line":1,"column":0},"end":{"line":1,"column":66}},"1":{"start":{"line":2,"column":0},"end":{"line":2,"column":54}},"2":{"start":{"line":3,"column":0},"end":{"line":3,"column":40}},"3":{"start":{"line":4,"column":0},"end":{"line":4,"column":33}},"4":{"start":{"line":6,"column":0},"end":{"line":6,"column":52}},"5":{"start":{"line":7,"column":0},"end":{"line":7,"column":32}},"6":{"start":{"line":8,"column":0},"end":{"line":8,"column":52}},"7":{"start":{"line":41,"column":4},"end":{"line":41,"column":49}},"8":{"start":{"line":41,"column":27},"end":{"line":41,"column":49}},"9":{"start":{"line":43,"column":4},"end":{"line":44,"column":52}},"10":{"start":{"line":44,"column":6},"end":{"line":44,"column":52}},"11":{"start":{"line":46,"column":4},"end":{"line":46,"column":65}},"12":{"start":{"line":46,"column":22},"end":{"line":46,"column":65}},"13":{"start":{"line":49,"column":4},"end":{"line":50,"column":58}},"14":{"start":{"line":50,"column":6},"end":{"line":50,"column":58}},"15":{"start":{"line":53,"column":4},"end":{"line":53,"column":27}},"16":{"start":{"line":55,"column":4},"end":{"line":57,"column":5}},"17":{"start":{"line":56,"column":6},"end":{"line":56,"column":77}},"18":{"start":{"line":56,"column":50},"end":{"line":56,"column":77}},"19":{"start":{"line":59,"column":4},"end":{"line":59,"column":21}},"20":{"start":{"line":60,"column":4},"end":{"line":60,"column":27}},"21":{"start":{"line":61,"column":4},"end":{"line":61,"column":15}},"22":{"start":{"line":62,"column":4},"end":{"line":62,"column":31}},"23":{"start":{"line":63,"column":4},"end":{"line":63,"column":23}},"24":{"start":{"line":64,"column":4},"end":{"line":64,"column":25}},"25":{"start":{"line":73,"column":4},"end":{"line":73,"column":21}},"26":{"start":{"line":82,"column":4},"end":{"line":82,"column":18}},"27":{"start":{"line":91,"column":4},"end":{"line":91,"column":26}},"28":{"start":{"line":100,"column":4},"end":{"line":100,"column":22}},"29":{"start":{"line":109,"column":4},"end":{"line":109,"column":23}},"30":{"start":{"line":118,"column":4},"end":{"line":118,"column":24}},"31":{"start":{"line":127,"column":4},"end":{"line":127,"column":64}},"32":{"start":{"line":142,"column":4},"end":{"line":150,"column":5}},"33":{"start":{"line":143,"column":6},"end":{"line":147,"column":7}},"34":{"start":{"line":144,"column":8},"end":{"line":144,"column":38}},"35":{"start":{"line":146,"column":8},"end":{"line":146,"column":33}},"36":{"start":{"line":149,"column":6},"end":{"line":149,"column":24}},"37":{"start":{"line":152,"column":4},"end":{"line":153,"column":57}},"38":{"start":{"line":153,"column":6},"end":{"line":153,"column":57}},"39":{"start":{"line":156,"column":4},"end":{"line":157,"column":62}},"40":{"start":{"line":157,"column":6},"end":{"line":157,"column":62}},"41":{"start":{"line":159,"column":4},"end":{"line":160,"column":45}},"42":{"start":{"line":160,"column":6},"end":{"line":160,"column":45}},"43":{"start":{"line":163,"column":4},"end":{"line":164,"column":56}},"44":{"start":{"line":164,"column":6},"end":{"line":164,"column":56}},"45":{"start":{"line":166,"column":4},"end":{"line":171,"column":80}},"46":{"start":{"line":171,"column":6},"end":{"line":171,"column":80}},"47":{"start":{"line":173,"column":4},"end":{"line":193,"column":5}},"48":{"start":{"line":174,"column":18},"end":{"line":174,"column":null}},"49":{"start":{"line":182,"column":20},"end":{"line":182,"column":47}},"50":{"start":{"line":183,"column":6},"end":{"line":190,"column":8}},"51":{"start":{"line":185,"column":40},"end":{"line":185,"column":76}},"52":{"start":{"line":187,"column":48},"end":{"line":187,"column":64}},"53":{"start":{"line":192,"column":6},"end":{"line":192,"column":31}},"54":{"start":{"line":202,"column":4},"end":{"line":209,"column":7}},"55":{"start":{"line":206,"column":50},"end":{"line":206,"column":69}},"56":{"start":{"line":221,"column":4},"end":{"line":221,"column":61}},"57":{"start":{"line":221,"column":35},"end":{"line":221,"column":61}},"58":{"start":{"line":223,"column":20},"end":{"line":223,"column":67}},"59":{"start":{"line":224,"column":4},"end":{"line":224,"column":49}},"60":{"start":{"line":231,"column":4},"end":{"line":231,"column":63}},"61":{"start":{"line":251,"column":4},"end":{"line":252,"column":80}},"62":{"start":{"line":252,"column":6},"end":{"line":252,"column":80}},"63":{"start":{"line":256,"column":4},"end":{"line":256,"column":33}},"64":{"start":{"line":261,"column":26},"end":{"line":261,"column":68}},"65":{"start":{"line":263,"column":18},"end":{"line":263,"column":39}},"66":{"start":{"line":266,"column":32},"end":{"line":266,"column":69}},"67":{"start":{"line":269,"column":4},"end":{"line":272,"column":8}},"68":{"start":{"line":270,"column":6},"end":{"line":272,"column":8}},"69":{"start":{"line":275,"column":22},"end":{"line":276,"column":null}},"70":{"start":{"line":276,"column":17},"end":{"line":276,"column":73}},"71":{"start":{"line":278,"column":4},"end":{"line":295,"column":5}},"72":{"start":{"line":279,"column":6},"end":{"line":279,"column":22}},"73":{"start":{"line":280,"column":6},"end":{"line":294,"column":7}},"74":{"start":{"line":280,"column":19},"end":{"line":280,"column":20}},"75":{"start":{"line":281,"column":8},"end":{"line":285,"column":9}},"76":{"start":{"line":282,"column":10},"end":{"line":282,"column":42}},"77":{"start":{"line":283,"column":10},"end":{"line":283,"column":26}},"78":{"start":{"line":284,"column":10},"end":{"line":284,"column":16}},"79":{"start":{"line":286,"column":8},"end":{"line":293,"column":9}},"80":{"start":{"line":288,"column":10},"end":{"line":292,"column":11}},"81":{"start":{"line":289,"column":12},"end":{"line":289,"column":44}},"82":{"start":{"line":290,"column":12},"end":{"line":290,"column":28}},"83":{"start":{"line":291,"column":12},"end":{"line":291,"column":18}},"84":{"start":{"line":296,"column":4},"end":{"line":299,"column":5}},"85":{"start":{"line":297,"column":6},"end":{"line":297,"column":28}},"86":{"start":{"line":298,"column":6},"end":{"line":298,"column":22}},"87":{"start":{"line":302,"column":17},"end":{"line":307,"column":null}},"88":{"start":{"line":310,"column":25},"end":{"line":316,"column":null}},"89":{"start":{"line":320,"column":27},"end":{"line":324,"column":null}},"90":{"start":{"line":327,"column":4},"end":{"line":340,"column":6}},"91":{"start":{"line":365,"column":4},"end":{"line":369,"column":5}},"92":{"start":{"line":366,"column":6},"end":{"line":368,"column":7}},"93":{"start":{"line":367,"column":8},"end":{"line":367,"column":53}},"94":{"start":{"line":370,"column":26},"end":{"line":370,"column":44}},"95":{"start":{"line":374,"column":25},"end":{"line":374,"column":31}},"96":{"start":{"line":376,"column":4},"end":{"line":388,"column":5}},"97":{"start":{"line":376,"column":17},"end":{"line":376,"column":18}},"98":{"start":{"line":377,"column":6},"end":{"line":387,"column":8}},"99":{"start":{"line":391,"column":4},"end":{"line":391,"column":37}},"100":{"start":{"line":402,"column":4},"end":{"line":404,"column":5}},"101":{"start":{"line":403,"column":6},"end":{"line":403,"column":69}},"102":{"start":{"line":406,"column":6},"end":{"line":406,"column":45}},"103":{"start":{"line":407,"column":4},"end":{"line":407,"column":34}},"104":{"start":{"line":436,"column":4},"end":{"line":440,"column":5}},"105":{"start":{"line":437,"column":6},"end":{"line":437,"column":29}},"106":{"start":{"line":439,"column":6},"end":{"line":439,"column":41}},"107":{"start":{"line":443,"column":32},"end":{"line":443,"column":34}},"108":{"start":{"line":444,"column":4},"end":{"line":446,"column":5}},"109":{"start":{"line":444,"column":17},"end":{"line":444,"column":18}},"110":{"start":{"line":445,"column":6},"end":{"line":445,"column":44}},"111":{"start":{"line":449,"column":27},"end":{"line":449,"column":45}},"112":{"start":{"line":449,"column":42},"end":{"line":449,"column":44}},"113":{"start":{"line":451,"column":4},"end":{"line":479,"column":5}},"114":{"start":{"line":451,"column":17},"end":{"line":451,"column":32}},"115":{"start":{"line":456,"column":20},"end":{"line":456,"column":35}},"116":{"start":{"line":458,"column":8},"end":{"line":458,"column":61}},"117":{"start":{"line":460,"column":19},"end":{"line":460,"column":21}},"118":{"start":{"line":461,"column":6},"end":{"line":478,"column":7}},"119":{"start":{"line":462,"column":8},"end":{"line":462,"column":35}},"120":{"start":{"line":464,"column":8},"end":{"line":468,"column":10}},"121":{"start":{"line":471,"column":8},"end":{"line":477,"column":10}},"122":{"start":{"line":481,"column":4},"end":{"line":486,"column":6}},"123":{"start":{"line":521,"column":14},"end":{"line":521,"column":30}},"124":{"start":{"line":522,"column":14},"end":{"line":522,"column":21}},"125":{"start":{"line":524,"column":6},"end":{"line":527,"column":40}},"126":{"start":{"line":529,"column":6},"end":{"line":532,"column":40}},"127":{"start":{"line":533,"column":4},"end":{"line":537,"column":5}},"128":{"start":{"line":534,"column":6},"end":{"line":536,"column":8}},"129":{"start":{"line":538,"column":4},"end":{"line":551,"column":5}},"130":{"start":{"line":539,"column":6},"end":{"line":550,"column":8}},"131":{"start":{"line":552,"column":4},"end":{"line":571,"column":5}},"132":{"start":{"line":557,"column":6},"end":{"line":570,"column":8}},"133":{"start":{"line":572,"column":4},"end":{"line":574,"column":6}},"134":{"start":{"line":15,"column":0},"end":{"line":15,"column":13}},"135":{"start":{"line":591,"column":2},"end":{"line":591,"column":61}},"136":{"start":{"line":591,"column":39},"end":{"line":591,"column":61}},"137":{"start":{"line":592,"column":2},"end":{"line":592,"column":32}},"138":{"start":{"line":592,"column":12},"end":{"line":592,"column":32}},"139":{"start":{"line":595,"column":2},"end":{"line":596,"column":35}},"140":{"start":{"line":596,"column":4},"end":{"line":596,"column":35}},"141":{"start":{"line":599,"column":2},"end":{"line":605,"column":3}},"142":{"start":{"line":600,"column":4},"end":{"line":602,"column":5}},"143":{"start":{"line":601,"column":6},"end":{"line":601,"column":29}},"144":{"start":{"line":604,"column":4},"end":{"line":604,"column":80}},"145":{"start":{"line":589,"column":0},"end":{"line":589,"column":16}},"146":{"start":{"line":616,"column":37},"end":{"line":616,"column":39}},"147":{"start":{"line":617,"column":2},"end":{"line":619,"column":3}},"148":{"start":{"line":618,"column":4},"end":{"line":618,"column":50}},"149":{"start":{"line":620,"column":2},"end":{"line":620,"column":26}},"150":{"start":{"line":615,"column":0},"end":{"line":615,"column":16}},"151":{"start":{"line":633,"column":2},"end":{"line":635,"column":3}},"152":{"start":{"line":634,"column":4},"end":{"line":634,"column":30}},"153":{"start":{"line":637,"column":2},"end":{"line":639,"column":3}},"154":{"start":{"line":638,"column":4},"end":{"line":638,"column":27}},"155":{"start":{"line":632,"column":0},"end":{"line":632,"column":16}},"156":{"start":{"line":649,"column":2},"end":{"line":654,"column":5}},"157":{"start":{"line":650,"column":4},"end":{"line":652,"column":5}},"158":{"start":{"line":651,"column":6},"end":{"line":651,"column":32}},"159":{"start":{"line":653,"column":4},"end":{"line":653,"column":30}},"160":{"start":{"line":648,"column":0},"end":{"line":648,"column":16}}},"fnMap":{"0":{"name":"(anonymous_6)","decl":{"start":{"line":33,"column":2},"end":{"line":33,"column":null}},"loc":{"start":{"line":39,"column":28},"end":{"line":65,"column":3}}},"1":{"name":"(anonymous_7)","decl":{"start":{"line":72,"column":2},"end":{"line":72,"column":9}},"loc":{"start":{"line":72,"column":9},"end":{"line":74,"column":3}}},"2":{"name":"(anonymous_8)","decl":{"start":{"line":81,"column":2},"end":{"line":81,"column":14}},"loc":{"start":{"line":81,"column":14},"end":{"line":83,"column":3}}},"3":{"name":"(anonymous_9)","decl":{"start":{"line":90,"column":2},"end":{"line":90,"column":14}},"loc":{"start":{"line":90,"column":14},"end":{"line":92,"column":3}}},"4":{"name":"(anonymous_10)","decl":{"start":{"line":99,"column":2},"end":{"line":99,"column":10}},"loc":{"start":{"line":99,"column":10},"end":{"line":101,"column":3}}},"5":{"name":"(anonymous_11)","decl":{"start":{"line":108,"column":2},"end":{"line":108,"column":11}},"loc":{"start":{"line":108,"column":11},"end":{"line":110,"column":3}}},"6":{"name":"(anonymous_12)","decl":{"start":{"line":117,"column":2},"end":{"line":117,"column":12}},"loc":{"start":{"line":117,"column":12},"end":{"line":119,"column":3}}},"7":{"name":"(anonymous_13)","decl":{"start":{"line":126,"column":2},"end":{"line":126,"column":6}},"loc":{"start":{"line":126,"column":19},"end":{"line":128,"column":3}}},"8":{"name":"(anonymous_14)","decl":{"start":{"line":140,"column":2},"end":{"line":140,"column":8}},"loc":{"start":{"line":140,"column":45},"end":{"line":194,"column":3}}},"9":{"name":"(anonymous_15)","decl":{"start":{"line":185,"column":21},"end":{"line":185,"column":22}},"loc":{"start":{"line":185,"column":40},"end":{"line":185,"column":76}}},"10":{"name":"(anonymous_16)","decl":{"start":{"line":187,"column":26},"end":{"line":187,"column":27}},"loc":{"start":{"line":187,"column":48},"end":{"line":187,"column":64}}},"11":{"name":"(anonymous_17)","decl":{"start":{"line":201,"column":2},"end":{"line":201,"column":14}},"loc":{"start":{"line":201,"column":14},"end":{"line":210,"column":3}}},"12":{"name":"(anonymous_18)","decl":{"start":{"line":206,"column":36},"end":{"line":206,"column":37}},"loc":{"start":{"line":206,"column":50},"end":{"line":206,"column":69}}},"13":{"name":"(anonymous_19)","decl":{"start":{"line":219,"column":2},"end":{"line":219,"column":8}},"loc":{"start":{"line":219,"column":34},"end":{"line":225,"column":3}}},"14":{"name":"(anonymous_20)","decl":{"start":{"line":230,"column":2},"end":{"line":230,"column":10}},"loc":{"start":{"line":230,"column":10},"end":{"line":232,"column":3}}},"15":{"name":"(anonymous_21)","decl":{"start":{"line":244,"column":2},"end":{"line":244,"column":8}},"loc":{"start":{"line":249,"column":28},"end":{"line":341,"column":3}}},"16":{"name":"(anonymous_22)","decl":{"start":{"line":276,"column":6},"end":{"line":276,"column":7}},"loc":{"start":{"line":276,"column":17},"end":{"line":276,"column":73}}},"17":{"name":"(anonymous_23)","decl":{"start":{"line":358,"column":2},"end":{"line":358,"column":8}},"loc":{"start":{"line":358,"column":8},"end":{"line":392,"column":3}}},"18":{"name":"(anonymous_24)","decl":{"start":{"line":400,"column":2},"end":{"line":400,"column":8}},"loc":{"start":{"line":400,"column":33},"end":{"line":408,"column":3}}},"19":{"name":"(anonymous_25)","decl":{"start":{"line":422,"column":10},"end":{"line":422,"column":16}},"loc":{"start":{"line":428,"column":28},"end":{"line":487,"column":3}}},"20":{"name":"(anonymous_26)","decl":{"start":{"line":449,"column":36},"end":{"line":449,"column":39}},"loc":{"start":{"line":449,"column":42},"end":{"line":449,"column":44}}},"21":{"name":"(anonymous_27)","decl":{"start":{"line":509,"column":10},"end":{"line":509,"column":16}},"loc":{"start":{"line":519,"column":28},"end":{"line":575,"column":3}}},"22":{"name":"checkRing","decl":{"start":{"line":589,"column":16},"end":{"line":589,"column":25}},"loc":{"start":{"line":589,"column":71},"end":{"line":606,"column":1}}},"23":{"name":"serializeRing","decl":{"start":{"line":615,"column":16},"end":{"line":615,"column":29}},"loc":{"start":{"line":615,"column":43},"end":{"line":621,"column":1}}},"24":{"name":"checkPoint","decl":{"start":{"line":632,"column":16},"end":{"line":632,"column":26}},"loc":{"start":{"line":632,"column":54},"end":{"line":640,"column":1}}},"25":{"name":"sortRing","decl":{"start":{"line":648,"column":16},"end":{"line":648,"column":24}},"loc":{"start":{"line":648,"column":38},"end":{"line":655,"column":1}}},"26":{"name":"(anonymous_32)","decl":{"start":{"line":649,"column":19},"end":{"line":649,"column":20}},"loc":{"start":{"line":649,"column":28},"end":{"line":654,"column":3}}}},"branchMap":{"0":{"loc":{"start":{"line":41,"column":4},"end":{"line":41,"column":49}},"type":"if","locations":[{"start":{"line":41,"column":4},"end":{"line":41,"column":49}}]},"1":{"loc":{"start":{"line":43,"column":4},"end":{"line":44,"column":52}},"type":"if","locations":[{"start":{"line":43,"column":4},"end":{"line":44,"column":52}}]},"2":{"loc":{"start":{"line":46,"column":4},"end":{"line":46,"column":65}},"type":"if","locations":[{"start":{"line":46,"column":4},"end":{"line":46,"column":65}}]},"3":{"loc":{"start":{"line":49,"column":4},"end":{"line":50,"column":58}},"type":"if","locations":[{"start":{"line":49,"column":4},"end":{"line":50,"column":58}}]},"4":{"loc":{"start":{"line":49,"column":8},"end":{"line":49,"column":44}},"type":"binary-expr","locations":[{"start":{"line":49,"column":8},"end":{"line":49,"column":14}},{"start":{"line":49,"column":18},"end":{"line":49,"column":44}}]},"5":{"loc":{"start":{"line":56,"column":6},"end":{"line":56,"column":77}},"type":"if","locations":[{"start":{"line":56,"column":6},"end":{"line":56,"column":77}}]},"6":{"loc":{"start":{"line":56,"column":10},"end":{"line":56,"column":48}},"type":"binary-expr","locations":[{"start":{"line":56,"column":10},"end":{"line":56,"column":29}},{"start":{"line":56,"column":33},"end":{"line":56,"column":48}}]},"7":{"loc":{"start":{"line":142,"column":4},"end":{"line":150,"column":5}},"type":"if","locations":[{"start":{"line":142,"column":4},"end":{"line":150,"column":5}},{"start":{"line":148,"column":11},"end":{"line":150,"column":5}}]},"8":{"loc":{"start":{"line":152,"column":4},"end":{"line":153,"column":57}},"type":"if","locations":[{"start":{"line":152,"column":4},"end":{"line":153,"column":57}}]},"9":{"loc":{"start":{"line":156,"column":4},"end":{"line":157,"column":62}},"type":"if","locations":[{"start":{"line":156,"column":4},"end":{"line":157,"column":62}}]},"10":{"loc":{"start":{"line":156,"column":8},"end":{"line":156,"column":76}},"type":"binary-expr","locations":[{"start":{"line":156,"column":8},"end":{"line":156,"column":40}},{"start":{"line":156,"column":44},"end":{"line":156,"column":76}}]},"11":{"loc":{"start":{"line":159,"column":4},"end":{"line":160,"column":45}},"type":"if","locations":[{"start":{"line":159,"column":4},"end":{"line":160,"column":45}}]},"12":{"loc":{"start":{"line":163,"column":4},"end":{"line":164,"column":56}},"type":"if","locations":[{"start":{"line":163,"column":4},"end":{"line":164,"column":56}}]},"13":{"loc":{"start":{"line":163,"column":8},"end":{"line":163,"column":66}},"type":"binary-expr","locations":[{"start":{"line":163,"column":8},"end":{"line":163,"column":25}},{"start":{"line":163,"column":29},"end":{"line":163,"column":66}}]},"14":{"loc":{"start":{"line":166,"column":4},"end":{"line":171,"column":80}},"type":"if","locations":[{"start":{"line":166,"column":4},"end":{"line":171,"column":80}}]},"15":{"loc":{"start":{"line":167,"column":6},"end":{"line":169,"column":67}},"type":"binary-expr","locations":[{"start":{"line":167,"column":6},"end":{"line":167,"column":23}},{"start":{"line":168,"column":6},"end":{"line":168,"column":28}},{"start":{"line":169,"column":6},"end":{"line":169,"column":67}}]},"16":{"loc":{"start":{"line":221,"column":4},"end":{"line":221,"column":61}},"type":"if","locations":[{"start":{"line":221,"column":4},"end":{"line":221,"column":61}}]},"17":{"loc":{"start":{"line":251,"column":4},"end":{"line":252,"column":80}},"type":"if","locations":[{"start":{"line":251,"column":4},"end":{"line":252,"column":80}}]},"18":{"loc":{"start":{"line":251,"column":8},"end":{"line":251,"column":62}},"type":"binary-expr","locations":[{"start":{"line":251,"column":8},"end":{"line":251,"column":31}},{"start":{"line":251,"column":35},"end":{"line":251,"column":62}}]},"19":{"loc":{"start":{"line":269,"column":4},"end":{"line":272,"column":8}},"type":"if","locations":[{"start":{"line":269,"column":4},"end":{"line":272,"column":8}}]},"20":{"loc":{"start":{"line":276,"column":17},"end":{"line":276,"column":73}},"type":"binary-expr","locations":[{"start":{"line":276,"column":17},"end":{"line":276,"column":43}},{"start":{"line":276,"column":47},"end":{"line":276,"column":73}}]},"21":{"loc":{"start":{"line":278,"column":4},"end":{"line":295,"column":5}},"type":"if","locations":[{"start":{"line":278,"column":4},"end":{"line":295,"column":5}}]},"22":{"loc":{"start":{"line":281,"column":8},"end":{"line":285,"column":9}},"type":"if","locations":[{"start":{"line":281,"column":8},"end":{"line":285,"column":9}}]},"23":{"loc":{"start":{"line":286,"column":8},"end":{"line":293,"column":9}},"type":"if","locations":[{"start":{"line":286,"column":8},"end":{"line":293,"column":9}}]},"24":{"loc":{"start":{"line":288,"column":10},"end":{"line":292,"column":11}},"type":"if","locations":[{"start":{"line":288,"column":10},"end":{"line":292,"column":11}}]},"25":{"loc":{"start":{"line":296,"column":4},"end":{"line":299,"column":5}},"type":"if","locations":[{"start":{"line":296,"column":4},"end":{"line":299,"column":5}}]},"26":{"loc":{"start":{"line":366,"column":6},"end":{"line":368,"column":7}},"type":"if","locations":[{"start":{"line":366,"column":6},"end":{"line":368,"column":7}}]},"27":{"loc":{"start":{"line":402,"column":4},"end":{"line":404,"column":5}},"type":"if","locations":[{"start":{"line":402,"column":4},"end":{"line":404,"column":5}}]},"28":{"loc":{"start":{"line":458,"column":8},"end":{"line":458,"column":61}},"type":"cond-expr","locations":[{"start":{"line":458,"column":26},"end":{"line":458,"column":35}},{"start":{"line":458,"column":38},"end":{"line":458,"column":61}}]},"29":{"loc":{"start":{"line":461,"column":6},"end":{"line":478,"column":7}},"type":"if","locations":[{"start":{"line":461,"column":6},"end":{"line":478,"column":7}},{"start":{"line":463,"column":11},"end":{"line":478,"column":7}}]},"30":{"loc":{"start":{"line":524,"column":6},"end":{"line":527,"column":40}},"type":"binary-expr","locations":[{"start":{"line":524,"column":6},"end":{"line":524,"column":18}},{"start":{"line":525,"column":6},"end":{"line":525,"column":36}},{"start":{"line":526,"column":6},"end":{"line":526,"column":36}},{"start":{"line":527,"column":6},"end":{"line":527,"column":40}}]},"31":{"loc":{"start":{"line":529,"column":6},"end":{"line":532,"column":40}},"type":"binary-expr","locations":[{"start":{"line":529,"column":6},"end":{"line":529,"column":19}},{"start":{"line":530,"column":6},"end":{"line":530,"column":36}},{"start":{"line":531,"column":6},"end":{"line":531,"column":36}},{"start":{"line":532,"column":6},"end":{"line":532,"column":40}}]},"32":{"loc":{"start":{"line":533,"column":4},"end":{"line":537,"column":5}},"type":"if","locations":[{"start":{"line":533,"column":4},"end":{"line":537,"column":5}}]},"33":{"loc":{"start":{"line":533,"column":10},"end":{"line":533,"column":60}},"type":"binary-expr","locations":[{"start":{"line":533,"column":10},"end":{"line":533,"column":33}},{"start":{"line":533,"column":37},"end":{"line":533,"column":60}}]},"34":{"loc":{"start":{"line":538,"column":4},"end":{"line":551,"column":5}},"type":"if","locations":[{"start":{"line":538,"column":4},"end":{"line":551,"column":5}}]},"35":{"loc":{"start":{"line":552,"column":4},"end":{"line":571,"column":5}},"type":"if","locations":[{"start":{"line":552,"column":4},"end":{"line":571,"column":5}}]},"36":{"loc":{"start":{"line":553,"column":6},"end":{"line":555,"column":40}},"type":"binary-expr","locations":[{"start":{"line":553,"column":6},"end":{"line":553,"column":22}},{"start":{"line":554,"column":6},"end":{"line":554,"column":22}},{"start":{"line":555,"column":6},"end":{"line":555,"column":40}}]},"37":{"loc":{"start":{"line":589,"column":54},"end":{"line":589,"column":71}},"type":"default-arg","locations":[{"start":{"line":589,"column":66},"end":{"line":589,"column":71}}]},"38":{"loc":{"start":{"line":591,"column":2},"end":{"line":591,"column":61}},"type":"if","locations":[{"start":{"line":591,"column":2},"end":{"line":591,"column":61}}]},"39":{"loc":{"start":{"line":591,"column":6},"end":{"line":591,"column":37}},"type":"binary-expr","locations":[{"start":{"line":591,"column":6},"end":{"line":591,"column":23}},{"start":{"line":591,"column":27},"end":{"line":591,"column":37}}]},"40":{"loc":{"start":{"line":592,"column":2},"end":{"line":592,"column":32}},"type":"if","locations":[{"start":{"line":592,"column":2},"end":{"line":592,"column":32}}]},"41":{"loc":{"start":{"line":595,"column":2},"end":{"line":596,"column":35}},"type":"if","locations":[{"start":{"line":595,"column":2},"end":{"line":596,"column":35}}]},"42":{"loc":{"start":{"line":633,"column":2},"end":{"line":635,"column":3}},"type":"if","locations":[{"start":{"line":633,"column":2},"end":{"line":635,"column":3}}]},"43":{"loc":{"start":{"line":633,"column":6},"end":{"line":633,"column":41}},"type":"binary-expr","locations":[{"start":{"line":633,"column":6},"end":{"line":633,"column":11}},{"start":{"line":633,"column":15},"end":{"line":633,"column":41}}]},"44":{"loc":{"start":{"line":637,"column":2},"end":{"line":639,"column":3}},"type":"if","locations":[{"start":{"line":637,"column":2},"end":{"line":639,"column":3}}]},"45":{"loc":{"start":{"line":650,"column":4},"end":{"line":652,"column":5}},"type":"if","locations":[{"start":{"line":650,"column":4},"end":{"line":652,"column":5}}]},"46":{"loc":{"start":{"line":651,"column":13},"end":{"line":651,"column":31}},"type":"cond-expr","locations":[{"start":{"line":651,"column":25},"end":{"line":651,"column":27}},{"start":{"line":651,"column":30},"end":{"line":651,"column":31}}]},"47":{"loc":{"start":{"line":653,"column":11},"end":{"line":653,"column":29}},"type":"cond-expr","locations":[{"start":{"line":653,"column":23},"end":{"line":653,"column":25}},{"start":{"line":653,"column":28},"end":{"line":653,"column":29}}]}},"s":{"0":29,"1":29,"2":29,"3":29,"4":29,"5":29,"6":29,"7":35,"8":2,"9":33,"10":2,"11":31,"12":0,"13":31,"14":0,"15":31,"16":31,"17":254,"18":4,"19":27,"20":27,"21":27,"22":27,"23":27,"24":27,"25":0,"26":2,"27":2,"28":0,"29":0,"30":0,"31":16,"32":19,"33":7,"34":7,"35":1,"36":12,"37":18,"38":2,"39":16,"40":1,"41":15,"42":0,"43":15,"44":1,"45":14,"46":1,"47":13,"48":13,"49":13,"50":12,"51":117,"52":96,"53":4,"54":9,"55":95,"56":4,"57":1,"58":3,"59":3,"60":3,"61":18,"62":2,"63":16,"64":15,"65":15,"66":15,"67":15,"68":1,"69":14,"70":82,"71":14,"72":6,"73":6,"74":6,"75":30,"76":4,"77":4,"78":4,"79":26,"80":0,"81":0,"82":0,"83":0,"84":14,"85":2,"86":2,"87":14,"88":14,"89":14,"90":14,"91":14,"92":114,"93":0,"94":14,"95":14,"96":14,"97":14,"98":114,"99":14,"100":2,"101":1,"102":2,"103":2,"104":14,"105":14,"106":0,"107":14,"108":14,"109":14,"110":114,"111":14,"112":114,"113":14,"114":14,"115":114,"116":114,"117":114,"118":114,"119":14,"120":100,"121":100,"122":14,"123":228,"124":228,"125":228,"126":228,"127":228,"128":0,"129":228,"130":14,"131":214,"132":214,"133":0,"134":29,"135":66,"136":1,"137":65,"138":0,"139":65,"140":1,"141":64,"142":64,"143":556,"144":3,"145":29,"146":302,"147":302,"148":3108,"149":302,"150":29,"151":559,"152":2,"153":557,"154":3,"155":29,"156":2,"157":45,"158":45,"159":0,"160":29},"f":{"0":35,"1":0,"2":2,"3":2,"4":0,"5":0,"6":0,"7":16,"8":19,"9":117,"10":96,"11":9,"12":95,"13":4,"14":3,"15":18,"16":82,"17":14,"18":2,"19":14,"20":114,"21":228,"22":66,"23":302,"24":559,"25":2,"26":45},"b":{"0":[2],"1":[2],"2":[0],"3":[0],"4":[31,3],"5":[4],"6":[254,253],"7":[7,12],"8":[2],"9":[1],"10":[16,1],"11":[0],"12":[1],"13":[15,3],"14":[1],"15":[14,2,2],"16":[1],"17":[2],"18":[18,16],"19":[1],"20":[82,8],"21":[6],"22":[4],"23":[0],"24":[0],"25":[2],"26":[0],"27":[1],"28":[100,14],"29":[14,100],"30":[228,14,14,14],"31":[228,214,214,214],"32":[0],"33":[228,214],"34":[14],"35":[214],"36":[214,214,214],"37":[50],"38":[1],"39":[66,3],"40":[0],"41":[1],"42":[2],"43":[559,557],"44":[3],"45":[45],"46":[26,19],"47":[0,0]}}
,"/Users/thomashussenet/Documents/cypherLab/Alice-s-Ring-SAG-TS/src/errors/errors.ts": {"path":"/Users/thomashussenet/Documents/cypherLab/Alice-s-Ring-SAG-TS/src/errors/errors.ts","statementMap":{"0":{"start":{"line":1,"column":13},"end":{"line":1,"column":61}},"1":{"start":{"line":2,"column":13},"end":{"line":2,"column":63}},"2":{"start":{"line":4,"column":32},"end":{"line":7,"column":1}},"3":{"start":{"line":5,"column":2},"end":{"line":5,"column":59}},"4":{"start":{"line":5,"column":12},"end":{"line":5,"column":59}},"5":{"start":{"line":6,"column":2},"end":{"line":6,"column":40}},"6":{"start":{"line":4,"column":13},"end":{"line":4,"column":32}},"7":{"start":{"line":14,"column":30},"end":{"line":21,"column":1}},"8":{"start":{"line":15,"column":2},"end":{"line":20,"column":3}},"9":{"start":{"line":16,"column":4},"end":{"line":16,"column":79}},"10":{"start":{"line":16,"column":18},"end":{"line":16,"column":79}},"11":{"start":{"line":17,"column":4},"end":{"line":17,"column":40}},"12":{"start":{"line":19,"column":4},"end":{"line":19,"column":24}},"13":{"start":{"line":14,"column":13},"end":{"line":14,"column":30}},"14":{"start":{"line":23,"column":28},"end":{"line":26,"column":1}},"15":{"start":{"line":24,"column":2},"end":{"line":24,"column":66}},"16":{"start":{"line":24,"column":15},"end":{"line":24,"column":66}},"17":{"start":{"line":25,"column":2},"end":{"line":25,"column":44}},"18":{"start":{"line":23,"column":13},"end":{"line":23,"column":28}},"19":{"start":{"line":34,"column":24},"end":{"line":38,"column":1}},"20":{"start":{"line":35,"column":2},"end":{"line":36,"column":68}},"21":{"start":{"line":36,"column":4},"end":{"line":36,"column":68}},"22":{"start":{"line":37,"column":2},"end":{"line":37,"column":39}},"23":{"start":{"line":34,"column":13},"end":{"line":34,"column":24}},"24":{"start":{"line":44,"column":22},"end":{"line":47,"column":1}},"25":{"start":{"line":45,"column":2},"end":{"line":45,"column":80}},"26":{"start":{"line":45,"column":19},"end":{"line":45,"column":80}},"27":{"start":{"line":46,"column":2},"end":{"line":46,"column":37}},"28":{"start":{"line":44,"column":13},"end":{"line":44,"column":22}},"29":{"start":{"line":50,"column":29},"end":{"line":53,"column":1}},"30":{"start":{"line":51,"column":2},"end":{"line":51,"column":55}},"31":{"start":{"line":51,"column":12},"end":{"line":51,"column":55}},"32":{"start":{"line":52,"column":2},"end":{"line":52,"column":41}},"33":{"start":{"line":50,"column":13},"end":{"line":50,"column":29}},"34":{"start":{"line":54,"column":29},"end":{"line":56,"column":1}},"35":{"start":{"line":55,"column":2},"end":{"line":55,"column":50}},"36":{"start":{"line":54,"column":13},"end":{"line":54,"column":29}},"37":{"start":{"line":57,"column":27},"end":{"line":60,"column":1}},"38":{"start":{"line":58,"column":2},"end":{"line":58,"column":54}},"39":{"start":{"line":58,"column":12},"end":{"line":58,"column":54}},"40":{"start":{"line":59,"column":2},"end":{"line":59,"column":35}},"41":{"start":{"line":57,"column":13},"end":{"line":57,"column":27}},"42":{"start":{"line":61,"column":29},"end":{"line":64,"column":1}},"43":{"start":{"line":62,"column":2},"end":{"line":62,"column":56}},"44":{"start":{"line":62,"column":12},"end":{"line":62,"column":56}},"45":{"start":{"line":63,"column":2},"end":{"line":63,"column":37}},"46":{"start":{"line":61,"column":13},"end":{"line":61,"column":29}},"47":{"start":{"line":67,"column":28},"end":{"line":70,"column":1}},"48":{"start":{"line":68,"column":2},"end":{"line":68,"column":55}},"49":{"start":{"line":68,"column":12},"end":{"line":68,"column":55}},"50":{"start":{"line":69,"column":2},"end":{"line":69,"column":36}},"51":{"start":{"line":67,"column":13},"end":{"line":67,"column":28}},"52":{"start":{"line":71,"column":26},"end":{"line":74,"column":1}},"53":{"start":{"line":72,"column":2},"end":{"line":72,"column":63}},"54":{"start":{"line":72,"column":12},"end":{"line":72,"column":63}},"55":{"start":{"line":73,"column":2},"end":{"line":73,"column":50}},"56":{"start":{"line":71,"column":13},"end":{"line":71,"column":26}},"57":{"start":{"line":75,"column":34},"end":{"line":78,"column":1}},"58":{"start":{"line":76,"column":2},"end":{"line":76,"column":61}},"59":{"start":{"line":76,"column":12},"end":{"line":76,"column":61}},"60":{"start":{"line":77,"column":2},"end":{"line":77,"column":42}},"61":{"start":{"line":75,"column":13},"end":{"line":75,"column":34}},"62":{"start":{"line":81,"column":28},"end":{"line":84,"column":1}},"63":{"start":{"line":82,"column":2},"end":{"line":82,"column":55}},"64":{"start":{"line":82,"column":12},"end":{"line":82,"column":55}},"65":{"start":{"line":83,"column":2},"end":{"line":83,"column":36}},"66":{"start":{"line":81,"column":13},"end":{"line":81,"column":28}},"67":{"start":{"line":85,"column":28},"end":{"line":88,"column":1}},"68":{"start":{"line":86,"column":2},"end":{"line":86,"column":55}},"69":{"start":{"line":86,"column":12},"end":{"line":86,"column":55}},"70":{"start":{"line":87,"column":2},"end":{"line":87,"column":36}},"71":{"start":{"line":85,"column":13},"end":{"line":85,"column":28}},"72":{"start":{"line":89,"column":31},"end":{"line":92,"column":1}},"73":{"start":{"line":90,"column":2},"end":{"line":90,"column":58}},"74":{"start":{"line":90,"column":12},"end":{"line":90,"column":58}},"75":{"start":{"line":91,"column":2},"end":{"line":91,"column":39}},"76":{"start":{"line":89,"column":13},"end":{"line":89,"column":31}},"77":{"start":{"line":93,"column":29},"end":{"line":96,"column":1}},"78":{"start":{"line":94,"column":2},"end":{"line":94,"column":56}},"79":{"start":{"line":94,"column":12},"end":{"line":94,"column":56}},"80":{"start":{"line":95,"column":2},"end":{"line":95,"column":37}},"81":{"start":{"line":93,"column":13},"end":{"line":93,"column":29}},"82":{"start":{"line":99,"column":13},"end":{"line":99,"column":71}},"83":{"start":{"line":100,"column":13},"end":{"line":100,"column":80}},"84":{"start":{"line":103,"column":27},"end":{"line":106,"column":1}},"85":{"start":{"line":104,"column":2},"end":{"line":104,"column":54}},"86":{"start":{"line":104,"column":12},"end":{"line":104,"column":54}},"87":{"start":{"line":105,"column":2},"end":{"line":105,"column":35}},"88":{"start":{"line":103,"column":13},"end":{"line":103,"column":27}}},"fnMap":{"0":{"name":"(anonymous_0)","decl":{"start":{"line":4,"column":32},"end":{"line":4,"column":33}},"loc":{"start":{"line":4,"column":50},"end":{"line":7,"column":1}}},"1":{"name":"(anonymous_1)","decl":{"start":{"line":14,"column":30},"end":{"line":14,"column":31}},"loc":{"start":{"line":14,"column":59},"end":{"line":21,"column":1}}},"2":{"name":"(anonymous_2)","decl":{"start":{"line":23,"column":28},"end":{"line":23,"column":29}},"loc":{"start":{"line":23,"column":49},"end":{"line":26,"column":1}}},"3":{"name":"(anonymous_3)","decl":{"start":{"line":34,"column":24},"end":{"line":34,"column":25}},"loc":{"start":{"line":34,"column":65},"end":{"line":38,"column":1}}},"4":{"name":"(anonymous_4)","decl":{"start":{"line":44,"column":22},"end":{"line":44,"column":23}},"loc":{"start":{"line":44,"column":63},"end":{"line":47,"column":1}}},"5":{"name":"(anonymous_5)","decl":{"start":{"line":50,"column":29},"end":{"line":50,"column":30}},"loc":{"start":{"line":50,"column":47},"end":{"line":53,"column":1}}},"6":{"name":"(anonymous_6)","decl":{"start":{"line":54,"column":29},"end":{"line":54,"column":30}},"loc":{"start":{"line":54,"column":43},"end":{"line":56,"column":1}}},"7":{"name":"(anonymous_7)","decl":{"start":{"line":57,"column":27},"end":{"line":57,"column":28}},"loc":{"start":{"line":57,"column":55},"end":{"line":60,"column":1}}},"8":{"name":"(anonymous_8)","decl":{"start":{"line":61,"column":29},"end":{"line":61,"column":30}},"loc":{"start":{"line":61,"column":47},"end":{"line":64,"column":1}}},"9":{"name":"(anonymous_9)","decl":{"start":{"line":67,"column":28},"end":{"line":67,"column":29}},"loc":{"start":{"line":67,"column":46},"end":{"line":70,"column":1}}},"10":{"name":"(anonymous_10)","decl":{"start":{"line":71,"column":26},"end":{"line":71,"column":27}},"loc":{"start":{"line":71,"column":44},"end":{"line":74,"column":1}}},"11":{"name":"(anonymous_11)","decl":{"start":{"line":75,"column":34},"end":{"line":75,"column":35}},"loc":{"start":{"line":75,"column":52},"end":{"line":78,"column":1}}},"12":{"name":"(anonymous_12)","decl":{"start":{"line":81,"column":28},"end":{"line":81,"column":29}},"loc":{"start":{"line":81,"column":46},"end":{"line":84,"column":1}}},"13":{"name":"(anonymous_13)","decl":{"start":{"line":85,"column":28},"end":{"line":85,"column":29}},"loc":{"start":{"line":85,"column":46},"end":{"line":88,"column":1}}},"14":{"name":"(anonymous_14)","decl":{"start":{"line":89,"column":31},"end":{"line":89,"column":32}},"loc":{"start":{"line":89,"column":49},"end":{"line":92,"column":1}}},"15":{"name":"(anonymous_15)","decl":{"start":{"line":93,"column":29},"end":{"line":93,"column":30}},"loc":{"start":{"line":93,"column":47},"end":{"line":96,"column":1}}},"16":{"name":"(anonymous_16)","decl":{"start":{"line":103,"column":27},"end":{"line":103,"column":28}},"loc":{"start":{"line":103,"column":45},"end":{"line":106,"column":1}}}},"branchMap":{"0":{"loc":{"start":{"line":5,"column":2},"end":{"line":5,"column":59}},"type":"if","locations":[{"start":{"line":5,"column":2},"end":{"line":5,"column":59}}]},"1":{"loc":{"start":{"line":16,"column":4},"end":{"line":16,"column":79}},"type":"if","locations":[{"start":{"line":16,"column":4},"end":{"line":16,"column":79}}]},"2":{"loc":{"start":{"line":16,"column":8},"end":{"line":16,"column":16}},"type":"binary-expr","locations":[{"start":{"line":16,"column":8},"end":{"line":16,"column":10}},{"start":{"line":16,"column":14},"end":{"line":16,"column":16}}]},"3":{"loc":{"start":{"line":24,"column":2},"end":{"line":24,"column":66}},"type":"if","locations":[{"start":{"line":24,"column":2},"end":{"line":24,"column":66}}]},"4":{"loc":{"start":{"line":35,"column":2},"end":{"line":36,"column":68}},"type":"if","locations":[{"start":{"line":35,"column":2},"end":{"line":36,"column":68}}]},"5":{"loc":{"start":{"line":35,"column":6},"end":{"line":35,"column":17}},"type":"binary-expr","locations":[{"start":{"line":35,"column":6},"end":{"line":35,"column":10}},{"start":{"line":35,"column":14},"end":{"line":35,"column":17}}]},"6":{"loc":{"start":{"line":45,"column":2},"end":{"line":45,"column":80}},"type":"if","locations":[{"start":{"line":45,"column":2},"end":{"line":45,"column":80}}]},"7":{"loc":{"start":{"line":45,"column":6},"end":{"line":45,"column":17}},"type":"binary-expr","locations":[{"start":{"line":45,"column":6},"end":{"line":45,"column":10}},{"start":{"line":45,"column":14},"end":{"line":45,"column":17}}]},"8":{"loc":{"start":{"line":51,"column":2},"end":{"line":51,"column":55}},"type":"if","locations":[{"start":{"line":51,"column":2},"end":{"line":51,"column":55}}]},"9":{"loc":{"start":{"line":54,"column":30},"end":{"line":54,"column":39}},"type":"default-arg","locations":[{"start":{"line":54,"column":37},"end":{"line":54,"column":39}}]},"10":{"loc":{"start":{"line":58,"column":2},"end":{"line":58,"column":54}},"type":"if","locations":[{"start":{"line":58,"column":2},"end":{"line":58,"column":54}}]},"11":{"loc":{"start":{"line":62,"column":2},"end":{"line":62,"column":56}},"type":"if","locations":[{"start":{"line":62,"column":2},"end":{"line":62,"column":56}}]},"12":{"loc":{"start":{"line":68,"column":2},"end":{"line":68,"column":55}},"type":"if","locations":[{"start":{"line":68,"column":2},"end":{"line":68,"column":55}}]},"13":{"loc":{"start":{"line":72,"column":2},"end":{"line":72,"column":63}},"type":"if","locations":[{"start":{"line":72,"column":2},"end":{"line":72,"column":63}}]},"14":{"loc":{"start":{"line":76,"column":2},"end":{"line":76,"column":61}},"type":"if","locations":[{"start":{"line":76,"column":2},"end":{"line":76,"column":61}}]},"15":{"loc":{"start":{"line":82,"column":2},"end":{"line":82,"column":55}},"type":"if","locations":[{"start":{"line":82,"column":2},"end":{"line":82,"column":55}}]},"16":{"loc":{"start":{"line":86,"column":2},"end":{"line":86,"column":55}},"type":"if","locations":[{"start":{"line":86,"column":2},"end":{"line":86,"column":55}}]},"17":{"loc":{"start":{"line":90,"column":2},"end":{"line":90,"column":58}},"type":"if","locations":[{"start":{"line":90,"column":2},"end":{"line":90,"column":58}}]},"18":{"loc":{"start":{"line":94,"column":2},"end":{"line":94,"column":56}},"type":"if","locations":[{"start":{"line":94,"column":2},"end":{"line":94,"column":56}}]},"19":{"loc":{"start":{"line":104,"column":2},"end":{"line":104,"column":54}},"type":"if","locations":[{"start":{"line":104,"column":2},"end":{"line":104,"column":54}}]}},"s":{"0":29,"1":29,"2":29,"3":0,"4":0,"5":0,"6":29,"7":29,"8":4,"9":4,"10":4,"11":0,"12":0,"13":29,"14":29,"15":1,"16":1,"17":0,"18":29,"19":29,"20":0,"21":0,"22":0,"23":29,"24":29,"25":0,"26":0,"27":0,"28":29,"29":29,"30":8,"31":4,"32":4,"33":29,"34":29,"35":0,"36":29,"37":29,"38":15,"39":15,"40":0,"41":29,"42":29,"43":2,"44":0,"45":2,"46":29,"47":29,"48":4,"49":4,"50":0,"51":29,"52":29,"53":15,"54":11,"55":4,"56":29,"57":29,"58":0,"59":0,"60":0,"61":29,"62":29,"63":7,"64":7,"65":0,"66":29,"67":29,"68":0,"69":0,"70":0,"71":29,"72":29,"73":0,"74":0,"75":0,"76":29,"77":29,"78":3,"79":0,"80":3,"81":29,"82":29,"83":29,"84":29,"85":2,"86":2,"87":0,"88":29},"f":{"0":0,"1":4,"2":1,"3":0,"4":0,"5":8,"6":0,"7":15,"8":2,"9":4,"10":15,"11":0,"12":7,"13":0,"14":0,"15":3,"16":2},"b":{"0":[0],"1":[4],"2":[4,4],"3":[1],"4":[0],"5":[0,0],"6":[0],"7":[0,0],"8":[4],"9":[0],"10":[15],"11":[0],"12":[4],"13":[11],"14":[0],"15":[7],"16":[0],"17":[0],"18":[0],"19":[2]}}
,"/Users/thomashussenet/Documents/cypherLab/Alice-s-Ring-SAG-TS/src/errors/index.ts": {"path":"/Users/thomashussenet/Documents/cypherLab/Alice-s-Ring-SAG-TS/src/errors/index.ts","statementMap":{"0":{"start":{"line":1,"column":0},"end":{"line":1,"column":25}}},"fnMap":{},"branchMap":{},"s":{"0":29},"f":{},"b":{}}
,"/Users/thomashussenet/Documents/cypherLab/Alice-s-Ring-SAG-TS/src/signature/piSignature.ts": {"path":"/Users/thomashussenet/Documents/cypherLab/Alice-s-Ring-SAG-TS/src/signature/piSignature.ts","statementMap":{"0":{"start":{"line":6,"column":0},"end":{"line":6,"column":34}},"1":{"start":{"line":8,"column":0},"end":{"line":8,"column":42}},"2":{"start":{"line":28,"column":2},"end":{"line":35,"column":26}},"3":{"start":{"line":35,"column":4},"end":{"line":35,"column":26}},"4":{"start":{"line":37,"column":2},"end":{"line":37,"column":52}},"5":{"start":{"line":22,"column":0},"end":{"line":22,"column":16}}},"fnMap":{"0":{"name":"piSignature","decl":{"start":{"line":22,"column":16},"end":{"line":22,"column":27}},"loc":{"start":{"line":26,"column":14},"end":{"line":38,"column":1}}}},"branchMap":{"0":{"loc":{"start":{"line":28,"column":2},"end":{"line":35,"column":26}},"type":"if","locations":[{"start":{"line":28,"column":2},"end":{"line":35,"column":26}}]},"1":{"loc":{"start":{"line":29,"column":4},"end":{"line":33,"column":28}},"type":"binary-expr","locations":[{"start":{"line":29,"column":4},"end":{"line":29,"column":23}},{"start":{"line":30,"column":4},"end":{"line":30,"column":31}},{"start":{"line":31,"column":4},"end":{"line":31,"column":16}},{"start":{"line":32,"column":4},"end":{"line":32,"column":20}},{"start":{"line":33,"column":4},"end":{"line":33,"column":28}}]}},"s":{"0":29,"1":29,"2":17,"3":2,"4":15,"5":29},"f":{"0":17},"b":{"0":[2],"1":[17,16,15,15,15]}}
,"/Users/thomashussenet/Documents/cypherLab/Alice-s-Ring-SAG-TS/src/signature/schnorrSignature.ts": {"path":"/Users/thomashussenet/Documents/cypherLab/Alice-s-Ring-SAG-TS/src/signature/schnorrSignature.ts","statementMap":{"0":{"start":{"line":6,"column":0},"end":{"line":6,"column":54}},"1":{"start":{"line":8,"column":0},"end":{"line":8,"column":48}},"2":{"start":{"line":31,"column":2},"end":{"line":32,"column":43}},"3":{"start":{"line":32,"column":4},"end":{"line":32,"column":43}},"4":{"start":{"line":33,"column":2},"end":{"line":33,"column":44}},"5":{"start":{"line":33,"column":14},"end":{"line":33,"column":44}},"6":{"start":{"line":35,"column":12},"end":{"line":47,"column":null}},"7":{"start":{"line":50,"column":12},"end":{"line":50,"column":54}},"8":{"start":{"line":52,"column":2},"end":{"line":52,"column":42}},"9":{"start":{"line":23,"column":0},"end":{"line":23,"column":16}},"10":{"start":{"line":75,"column":2},"end":{"line":81,"column":41}},"11":{"start":{"line":81,"column":4},"end":{"line":81,"column":41}},"12":{"start":{"line":83,"column":2},"end":{"line":85,"column":3}},"13":{"start":{"line":84,"column":4},"end":{"line":84,"column":56}},"14":{"start":{"line":87,"column":2},"end":{"line":88,"column":53}},"15":{"start":{"line":88,"column":4},"end":{"line":88,"column":53}},"16":{"start":{"line":90,"column":19},"end":{"line":90,"column":35}},"17":{"start":{"line":92,"column":16},"end":{"line":92,"column":71}},"18":{"start":{"line":94,"column":12},"end":{"line":104,"column":null}},"19":{"start":{"line":107,"column":2},"end":{"line":107,"column":27}},"20":{"start":{"line":67,"column":0},"end":{"line":67,"column":16}}},"fnMap":{"0":{"name":"schnorrSignature","decl":{"start":{"line":23,"column":16},"end":{"line":23,"column":32}},"loc":{"start":{"line":29,"column":21},"end":{"line":53,"column":1}}},"1":{"name":"verifySchnorrSignature","decl":{"start":{"line":67,"column":16},"end":{"line":67,"column":38}},"loc":{"start":{"line":73,"column":21},"end":{"line":108,"column":1}}}},"branchMap":{"0":{"loc":{"start":{"line":29,"column":2},"end":{"line":29,"column":21}},"type":"default-arg","locations":[{"start":{"line":29,"column":17},"end":{"line":29,"column":21}}]},"1":{"loc":{"start":{"line":31,"column":2},"end":{"line":32,"column":43}},"type":"if","locations":[{"start":{"line":31,"column":2},"end":{"line":32,"column":43}}]},"2":{"loc":{"start":{"line":31,"column":6},"end":{"line":31,"column":52}},"type":"binary-expr","locations":[{"start":{"line":31,"column":6},"end":{"line":31,"column":24}},{"start":{"line":31,"column":28},"end":{"line":31,"column":52}}]},"3":{"loc":{"start":{"line":33,"column":2},"end":{"line":33,"column":44}},"type":"if","locations":[{"start":{"line":33,"column":2},"end":{"line":33,"column":44}}]},"4":{"loc":{"start":{"line":39,"column":11},"end":{"line":41,"column":16}},"type":"cond-expr","locations":[{"start":{"line":40,"column":14},"end":{"line":40,"column":65}},{"start":{"line":41,"column":14},"end":{"line":41,"column":16}}]},"5":{"loc":{"start":{"line":73,"column":2},"end":{"line":73,"column":21}},"type":"default-arg","locations":[{"start":{"line":73,"column":17},"end":{"line":73,"column":21}}]},"6":{"loc":{"start":{"line":75,"column":2},"end":{"line":81,"column":41}},"type":"if","locations":[{"start":{"line":75,"column":2},"end":{"line":81,"column":41}}]},"7":{"loc":{"start":{"line":76,"column":4},"end":{"line":79,"column":26}},"type":"binary-expr","locations":[{"start":{"line":76,"column":4},"end":{"line":76,"column":20}},{"start":{"line":77,"column":4},"end":{"line":77,"column":26}},{"start":{"line":78,"column":4},"end":{"line":78,"column":20}},{"start":{"line":79,"column":4},"end":{"line":79,"column":26}}]},"8":{"loc":{"start":{"line":83,"column":2},"end":{"line":85,"column":3}},"type":"if","locations":[{"start":{"line":83,"column":2},"end":{"line":85,"column":3}}]},"9":{"loc":{"start":{"line":87,"column":2},"end":{"line":88,"column":53}},"type":"if","locations":[{"start":{"line":87,"column":2},"end":{"line":88,"column":53}}]},"10":{"loc":{"start":{"line":98,"column":11},"end":{"line":98,"column":60}},"type":"cond-expr","locations":[{"start":{"line":98,"column":26},"end":{"line":98,"column":55}},{"start":{"line":98,"column":58},"end":{"line":98,"column":60}}]}},"s":{"0":29,"1":29,"2":0,"3":0,"4":0,"5":0,"6":0,"7":0,"8":0,"9":29,"10":2,"11":0,"12":2,"13":0,"14":2,"15":0,"16":2,"17":2,"18":2,"19":2,"20":29},"f":{"0":0,"1":2},"b":{"0":[0],"1":[0],"2":[0,0],"3":[0],"4":[0,0],"5":[0],"6":[0],"7":[2,2,2,2],"8":[0],"9":[0],"10":[2,0]}}
,"/Users/thomashussenet/Documents/cypherLab/Alice-s-Ring-SAG-TS/src/utils/base64.ts": {"path":"/Users/thomashussenet/Documents/cypherLab/Alice-s-Ring-SAG-TS/src/utils/base64.ts","statementMap":{"0":{"start":{"line":1,"column":13},"end":{"line":3,"column":72}}},"fnMap":{},"branchMap":{},"s":{"0":29},"f":{},"b":{}}
,"/Users/thomashussenet/Documents/cypherLab/Alice-s-Ring-SAG-TS/src/utils/hashFunction.ts": {"path":"/Users/thomashussenet/Documents/cypherLab/Alice-s-Ring-SAG-TS/src/utils/hashFunction.ts","statementMap":{"0":{"start":{"line":1,"column":0},"end":{"line":1,"column":61}},"1":{"start":{"line":2,"column":0},"end":{"line":2,"column":46}},"2":{"start":{"line":4,"column":0},"end":{"line":4,"column":null}},"3":{"start":{"line":5,"column":2},"end":{"line":5,"column":null}},"4":{"start":{"line":6,"column":2},"end":{"line":6,"column":null}},"5":{"start":{"line":18,"column":2},"end":{"line":18,"column":41}},"6":{"start":{"line":18,"column":12},"end":{"line":18,"column":41}},"7":{"start":{"line":19,"column":2},"end":{"line":29,"column":3}},"8":{"start":{"line":21,"column":6},"end":{"line":21,"column":30}},"9":{"start":{"line":24,"column":6},"end":{"line":24,"column":27}},"10":{"start":{"line":27,"column":6},"end":{"line":27,"column":55}},"11":{"start":{"line":17,"column":0},"end":{"line":17,"column":16}},"12":{"start":{"line":40,"column":2},"end":{"line":40,"column":55}},"13":{"start":{"line":39,"column":0},"end":{"line":39,"column":16}},"14":{"start":{"line":51,"column":2},"end":{"line":51,"column":52}},"15":{"start":{"line":50,"column":0},"end":{"line":50,"column":16}}},"fnMap":{"0":{"name":"(anonymous_0)","decl":{"start":{"line":4,"column":0},"end":{"line":4,"column":12}},"loc":{"start":{"line":4,"column":24},"end":{"line":7,"column":1}}},"1":{"name":"hash","decl":{"start":{"line":17,"column":16},"end":{"line":17,"column":20}},"loc":{"start":{"line":17,"column":53},"end":{"line":30,"column":1}}},"2":{"name":"keccak_256","decl":{"start":{"line":39,"column":16},"end":{"line":39,"column":26}},"loc":{"start":{"line":39,"column":40},"end":{"line":41,"column":1}}},"3":{"name":"sha_512","decl":{"start":{"line":50,"column":16},"end":{"line":50,"column":23}},"loc":{"start":{"line":50,"column":37},"end":{"line":52,"column":1}}}},"branchMap":{"0":{"loc":{"start":{"line":4,"column":12},"end":{"line":4,"column":null}},"type":"binary-expr","locations":[{"start":{"line":4,"column":12},"end":{"line":4,"column":24}},{"start":{"line":4,"column":24},"end":{"line":4,"column":null}}]},"1":{"loc":{"start":{"line":18,"column":2},"end":{"line":18,"column":41}},"type":"if","locations":[{"start":{"line":18,"column":2},"end":{"line":18,"column":41}}]},"2":{"loc":{"start":{"line":19,"column":2},"end":{"line":29,"column":3}},"type":"switch","locations":[{"start":{"line":20,"column":4},"end":{"line":22,"column":5}},{"start":{"line":23,"column":4},"end":{"line":25,"column":5}},{"start":{"line":26,"column":4},"end":{"line":28,"column":5}}]}},"s":{"0":29,"1":29,"2":29,"3":29,"4":29,"5":492,"6":444,"7":492,"8":444,"9":48,"10":0,"11":29,"12":444,"13":29,"14":48,"15":29},"f":{"0":29,"1":492,"2":444,"3":48},"b":{"0":[29,29],"1":[444],"2":[444,48,0]}}
,"/Users/thomashussenet/Documents/cypherLab/Alice-s-Ring-SAG-TS/src/utils/index.ts": {"path":"/Users/thomashussenet/Documents/cypherLab/Alice-s-Ring-SAG-TS/src/utils/index.ts","statementMap":{"0":{"start":{"line":1,"column":0},"end":{"line":1,"column":9}},"1":{"start":{"line":1,"column":9},"end":{"line":1,"column":47}},"2":{"start":{"line":2,"column":0},"end":{"line":2,"column":9}},"3":{"start":{"line":2,"column":9},"end":{"line":2,"column":34}},"4":{"start":{"line":3,"column":0},"end":{"line":3,"column":9}},"5":{"start":{"line":3,"column":9},"end":{"line":3,"column":21}},"6":{"start":{"line":3,"column":21},"end":{"line":3,"column":27}},"7":{"start":{"line":3,"column":27},"end":{"line":3,"column":59}},"8":{"start":{"line":4,"column":0},"end":{"line":4,"column":9}},"9":{"start":{"line":4,"column":9},"end":{"line":4,"column":39}}},"fnMap":{"0":{"name":"(anonymous_0)","decl":{"start":{"line":1,"column":9},"end":{"line":1,"column":21}},"loc":{"start":{"line":1,"column":9},"end":{"line":1,"column":47}}},"1":{"name":"(anonymous_1)","decl":{"start":{"line":2,"column":9},"end":{"line":2,"column":15}},"loc":{"start":{"line":2,"column":9},"end":{"line":2,"column":34}}},"2":{"name":"(anonymous_2)","decl":{"start":{"line":3,"column":9},"end":{"line":3,"column":19}},"loc":{"start":{"line":3,"column":9},"end":{"line":3,"column":21}}},"3":{"name":"(anonymous_3)","decl":{"start":{"line":3,"column":21},"end":{"line":3,"column":25}},"loc":{"start":{"line":3,"column":21},"end":{"line":3,"column":27}}},"4":{"name":"(anonymous_4)","decl":{"start":{"line":3,"column":27},"end":{"line":3,"column":34}},"loc":{"start":{"line":3,"column":27},"end":{"line":3,"column":59}}},"5":{"name":"(anonymous_5)","decl":{"start":{"line":4,"column":9},"end":{"line":4,"column":20}},"loc":{"start":{"line":4,"column":9},"end":{"line":4,"column":39}}}},"branchMap":{},"s":{"0":29,"1":158,"2":29,"3":3576,"4":29,"5":29,"6":521,"7":29,"8":29,"9":35},"f":{"0":129,"1":3547,"2":0,"3":492,"4":0,"5":6},"b":{}}
,"/Users/thomashussenet/Documents/cypherLab/Alice-s-Ring-SAG-TS/src/utils/isRingSorted.ts": {"path":"/Users/thomashussenet/Documents/cypherLab/Alice-s-Ring-SAG-TS/src/utils/isRingSorted.ts","statementMap":{"0":{"start":{"line":12,"column":2},"end":{"line":27,"column":3}},"1":{"start":{"line":12,"column":15},"end":{"line":12,"column":16}},"2":{"start":{"line":14,"column":4},"end":{"line":16,"column":5}},"3":{"start":{"line":15,"column":6},"end":{"line":15,"column":19}},"4":{"start":{"line":18,"column":4},"end":{"line":23,"column":5}},"5":{"start":{"line":20,"column":6},"end":{"line":22,"column":7}},"6":{"start":{"line":21,"column":8},"end":{"line":21,"column":21}},"7":{"start":{"line":24,"column":4},"end":{"line":26,"column":5}},"8":{"start":{"line":25,"column":6},"end":{"line":25,"column":62}},"9":{"start":{"line":29,"column":2},"end":{"line":29,"column":14}},"10":{"start":{"line":11,"column":0},"end":{"line":11,"column":16}}},"fnMap":{"0":{"name":"isRingSorted","decl":{"start":{"line":11,"column":16},"end":{"line":11,"column":28}},"loc":{"start":{"line":11,"column":44},"end":{"line":30,"column":1}}}},"branchMap":{"0":{"loc":{"start":{"line":14,"column":4},"end":{"line":16,"column":5}},"type":"if","locations":[{"start":{"line":14,"column":4},"end":{"line":16,"column":5}}]},"1":{"loc":{"start":{"line":18,"column":4},"end":{"line":23,"column":5}},"type":"if","locations":[{"start":{"line":18,"column":4},"end":{"line":23,"column":5}}]},"2":{"loc":{"start":{"line":20,"column":6},"end":{"line":22,"column":7}},"type":"if","locations":[{"start":{"line":20,"column":6},"end":{"line":22,"column":7}}]},"3":{"loc":{"start":{"line":24,"column":4},"end":{"line":26,"column":5}},"type":"if","locations":[{"start":{"line":24,"column":4},"end":{"line":26,"column":5}}]},"4":{"loc":{"start":{"line":24,"column":8},"end":{"line":24,"column":74}},"type":"binary-expr","locations":[{"start":{"line":24,"column":8},"end":{"line":24,"column":39}},{"start":{"line":24,"column":43},"end":{"line":24,"column":74}}]}},"s":{"0":21,"1":21,"2":147,"3":3,"4":144,"5":0,"6":0,"7":144,"8":0,"9":18,"10":29},"f":{"0":21},"b":{"0":[3],"1":[0],"2":[0],"3":[0],"4":[144,0]}}
,"/Users/thomashussenet/Documents/cypherLab/Alice-s-Ring-SAG-TS/src/utils/modulo.ts": {"path":"/Users/thomashussenet/Documents/cypherLab/Alice-s-Ring-SAG-TS/src/utils/modulo.ts","statementMap":{"0":{"start":{"line":9,"column":17},"end":{"line":9,"column":22}},"1":{"start":{"line":10,"column":2},"end":{"line":10,"column":44}},"2":{"start":{"line":8,"column":0},"end":{"line":8,"column":16}}},"fnMap":{"0":{"name":"modulo","decl":{"start":{"line":8,"column":16},"end":{"line":8,"column":22}},"loc":{"start":{"line":8,"column":43},"end":{"line":11,"column":1}}}},"branchMap":{"0":{"loc":{"start":{"line":10,"column":9},"end":{"line":10,"column":43}},"type":"cond-expr","locations":[{"start":{"line":10,"column":24},"end":{"line":10,"column":30}},{"start":{"line":10,"column":33},"end":{"line":10,"column":43}}]}},"s":{"0":3547,"1":3547,"2":29},"f":{"0":3547},"b":{"0":[3526,21]}}
,"/Users/thomashussenet/Documents/cypherLab/Alice-s-Ring-SAG-TS/src/utils/randomNumbers.ts": {"path":"/Users/thomashussenet/Documents/cypherLab/Alice-s-Ring-SAG-TS/src/utils/randomNumbers.ts","statementMap":{"0":{"start":{"line":2,"column":0},"end":{"line":2,"column":37}},"1":{"start":{"line":4,"column":0},"end":{"line":13,"column":1}},"2":{"start":{"line":9,"column":2},"end":{"line":9,"column":46}},"3":{"start":{"line":12,"column":2},"end":{"line":12,"column":57}},"4":{"start":{"line":22,"column":2},"end":{"line":24,"column":3}},"5":{"start":{"line":23,"column":4},"end":{"line":23,"column":31}},"6":{"start":{"line":27,"column":19},"end":{"line":27,"column":53}},"7":{"start":{"line":29,"column":2},"end":{"line":37,"column":3}},"8":{"start":{"line":30,"column":18},"end":{"line":30,"column":39}},"9":{"start":{"line":31,"column":22},"end":{"line":31,"column":43}},"10":{"start":{"line":32,"column":22},"end":{"line":32,"column":46}},"11":{"start":{"line":34,"column":4},"end":{"line":36,"column":5}},"12":{"start":{"line":35,"column":6},"end":{"line":35,"column":28}},"13":{"start":{"line":21,"column":0},"end":{"line":21,"column":16}}},"fnMap":{"0":{"name":"randomBigint","decl":{"start":{"line":21,"column":16},"end":{"line":21,"column":28}},"loc":{"start":{"line":21,"column":40},"end":{"line":38,"column":1}}}},"branchMap":{"0":{"loc":{"start":{"line":4,"column":0},"end":{"line":13,"column":1}},"type":"if","locations":[{"start":{"line":4,"column":0},"end":{"line":13,"column":1}},{"start":{"line":10,"column":7},"end":{"line":13,"column":1}}]},"1":{"loc":{"start":{"line":5,"column":2},"end":{"line":6,"column":42}},"type":"binary-expr","locations":[{"start":{"line":5,"column":2},"end":{"line":5,"column":32}},{"start":{"line":6,"column":2},"end":{"line":6,"column":42}}]},"2":{"loc":{"start":{"line":22,"column":2},"end":{"line":24,"column":3}},"type":"if","locations":[{"start":{"line":22,"column":2},"end":{"line":24,"column":3}}]},"3":{"loc":{"start":{"line":34,"column":4},"end":{"line":36,"column":5}},"type":"if","locations":[{"start":{"line":34,"column":4},"end":{"line":36,"column":5}}]}},"s":{"0":29,"1":29,"2":29,"3":0,"4":129,"5":0,"6":129,"7":129,"8":986,"9":986,"10":986,"11":986,"12":129,"13":29},"f":{"0":129},"b":{"0":[29,0],"1":[29,29],"2":[0],"3":[129]}}
[...]
rg","locations":[{"start":{"line":419,"column":33},"end":{"line":419,"column":38}}]},"77":{"loc":{"start":{"line":423,"column":6},"end":{"line":423,"column":36}},"type":"if","locations":[{"start":{"line":423,"column":6},"end":{"line":423,"column":36}}]},"78":{"loc":{"start":{"line":429,"column":6},"end":{"line":429,"column":31}},"type":"if","locations":[{"start":{"line":429,"column":6},"end":{"line":429,"column":31}}]},"79":{"loc":{"start":{"line":446,"column":6},"end":{"line":446,"column":48}},"type":"if","locations":[{"start":{"line":446,"column":6},"end":{"line":446,"column":48}}]},"80":{"loc":{"start":{"line":449,"column":20},"end":{"line":449,"column":32}},"type":"default-arg","locations":[{"start":{"line":449,"column":27},"end":{"line":449,"column":32}}]},"81":{"loc":{"start":{"line":453,"column":6},"end":{"line":453,"column":36}},"type":"if","locations":[{"start":{"line":453,"column":6},"end":{"line":453,"column":36}}]},"82":{"loc":{"start":{"line":459,"column":6},"end":{"line":459,"column":31}},"type":"if","locations":[{"start":{"line":459,"column":6},"end":{"line":459,"column":31}}]},"83":{"loc":{"start":{"line":477,"column":2},"end":{"line":477,"column":13}},"type":"default-arg","locations":[{"start":{"line":477,"column":9},"end":{"line":477,"column":13}}]},"84":{"loc":{"start":{"line":482,"column":40},"end":{"line":482,"column":51}},"type":"default-arg","locations":[{"start":{"line":482,"column":47},"end":{"line":482,"column":51}}]},"85":{"loc":{"start":{"line":487,"column":57},"end":{"line":487,"column":68}},"type":"default-arg","locations":[{"start":{"line":487,"column":64},"end":{"line":487,"column":68}}]},"86":{"loc":{"start":{"line":489,"column":2},"end":{"line":489,"column":32}},"type":"if","locations":[{"start":{"line":489,"column":2},"end":{"line":489,"column":32}}]},"87":{"loc":{"start":{"line":490,"column":2},"end":{"line":490,"column":69}},"type":"if","locations":[{"start":{"line":490,"column":2},"end":{"line":490,"column":69}}]},"88":{"loc":{"start":{"line":492,"column":13},"end":{"line":492,"column":57}},"type":"binary-expr","locations":[{"start":{"line":492,"column":13},"end":{"line":492,"column":16}},{"start":{"line":492,"column":20},"end":{"line":492,"column":43}},{"start":{"line":492,"column":47},"end":{"line":492,"column":57}}]},"89":{"loc":{"start":{"line":493,"column":2},"end":{"line":495,"column":38}},"type":"if","locations":[{"start":{"line":493,"column":2},"end":{"line":495,"column":38}}]},"90":{"loc":{"start":{"line":493,"column":6},"end":{"line":493,"column":42}},"type":"binary-expr","locations":[{"start":{"line":493,"column":6},"end":{"line":493,"column":9}},{"start":{"line":493,"column":13},"end":{"line":493,"column":42}}]},"91":{"loc":{"start":{"line":497,"column":11},"end":{"line":499,"column":34}},"type":"cond-expr","locations":[{"start":{"line":498,"column":8},"end":{"line":498,"column":52}},{"start":{"line":499,"column":8},"end":{"line":499,"column":34}}]},"92":{"loc":{"start":{"line":501,"column":8},"end":{"line":501,"column":60}},"type":"cond-expr","locations":[{"start":{"line":501,"column":31},"end":{"line":501,"column":39}},{"start":{"line":501,"column":42},"end":{"line":501,"column":60}}]},"93":{"loc":{"start":{"line":505,"column":2},"end":{"line":505,"column":26}},"type":"if","locations":[{"start":{"line":505,"column":2},"end":{"line":505,"column":26}}]},"94":{"loc":{"start":{"line":507,"column":2},"end":{"line":507,"column":45}},"type":"if","locations":[{"start":{"line":507,"column":2},"end":{"line":507,"column":45}}]},"95":{"loc":{"start":{"line":507,"column":6},"end":{"line":507,"column":30}},"type":"binary-expr","locations":[{"start":{"line":507,"column":6},"end":{"line":507,"column":10}},{"start":{"line":507,"column":14},"end":{"line":507,"column":30}}]},"96":{"loc":{"start":{"line":517,"column":2},"end":{"line":517,"column":23}},"type":"if","locations":[{"start":{"line":517,"column":2},"end":{"line":517,"column":23}}]},"97":{"loc":{"start":{"line":521,"column":48},"end":{"line":521,"column":67}},"type":"default-arg","locations":[{"start":{"line":521,"column":63},"end":{"line":521,"column":67}}]},"98":{"loc":{"start":{"line":528,"column":2},"end":{"line":528,"column":80}},"type":"if","locations":[{"start":{"line":528,"column":2},"end":{"line":528,"column":80}}]},"99":{"loc":{"start":{"line":528,"column":6},"end":{"line":528,"column":48}},"type":"binary-expr","locations":[{"start":{"line":528,"column":6},"end":{"line":528,"column":26}},{"start":{"line":528,"column":30},"end":{"line":528,"column":48}}]},"100":{"loc":{"start":{"line":543,"column":14},"end":{"line":543,"column":27}},"type":"binary-expr","locations":[{"start":{"line":543,"column":14},"end":{"line":543,"column":15}},{"start":{"line":543,"column":19},"end":{"line":543,"column":27}}]},"101":{"loc":{"start":{"line":544,"column":4},"end":{"line":544,"column":54}},"type":"if","locations":[{"start":{"line":544,"column":4},"end":{"line":544,"column":54}}]},"102":{"loc":{"start":{"line":556,"column":16},"end":{"line":556,"column":24}},"type":"default-arg","locations":[{"start":{"line":556,"column":22},"end":{"line":556,"column":24}}]},"103":{"loc":{"start":{"line":559,"column":4},"end":{"line":560,"column":52}},"type":"if","locations":[{"start":{"line":559,"column":4},"end":{"line":560,"column":52}}]},"104":{"loc":{"start":{"line":559,"column":8},"end":{"line":559,"column":42}},"type":"binary-expr","locations":[{"start":{"line":559,"column":8},"end":{"line":559,"column":15}},{"start":{"line":559,"column":19},"end":{"line":559,"column":42}}]},"105":{"loc":{"start":{"line":575,"column":13},"end":{"line":575,"column":18}},"type":"default-arg","locations":[{"start":{"line":575,"column":17},"end":{"line":575,"column":18}}]},"106":{"loc":{"start":{"line":575,"column":20},"end":{"line":575,"column":32}},"type":"default-arg","locations":[{"start":{"line":575,"column":31},"end":{"line":575,"column":32}}]},"107":{"loc":{"start":{"line":589,"column":6},"end":{"line":589,"column":36}},"type":"if","locations":[{"start":{"line":589,"column":6},"end":{"line":589,"column":36}}]},"108":{"loc":{"start":{"line":615,"column":15},"end":{"line":615,"column":46}},"type":"binary-expr","locations":[{"start":{"line":615,"column":15},"end":{"line":615,"column":20}},{"start":{"line":615,"column":25},"end":{"line":615,"column":45}}]},"109":{"loc":{"start":{"line":618,"column":11},"end":{"line":618,"column":22}},"type":"cond-expr","locations":[{"start":{"line":618,"column":17},"end":{"line":618,"column":18}},{"start":{"line":618,"column":21},"end":{"line":618,"column":22}}]},"110":{"loc":{"start":{"line":631,"column":4},"end":{"line":634,"column":5}},"type":"if","locations":[{"start":{"line":631,"column":4},"end":{"line":634,"column":5}}]},"111":{"loc":{"start":{"line":639,"column":4},"end":{"line":644,"column":5}},"type":"if","locations":[{"start":{"line":639,"column":4},"end":{"line":644,"column":5}},{"start":{"line":641,"column":11},"end":{"line":644,"column":5}}]}},"s":{"0":29,"1":29,"2":29,"3":29,"4":29,"5":29,"6":29,"7":29,"8":29,"9":29,"10":29,"11":29,"12":29,"13":0,"14":29,"15":2,"16":29,"17":719,"18":29,"19":0,"20":29,"21":0,"22":29,"23":719,"24":29,"25":0,"26":29,"27":0,"28":29,"29":0,"30":29,"31":7164766,"32":7164766,"33":29,"34":175651,"35":29,"36":194567,"37":194567,"38":194567,"39":1122,"40":70,"41":1052,"42":0,"43":0,"44":0,"45":0,"46":0,"47":0,"48":0,"49":0,"50":0,"51":0,"52":0,"53":0,"54":0,"55":0,"56":0,"57":0,"58":0,"59":0,"60":0,"61":0,"62":0,"63":1636,"64":1636,"65":1636,"66":1636,"67":1636,"68":1636,"69":1636,"70":19372,"71":33598,"72":174015,"73":174015,"74":174015,"75":174015,"76":174015,"77":174015,"78":174015,"79":174015,"80":174015,"81":174015,"82":174015,"83":174015,"84":174015,"85":174015,"86":174015,"87":174015,"88":174015,"89":174015,"90":174015,"91":174015,"92":174015,"93":174015,"94":174015,"95":174015,"96":174015,"97":174015,"98":174015,"99":174015,"100":174015,"101":174015,"102":174015,"103":174015,"104":174015,"105":174015,"106":174015,"107":174015,"108":174015,"109":174015,"110":174015,"111":174015,"112":174015,"113":174015,"114":174015,"115":174015,"116":174015,"117":174015,"118":174015,"119":174015,"120":719,"121":0,"122":719,"123":2,"124":717,"125":587,"126":130,"127":130,"128":130,"129":130,"130":32905,"131":16492,"132":16413,"133":16413,"134":130,"135":0,"136":848,"137":848,"138":0,"139":848,"140":1,"141":847,"142":847,"143":0,"144":847,"145":0,"146":0,"147":0,"148":0,"149":0,"150":0,"151":0,"152":0,"153":0,"154":0,"155":0,"156":29,"157":29,"158":29,"159":29,"160":29,"161":0,"162":29,"163":0,"164":0,"165":29,"166":0,"167":0,"168":0,"169":0,"170":0,"171":0,"172":0,"173":0,"174":0,"175":0,"176":0,"177":0,"178":0,"179":29,"180":0,"181":29,"182":0,"183":29,"184":0,"185":29,"186":0,"187":29,"188":0,"189":0,"190":0,"191":0,"192":0,"193":0,"194":0,"195":29,"196":847,"197":0,"198":847,"199":847,"200":847,"201":847,"202":847,"203":847,"204":847,"205":127151,"206":127151,"207":127151,"208":127151,"209":127151,"210":847,"211":29,"212":0,"213":0,"214":0,"215":0,"216":0,"217":0,"218":0,"219":0,"220":29,"221":0,"222":0,"223":0,"224":29,"225":0,"226":0,"227":29,"228":0,"229":0,"230":0,"231":0,"232":0,"233":0,"234":0,"235":0,"236":0,"237":0,"238":0,"239":0,"240":0,"241":0,"242":0,"243":0,"244":0,"245":0,"246":0,"247":0,"248":0,"249":0,"250":0,"251":0,"252":29,"253":29,"254":0,"255":0,"256":0,"257":29,"258":0,"259":29,"260":0,"261":29,"262":0,"263":29,"264":29,"265":0,"266":0,"267":0,"268":0,"269":0,"270":0,"271":0,"272":0,"273":0,"274":0,"275":0,"276":0,"277":0,"278":0,"279":0,"280":0,"281":0,"282":0,"283":0,"284":0,"285":0,"286":0,"287":0,"288":0,"289":0,"290":0,"291":0,"292":0,"293":0,"294":0,"295":0,"296":0,"297":0,"298":0,"299":0,"300":0,"301":0,"302":0,"303":0,"304":0,"305":0,"306":0,"307":0,"308":0,"309":0,"310":0,"311":0,"312":0,"313":0,"314":0,"315":0,"316":0,"317":0,"318":0,"319":0,"320":0,"321":0,"322":0,"323":0,"324":0,"325":0,"326":0,"327":0,"328":0,"329":0,"330":0,"331":0,"332":0,"333":0,"334":0,"335":0,"336":0,"337":0,"338":0,"339":0,"340":0,"341":0,"342":0,"343":0,"344":0,"345":0,"346":0,"347":0,"348":0,"349":0,"350":0,"351":0,"352":0,"353":0,"354":0,"355":0,"356":0,"357":0,"358":0,"359":0,"360":0,"361":29,"362":0,"363":0,"364":29,"365":0,"366":0,"367":0,"368":0,"369":0,"370":0,"371":0,"372":0,"373":0,"374":0,"375":0,"376":0,"377":0,"378":0,"379":0,"380":0,"381":0,"382":0,"383":0,"384":0,"385":0,"386":0,"387":0,"388":0,"389":0,"390":0,"391":0,"392":0,"393":29,"394":0,"395":29,"396":0,"397":0,"398":0,"399":0,"400":0,"401":0,"402":29,"403":0,"404":0,"405":0,"406":0,"407":0,"408":0,"409":0,"410":0,"411":0,"412":0,"413":29,"414":29,"415":0,"416":0,"417":0,"418":0,"419":0,"420":0,"421":0,"422":29,"423":29,"424":0,"425":0,"426":0,"427":29,"428":29,"429":21,"430":21,"431":21,"432":21,"433":21,"434":21,"435":693,"436":693,"437":693,"438":693,"439":88011,"440":88011,"441":693,"442":21,"443":29,"444":587,"445":587,"446":19371,"447":19371,"448":587,"449":587,"450":587,"451":587,"452":587,"453":587,"454":587,"455":587,"456":587,"457":19371,"458":19371,"459":19371,"460":19371,"461":9000,"462":9000,"463":19371,"464":19371,"465":19371,"466":19371,"467":19371,"468":354,"469":19017,"470":587},"f":{"0":0,"1":2,"2":719,"3":0,"4":0,"5":719,"6":0,"7":0,"8":0,"9":7164766,"10":175651,"11":194567,"12":1122,"13":0,"14":0,"15":0,"16":0,"17":1636,"18":19372,"19":33598,"20":174015,"21":719,"22":0,"23":848,"24":0,"25":0,"26":0,"27":0,"28":0,"29":0,"30":0,"31":0,"32":0,"33":0,"34":0,"35":0,"36":0,"37":0,"38":0,"39":0,"40":0,"41":847,"42":0,"43":0,"44":0,"45":0,"46":0,"47":0,"48":0,"49":0,"50":0,"51":0,"52":0,"53":0,"54":0,"55":0,"56":0,"57":0,"58":0,"59":0,"60":0,"61":0,"62":0,"63":0,"64":0,"65":0,"66":0,"67":0,"68":0,"69":0,"70":0,"71":0,"72":0,"73":0,"74":0,"75":0,"76":0,"77":0,"78":0,"79":0,"80":0,"81":0,"82":0,"83":21,"84":587,"85":19371},"b":{"0":[0],"1":[0,0,0],"2":[719,719,717],"3":[0,0],"4":[0,0,0,0],"5":[0,0],"6":[7163072],"7":[6715319,449447],"8":[175651,0],"9":[70,1052],"10":[1122,70],"11":[0],"12":[0,0],"13":[0],"14":[0],"15":[0],"16":[0,0],"17":[0,0],"18":[1636,1506],"19":[719],"20":[0],"21":[719,0],"22":[2],"23":[587],"24":[16492,16413],"25":[16413],"26":[0],"27":[1],"28":[0],"29":[0],"30":[0,0],"31":[0,0],"32":[0],"33":[0,0],"34":[0,0],"35":[0,0],"36":[0],"37":[0],"38":[0,0],"39":[0],"40":[0,0],"41":[0,0],"42":[0,0],"43":[0,0,0],"44":[847],"45":[0],"46":[847,847],"47":[847,0],"48":[0],"49":[0,0],"50":[0],"51":[0,0],"52":[0],"53":[0,0],"54":[0,0],"55":[0],"56":[0,0],"57":[0,0],"58":[0],"59":[0,0],"60":[0,0],"61":[0,0],"62":[0,0],"63":[0],"64":[0],"65":[0],"66":[0],"67":[0],"68":[0],"69":[0],"70":[0],"71":[0],"72":[0,0],"73":[0],"74":[0,0],"75":[0,0],"76":[0],"77":[0],"78":[0],"79":[0],"80":[0],"81":[0],"82":[0],"83":[0],"84":[0],"85":[0],"86":[0],"87":[0],"88":[0,0,0],"89":[0],"90":[0,0],"91":[0,0],"92":[0,0],"93":[0],"94":[0],"95":[0,0],"96":[0],"97":[0],"98":[0],"99":[0,0],"100":[0,0],"101":[0],"102":[0],"103":[0],"104":[0,0],"105":[0],"106":[0],"107":[0],"108":[587,21],"109":[9097,10274],"110":[9000],"111":[354,19017]}}
,"/Users/thomashussenet/Documents/cypherLab/Alice-s-Ring-SAG-TS/test/data/curves.ts": {"path":"/Users/thomashussenet/Documents/cypherLab/Alice-s-Ring-SAG-TS/test/data/curves.ts","statementMap":{"0":{"start":{"line":1,"column":0},"end":{"line":1,"column":45}},"1":{"start":{"line":3,"column":13},"end":{"line":3,"column":56}},"2":{"start":{"line":4,"column":13},"end":{"line":4,"column":52}}},"fnMap":{},"branchMap":{},"s":{"0":21,"1":21,"2":21},"f":{},"b":{}}
,"/Users/thomashussenet/Documents/cypherLab/Alice-s-Ring-SAG-TS/test/data/index.ts": {"path":"/Users/thomashussenet/Documents/cypherLab/Alice-s-Ring-SAG-TS/test/data/index.ts","statementMap":{"0":{"start":{"line":1,"column":0},"end":{"line":1,"column":54}},"1":{"start":{"line":3,"column":9},"end":{"line":3,"column":15}},"2":{"start":{"line":2,"column":0},"end":{"line":2,"column":54}},"3":{"start":{"line":4,"column":9},"end":{"line":4,"column":20}},"4":{"start":{"line":5,"column":0},"end":{"line":5,"column":25}},"5":{"start":{"line":6,"column":0},"end":{"line":6,"column":26}},"6":{"start":{"line":7,"column":0},"end":{"line":7,"column":25}},"7":{"start":{"line":9,"column":13},"end":{"line":11,"column":72}}},"fnMap":{},"branchMap":{},"s":{"0":21,"1":21,"2":21,"3":21,"4":21,"5":21,"6":21,"7":21},"f":{},"b":{}}
,"/Users/thomashussenet/Documents/cypherLab/Alice-s-Ring-SAG-TS/test/data/message.ts": {"path":"/Users/thomashussenet/Documents/cypherLab/Alice-s-Ring-SAG-TS/test/data/message.ts","statementMap":{"0":{"start":{"line":1,"column":13},"end":{"line":1,"column":37}}},"fnMap":{},"branchMap":{},"s":{"0":21},"f":{},"b":{}}
,"/Users/thomashussenet/Documents/cypherLab/Alice-s-Ring-SAG-TS/test/data/points.ts": {"path":"/Users/thomashussenet/Documents/cypherLab/Alice-s-Ring-SAG-TS/test/data/points.ts","statementMap":{"0":{"start":{"line":1,"column":0},"end":{"line":1,"column":34}},"1":{"start":{"line":2,"column":0},"end":{"line":2,"column":39}},"2":{"start":{"line":3,"column":0},"end":{"line":3,"column":46}},"3":{"start":{"line":4,"column":0},"end":{"line":4,"column":68}},"4":{"start":{"line":5,"column":0},"end":{"line":5,"column":46}},"5":{"start":{"line":6,"column":0},"end":{"line":6,"column":48}},"6":{"start":{"line":7,"column":0},"end":{"line":7,"column":63}},"7":{"start":{"line":7,"column":30},"end":{"line":7,"column":62}},"8":{"start":{"line":9,"column":13},"end":{"line":71,"column":2}},"9":{"start":{"line":74,"column":13},"end":{"line":81,"column":9}},"10":{"start":{"line":83,"column":13},"end":{"line":83,"column":77}},"11":{"start":{"line":84,"column":13},"end":{"line":84,"column":73}},"12":{"start":{"line":87,"column":13},"end":{"line":87,"column":32}},"13":{"start":{"line":88,"column":13},"end":{"line":90,"column":2}},"14":{"start":{"line":89,"column":2},"end":{"line":89,"column":36}},"15":{"start":{"line":92,"column":13},"end":{"line":97,"column":4}},"16":{"start":{"line":93,"column":20},"end":{"line":93,"column":54}},"17":{"start":{"line":96,"column":15},"end":{"line":96,"column":49}},"18":{"start":{"line":98,"column":13},"end":{"line":102,"column":3}},"19":{"start":{"line":99,"column":2},"end":{"line":101,"column":4}},"20":{"start":{"line":103,"column":13},"end":{"line":112,"column":4}},"21":{"start":{"line":105,"column":4},"end":{"line":107,"column":6}},"22":{"start":{"line":111,"column":15},"end":{"line":111,"column":49}},"23":{"start":{"line":114,"column":13},"end":{"line":117,"column":2}},"24":{"start":{"line":118,"column":13},"end":{"line":121,"column":2}},"25":{"start":{"line":123,"column":13},"end":{"line":126,"column":13}},"26":{"start":{"line":127,"column":13},"end":{"line":130,"column":13}},"27":{"start":{"line":132,"column":13},"end":{"line":137,"column":77}},"28":{"start":{"line":138,"column":13},"end":{"line":140,"column":73}},"29":{"start":{"line":143,"column":13},"end":{"line":143,"column":71}},"30":{"start":{"line":144,"column":13},"end":{"line":144,"column":72}},"31":{"start":{"line":145,"column":13},"end":{"line":145,"column":72}},"32":{"start":{"line":147,"column":13},"end":{"line":147,"column":67}},"33":{"start":{"line":148,"column":13},"end":{"line":148,"column":68}},"34":{"start":{"line":149,"column":13},"end":{"line":149,"column":68}},"35":{"start":{"line":151,"column":13},"end":{"line":152,"column":80}},"36":{"start":{"line":154,"column":13},"end":{"line":166,"column":2}}},"fnMap":{"0":{"name":"(anonymous_6)","decl":{"start":{"line":7,"column":20},"end":{"line":7,"column":21}},"loc":{"start":{"line":7,"column":30},"end":{"line":7,"column":62}}},"1":{"name":"(anonymous_7)","decl":{"start":{"line":88,"column":59},"end":{"line":88,"column":60}},"loc":{"start":{"line":89,"column":2},"end":{"line":89,"column":36}}},"2":{"name":"(anonymous_8)","decl":{"start":{"line":93,"column":7},"end":{"line":93,"column":8}},"loc":{"start":{"line":93,"column":20},"end":{"line":93,"column":54}}},"3":{"name":"(anonymous_9)","decl":{"start":{"line":96,"column":4},"end":{"line":96,"column":5}},"loc":{"start":{"line":96,"column":15},"end":{"line":96,"column":49}}},"4":{"name":"(anonymous_10)","decl":{"start":{"line":98,"column":57},"end":{"line":98,"column":58}},"loc":{"start":{"line":98,"column":65},"end":{"line":102,"column":1}}},"5":{"name":"(anonymous_11)","decl":{"start":{"line":104,"column":7},"end":{"line":104,"column":8}},"loc":{"start":{"line":104,"column":15},"end":{"line":108,"column":3}}},"6":{"name":"(anonymous_12)","decl":{"start":{"line":111,"column":4},"end":{"line":111,"column":5}},"loc":{"start":{"line":111,"column":15},"end":{"line":111,"column":49}}}},"branchMap":{"0":{"loc":{"start":{"line":96,"column":15},"end":{"line":96,"column":49}},"type":"cond-expr","locations":[{"start":{"line":96,"column":27},"end":{"line":96,"column":29}},{"start":{"line":96,"column":32},"end":{"line":96,"column":49}}]},"1":{"loc":{"start":{"line":96,"column":32},"end":{"line":96,"column":49}},"type":"cond-expr","locations":[{"start":{"line":96,"column":44},"end":{"line":96,"column":45}},{"start":{"line":96,"column":48},"end":{"line":96,"column":49}}]},"2":{"loc":{"start":{"line":111,"column":15},"end":{"line":111,"column":49}},"type":"cond-expr","locations":[{"start":{"line":111,"column":27},"end":{"line":111,"column":29}},{"start":{"line":111,"column":32},"end":{"line":111,"column":49}}]},"3":{"loc":{"start":{"line":111,"column":32},"end":{"line":111,"column":49}},"type":"cond-expr","locations":[{"start":{"line":111,"column":44},"end":{"line":111,"column":45}},{"start":{"line":111,"column":48},"end":{"line":111,"column":49}}]}},"s":{"0":21,"1":21,"2":21,"3":21,"4":21,"5":21,"6":21,"7":441,"8":21,"9":21,"10":21,"11":21,"12":21,"13":21,"14":210,"15":21,"16":210,"17":462,"18":21,"19":210,"20":21,"21":210,"22":483,"23":21,"24":21,"25":21,"26":21,"27":21,"28":21,"29":21,"30":21,"31":21,"32":21,"33":21,"34":21,"35":21,"36":21},"f":{"0":441,"1":210,"2":210,"3":462,"4":210,"5":210,"6":483},"b":{"0":[252,210],"1":[210,0],"2":[294,189],"3":[189,0]}}
}
