TN:
SF:src/curves.ts
FN:43,(anonymous_0)
FN:60,(anonymous_1)
FN:85,(anonymous_2)
FN:92,(anonymous_3)
FN:104,(anonymous_4)
FN:118,(anonymous_5)
FN:152,(anonymous_6)
FN:172,derivePubKey
FNF:8
FNH:8
FNDA:29,(anonymous_0)
FNDA:147,(anonymous_1)
FNDA:1139,(anonymous_2)
FNDA:59,(anonymous_3)
FNDA:22,(anonymous_4)
FNDA:1908,(anonymous_5)
FNDA:561,(anonymous_6)
FNDA:61,derivePubKey
DA:1,29
DA:10,29
DA:16,29
DA:17,29
DA:18,29
DA:21,29
DA:28,29
DA:34,29
DA:43,29
DA:44,29
DA:45,29
DA:48,29
DA:61,147
DA:63,147
DA:65,77
DA:66,77
DA:67,77
DA:68,77
DA:70,66
DA:71,66
DA:72,66
DA:73,66
DA:75,4
DA:86,1139
DA:93,59
DA:105,22
DA:108,22
DA:121,1908
DA:122,562
DA:123,562
DA:125,1346
DA:126,1346
DA:129,1908
DA:131,1106
DA:132,1102
DA:135,802
DA:136,802
DA:137,802
DA:143,0
DA:149,0
DA:153,561
DA:172,29
DA:173,61
LF:43
LH:41
BRDA:43,0,0,29
BRDA:43,0,1,29
BRDA:63,1,0,77
BRDA:63,1,1,66
BRDA:63,1,2,4
BRDA:121,2,0,562
BRDA:121,2,1,1346
BRDA:129,3,0,1106
BRDA:129,3,1,802
BRDA:129,3,2,0
BRDA:131,4,0,4
BRDA:131,5,0,1106
BRDA:131,5,1,1106
BRDA:131,5,2,1106
BRDA:131,5,3,1102
BRDA:135,6,0,0
BRDA:135,7,0,802
BRDA:135,7,1,802
BRDA:154,8,0,561
BRDA:154,8,1,557
BRDA:154,8,2,557
BRDA:154,8,3,557
BRDA:154,8,4,557
BRF:23
BRH:21
end_of_record
TN:
SF:src/index.ts
FN:2,(anonymous_0)
FN:3,(anonymous_1)
FN:5,(anonymous_2)
FN:7,(anonymous_3)
FN:8,(anonymous_4)
FN:8,(anonymous_5)
FN:10,(anonymous_6)
FN:12,(anonymous_7)
FNF:8
FNH:6
FNDA:0,(anonymous_0)
FNDA:2,(anonymous_1)
FNDA:3,(anonymous_2)
FNDA:349,(anonymous_3)
FNDA:139,(anonymous_4)
FNDA:121,(anonymous_5)
FNDA:0,(anonymous_6)
FNDA:64,(anonymous_7)
DA:1,29
DA:2,29
DA:3,31
DA:5,32
DA:7,378
DA:8,168
DA:10,29
DA:12,93
LF:8
LH:8
BRF:0
BRH:0
end_of_record
TN:
SF:src/point.ts
FN:32,(anonymous_0)
FN:50,(anonymous_1)
FN:87,(anonymous_2)
FN:132,(anonymous_3)
FN:173,(anonymous_4)
FN:204,(anonymous_5)
FN:213,(anonymous_6)
FN:227,(anonymous_7)
FN:238,(anonymous_8)
FN:248,(anonymous_9)
FN:254,(anonymous_10)
FN:269,(anonymous_11)
FN:284,(anonymous_12)
FN:299,(anonymous_13)
FNF:14
FNH:14
FNDA:3243,(anonymous_0)
FNDA:1398,(anonymous_1)
FNDA:218,(anonymous_2)
FNDA:167,(anonymous_3)
FNDA:49,(anonymous_4)
FNDA:2,(anonymous_5)
FNDA:48,(anonymous_6)
FNDA:12,(anonymous_7)
FNDA:4,(anonymous_8)
FNDA:7,(anonymous_9)
FNDA:3,(anonymous_10)
FNDA:3340,(anonymous_11)
FNDA:117,(anonymous_12)
FNDA:116,(anonymous_13)
DA:1,29
DA:2,29
DA:3,29
DA:4,29
DA:5,29
DA:15,29
DA:33,3243
DA:34,3243
DA:35,3243
DA:37,3243
DA:38,7
DA:51,1398
DA:52,0
DA:53,1398
DA:54,0
DA:57,1398
DA:59,719
DA:63,717
DA:64,717
DA:67,679
DA:72,677
DA:73,677
DA:76,0
DA:88,218
DA:89,0
DA:91,218
DA:93,130
DA:103,130
DA:104,130
DA:107,88
DA:117,88
DA:118,88
DA:121,0
DA:133,167
DA:135,167
DA:137,71
DA:149,96
DA:161,0
DA:174,49
DA:176,1
DA:181,1
DA:182,1
DA:185,48
DA:190,48
DA:191,48
DA:194,0
DA:205,2
DA:214,48
DA:228,12
DA:229,6
DA:239,4
DA:250,7
DA:251,7
DA:255,3
DA:256,3
DA:258,0
DA:271,3340
DA:273,3340
DA:274,3340
DA:286,117
DA:287,117
DA:288,117
DA:300,116
DA:304,69
DA:311,47
DA:317,0
LF:66
LH:57
BRDA:32,0,0,1340
BRDA:37,1,0,7
BRDA:37,2,0,3243
BRDA:37,2,1,1340
BRDA:51,3,0,0
BRDA:53,4,0,0
BRDA:57,5,0,719
BRDA:57,5,1,679
BRDA:57,5,2,0
BRDA:88,6,0,0
BRDA:91,7,0,130
BRDA:91,7,1,88
BRDA:91,7,2,0
BRDA:133,8,0,0
BRDA:135,9,0,71
BRDA:135,9,1,96
BRDA:135,9,2,0
BRDA:174,10,0,1
BRDA:174,10,1,48
BRDA:174,10,2,0
BRDA:300,11,0,69
BRDA:300,11,1,47
BRDA:300,11,2,0
BRDA:312,12,0,47
BRDA:312,12,1,47
BRF:25
BRH:16
end_of_record
TN:
SF:src/ringSignature.ts
FN:33,(anonymous_6)
FN:72,(anonymous_7)
FN:81,(anonymous_8)
FN:90,(anonymous_9)
FN:99,(anonymous_10)
FN:108,(anonymous_11)
FN:117,(anonymous_12)
FN:126,(anonymous_13)
FN:140,(anonymous_14)
FN:185,(anonymous_15)
FN:187,(anonymous_16)
FN:201,(anonymous_17)
FN:206,(anonymous_18)
FN:219,(anonymous_19)
FN:230,(anonymous_20)
FN:244,(anonymous_21)
FN:276,(anonymous_22)
FN:358,(anonymous_23)
FN:400,(anonymous_24)
FN:422,(anonymous_25)
FN:449,(anonymous_26)
FN:509,(anonymous_27)
FN:589,checkRing
FN:615,serializeRing
FN:632,checkPoint
FN:648,sortRing
FN:649,(anonymous_32)
FNF:27
FNH:23
FNDA:35,(anonymous_6)
FNDA:0,(anonymous_7)
FNDA:2,(anonymous_8)
FNDA:2,(anonymous_9)
FNDA:0,(anonymous_10)
FNDA:0,(anonymous_11)
FNDA:0,(anonymous_12)
FNDA:16,(anonymous_13)
FNDA:19,(anonymous_14)
FNDA:117,(anonymous_15)
FNDA:96,(anonymous_16)
FNDA:9,(anonymous_17)
FNDA:95,(anonymous_18)
FNDA:4,(anonymous_19)
FNDA:3,(anonymous_20)
FNDA:18,(anonymous_21)
FNDA:82,(anonymous_22)
FNDA:14,(anonymous_23)
FNDA:2,(anonymous_24)
FNDA:14,(anonymous_25)
FNDA:114,(anonymous_26)
FNDA:228,(anonymous_27)
FNDA:66,checkRing
FNDA:302,serializeRing
FNDA:559,checkPoint
FNDA:2,sortRing
FNDA:45,(anonymous_32)
DA:1,29
DA:2,29
DA:3,29
DA:4,29
DA:6,29
DA:7,29
DA:8,29
DA:15,29
DA:41,35
DA:43,33
DA:44,2
DA:46,31
DA:49,31
DA:50,0
DA:53,31
DA:55,31
DA:56,254
DA:59,27
DA:60,27
DA:61,27
DA:62,27
DA:63,27
DA:64,27
DA:73,0
DA:82,2
DA:91,2
DA:100,0
DA:109,0
DA:118,0
DA:127,16
DA:142,19
DA:143,7
DA:144,7
DA:146,1
DA:149,12
DA:152,18
DA:153,2
DA:156,16
DA:157,1
DA:159,15
DA:160,0
DA:163,15
DA:164,1
DA:166,14
DA:171,1
DA:173,13
DA:174,13
DA:182,13
DA:183,12
DA:185,117
DA:187,96
DA:192,4
DA:202,9
DA:206,95
DA:221,4
DA:223,3
DA:224,3
DA:231,3
DA:251,18
DA:252,2
DA:256,16
DA:261,15
DA:263,15
DA:266,15
DA:269,15
DA:270,1
DA:275,14
DA:276,82
DA:278,14
DA:279,6
DA:280,6
DA:281,30
DA:282,4
DA:283,4
DA:284,4
DA:286,26
DA:288,0
DA:289,0
DA:290,0
DA:291,0
DA:296,14
DA:297,2
DA:298,2
DA:302,14
DA:310,14
DA:320,14
DA:327,14
DA:365,14
DA:366,114
DA:367,0
DA:370,14
DA:374,14
DA:376,14
DA:377,114
DA:391,14
DA:402,2
DA:403,1
DA:406,2
DA:407,2
DA:436,14
DA:437,14
DA:439,0
DA:443,14
DA:444,14
DA:445,114
DA:449,114
DA:451,14
DA:456,114
DA:458,114
DA:460,114
DA:461,114
DA:462,14
DA:464,100
DA:471,100
DA:481,14
DA:521,228
DA:522,228
DA:524,228
DA:529,228
DA:533,228
DA:534,0
DA:538,228
DA:539,14
DA:552,214
DA:557,214
DA:572,0
DA:589,29
DA:591,66
DA:592,65
DA:595,65
DA:596,1
DA:599,64
DA:600,64
DA:601,556
DA:604,3
DA:615,29
DA:616,302
DA:617,302
DA:618,3108
DA:620,302
DA:632,29
DA:633,559
DA:634,2
DA:637,557
DA:638,3
DA:648,29
DA:649,2
DA:650,45
DA:651,45
DA:653,0
LF:150
LH:135
BRDA:41,0,0,2
BRDA:43,1,0,2
BRDA:46,2,0,0
BRDA:49,3,0,0
BRDA:49,4,0,31
BRDA:49,4,1,3
BRDA:56,5,0,4
BRDA:56,6,0,254
BRDA:56,6,1,253
BRDA:142,7,0,7
BRDA:142,7,1,12
BRDA:152,8,0,2
BRDA:156,9,0,1
BRDA:156,10,0,16
BRDA:156,10,1,1
BRDA:159,11,0,0
BRDA:163,12,0,1
BRDA:163,13,0,15
BRDA:163,13,1,3
BRDA:166,14,0,1
BRDA:167,15,0,14
BRDA:167,15,1,2
BRDA:167,15,2,2
BRDA:221,16,0,1
BRDA:251,17,0,2
BRDA:251,18,0,18
BRDA:251,18,1,16
BRDA:269,19,0,1
BRDA:276,20,0,82
BRDA:276,20,1,8
BRDA:278,21,0,6
BRDA:281,22,0,4
BRDA:286,23,0,0
BRDA:288,24,0,0
BRDA:296,25,0,2
BRDA:366,26,0,0
BRDA:402,27,0,1
BRDA:458,28,0,100
BRDA:458,28,1,14
BRDA:461,29,0,14
BRDA:461,29,1,100
BRDA:524,30,0,228
BRDA:524,30,1,14
BRDA:524,30,2,14
BRDA:524,30,3,14
BRDA:529,31,0,228
BRDA:529,31,1,214
BRDA:529,31,2,214
BRDA:529,31,3,214
BRDA:533,32,0,0
BRDA:533,33,0,228
BRDA:533,33,1,214
BRDA:538,34,0,14
BRDA:552,35,0,214
BRDA:553,36,0,214
BRDA:553,36,1,214
BRDA:553,36,2,214
BRDA:589,37,0,50
BRDA:591,38,0,1
BRDA:591,39,0,66
BRDA:591,39,1,3
BRDA:592,40,0,0
BRDA:595,41,0,1
BRDA:633,42,0,2
BRDA:633,43,0,559
BRDA:633,43,1,557
BRDA:637,44,0,3
BRDA:650,45,0,45
BRDA:651,46,0,26
BRDA:651,46,1,19
BRDA:653,47,0,0
BRDA:653,47,1,0
BRF:72
BRH:62
end_of_record
TN:
SF:src/errors/errors.ts
FN:4,(anonymous_0)
FN:14,(anonymous_1)
FN:23,(anonymous_2)
FN:34,(anonymous_3)
FN:44,(anonymous_4)
FN:50,(anonymous_5)
FN:54,(anonymous_6)
FN:57,(anonymous_7)
FN:61,(anonymous_8)
FN:67,(anonymous_9)
FN:71,(anonymous_10)
FN:75,(anonymous_11)
FN:81,(anonymous_12)
FN:85,(anonymous_13)
FN:89,(anonymous_14)
FN:93,(anonymous_15)
FN:103,(anonymous_16)
FNF:17
FNH:10
FNDA:0,(anonymous_0)
FNDA:4,(anonymous_1)
FNDA:1,(anonymous_2)
FNDA:0,(anonymous_3)
FNDA:0,(anonymous_4)
FNDA:8,(anonymous_5)
FNDA:0,(anonymous_6)
FNDA:15,(anonymous_7)
FNDA:2,(anonymous_8)
FNDA:4,(anonymous_9)
FNDA:15,(anonymous_10)
FNDA:0,(anonymous_11)
FNDA:7,(anonymous_12)
FNDA:0,(anonymous_13)
FNDA:0,(anonymous_14)
FNDA:3,(anonymous_15)
FNDA:2,(anonymous_16)
DA:1,29
DA:2,29
DA:4,29
DA:5,0
DA:6,0
DA:14,29
DA:15,4
DA:16,4
DA:17,0
DA:19,0
DA:23,29
DA:24,1
DA:25,0
DA:34,29
DA:35,0
DA:36,0
DA:37,0
DA:44,29
DA:45,0
DA:46,0
DA:50,29
DA:51,8
DA:52,4
DA:54,29
DA:55,0
DA:57,29
DA:58,15
DA:59,0
DA:61,29
DA:62,2
DA:63,2
DA:67,29
DA:68,4
DA:69,0
DA:71,29
DA:72,15
DA:73,4
DA:75,29
DA:76,0
DA:77,0
DA:81,29
DA:82,7
DA:83,0
DA:85,29
DA:86,0
DA:87,0
DA:89,29
DA:90,0
DA:91,0
DA:93,29
DA:94,3
DA:95,3
DA:99,29
DA:100,29
DA:103,29
DA:104,2
DA:105,0
LF:57
LH:36
BRDA:5,0,0,0
BRDA:16,1,0,4
BRDA:16,2,0,4
BRDA:16,2,1,4
BRDA:24,3,0,1
BRDA:35,4,0,0
BRDA:35,5,0,0
BRDA:35,5,1,0
BRDA:45,6,0,0
BRDA:45,7,0,0
BRDA:45,7,1,0
BRDA:51,8,0,4
BRDA:54,9,0,0
BRDA:58,10,0,15
BRDA:62,11,0,0
BRDA:68,12,0,4
BRDA:72,13,0,11
BRDA:76,14,0,0
BRDA:82,15,0,7
BRDA:86,16,0,0
BRDA:90,17,0,0
BRDA:94,18,0,0
BRDA:104,19,0,2
BRF:23
BRH:10
end_of_record
TN:
SF:src/errors/index.ts
FNF:0
FNH:0
DA:1,29
LF:1
LH:1
BRF:0
BRH:0
end_of_record
TN:
SF:src/signature/piSignature.ts
FN:22,piSignature
FNF:1
FNH:1
FNDA:17,piSignature
DA:6,29
DA:8,29
DA:22,29
DA:28,17
DA:35,2
DA:37,15
LF:6
LH:6
BRDA:28,0,0,2
BRDA:29,1,0,17
BRDA:29,1,1,16
BRDA:29,1,2,15
BRDA:29,1,3,15
BRDA:29,1,4,15
BRF:6
BRH:6
end_of_record
TN:
SF:src/signature/schnorrSignature.ts
FN:23,schnorrSignature
FN:67,verifySchnorrSignature
FNF:2
FNH:1
FNDA:0,schnorrSignature
FNDA:2,verifySchnorrSignature
DA:6,29
DA:8,29
DA:23,29
DA:31,0
DA:32,0
DA:33,0
DA:35,0
DA:50,0
DA:52,0
DA:67,29
DA:75,2
DA:81,0
DA:83,2
DA:84,0
DA:87,2
DA:88,0
DA:90,2
DA:92,2
DA:94,2
DA:107,2
LF:20
LH:11
BRDA:29,0,0,0
BRDA:31,1,0,0
BRDA:31,2,0,0
BRDA:31,2,1,0
BRDA:33,3,0,0
BRDA:39,4,0,0
BRDA:39,4,1,0
BRDA:73,5,0,0
BRDA:75,6,0,0
BRDA:76,7,0,2
BRDA:76,7,1,2
BRDA:76,7,2,2
BRDA:76,7,3,2
BRDA:83,8,0,0
BRDA:87,9,0,0
BRDA:98,10,0,2
BRDA:98,10,1,0
BRF:17
BRH:5
end_of_record
TN:
SF:src/utils/base64.ts
FNF:0
FNH:0
DA:1,29
LF:1
LH:1
BRF:0
BRH:0
end_of_record
TN:
SF:src/utils/hashFunction.ts
FN:4,(anonymous_0)
FN:17,hash
FN:39,keccak_256
FN:50,sha_512
FNF:4
FNH:4
FNDA:29,(anonymous_0)
FNDA:492,hash
FNDA:444,keccak_256
FNDA:48,sha_512
DA:1,29
DA:2,29
DA:4,29
DA:5,29
DA:6,29
DA:17,29
DA:18,492
DA:19,492
DA:21,444
DA:24,48
DA:27,0
DA:39,29
DA:40,444
DA:50,29
DA:51,48
LF:15
LH:14
BRDA:4,0,0,29
BRDA:4,0,1,29
BRDA:18,1,0,444
BRDA:19,2,0,444
BRDA:19,2,1,48
BRDA:19,2,2,0
BRF:6
BRH:5
end_of_record
TN:
SF:src/utils/index.ts
FN:1,(anonymous_0)
FN:2,(anonymous_1)
FN:3,(anonymous_2)
FN:3,(anonymous_3)
FN:3,(anonymous_4)
FN:4,(anonymous_5)
FNF:6
FNH:4
FNDA:129,(anonymous_0)
FNDA:3547,(anonymous_1)
FNDA:0,(anonymous_2)
FNDA:492,(anonymous_3)
FNDA:0,(anonymous_4)
FNDA:6,(anonymous_5)
DA:1,158
DA:2,3576
DA:3,521
DA:4,35
LF:4
LH:4
BRF:0
BRH:0
end_of_record
TN:
SF:src/utils/isRingSorted.ts
FN:11,isRingSorted
FNF:1
FNH:1
FNDA:21,isRingSorted
DA:11,29
DA:12,21
DA:14,147
DA:15,3
DA:18,144
DA:20,0
DA:21,0
DA:24,144
DA:25,0
DA:29,18
LF:10
LH:7
BRDA:14,0,0,3
BRDA:18,1,0,0
BRDA:20,2,0,0
BRDA:24,3,0,0
BRDA:24,4,0,144
BRDA:24,4,1,0
BRF:6
BRH:2
end_of_record
TN:
SF:src/utils/modulo.ts
FN:8,modulo
FNF:1
FNH:1
FNDA:3547,modulo
DA:8,29
DA:9,3547
DA:10,3547
LF:3
LH:3
BRDA:10,0,0,3526
BRDA:10,0,1,21
BRF:2
BRH:2
end_of_record
TN:
SF:src/utils/randomNumbers.ts
FN:21,randomBigint
FNF:1
FNH:1
FNDA:129,randomBigint
DA:2,29
DA:4,29
DA:9,29
DA:12,0
DA:21,29
DA:22,129
DA:23,0
DA:27,129
DA:29,129
DA:30,986
DA:31,986
DA:32,986
DA:34,986
DA:35,129
LF:14
LH:12
BRDA:4,0,0,29
BRDA:4,0,1,0
BRDA:5,1,0,29
BRDA:5,1,1,29
BRDA:22,2,0,0
BRDA:34,3,0,129
BRF:6
BRH:4
end_of_record
TN:
SF:src/utils/noble-libraries/noble-ED25519.ts
FN:23,(anonymous_0)
FN:26,(anonymous_1)
FN:27,(anonymous_2)
FN:35,(anonymous_3)
FN:36,(anonymous_4)
FN:37,(anonymous_5)
FN:41,(anonymous_6)
FN:49,(anonymous_7)
FN:57,(anonymous_8)
FN:60,(anonymous_9)
FN:81,(anonymous_10)
FN:84,(anonymous_11)
FN:87,(anonymous_12)
FN:97,(anonymous_13)
FN:100,(anonymous_14)
FN:104,(anonymous_15)
FN:123,(anonymous_16)
FN:142,(anonymous_17)
FN:158,(anonymous_18)
FN:161,(anonymous_19)
FN:164,(anonymous_20)
FN:167,(anonymous_21)
FN:173,(anonymous_22)
FN:181,(anonymous_23)
FN:188,(anonymous_24)
FN:193,(anonymous_25)
FN:195,(anonymous_26)
FN:197,(anonymous_27)
FN:199,(anonymous_28)
FN:213,(anonymous_29)
FN:214,(anonymous_30)
FN:215,(anonymous_31)
FN:217,(anonymous_32)
FN:219,(anonymous_33)
FN:225,(anonymous_34)
FN:244,(anonymous_35)
FN:253,(anonymous_36)
FN:271,(anonymous_37)
FN:288,(anonymous_38)
FN:291,(anonymous_39)
FN:292,(anonymous_40)
FN:303,(anonymous_41)
FN:316,(anonymous_42)
FN:318,(anonymous_43)
FN:319,(anonymous_44)
FN:320,(anonymous_45)
FN:321,(anonymous_46)
FN:330,hashFinish
FN:334,(anonymous_48)
FN:340,(anonymous_49)
FN:347,(anonymous_50)
FN:353,(anonymous_51)
FN:360,(anonymous_52)
FN:381,(anonymous_53)
FN:392,(anonymous_54)
FN:394,(anonymous_55)
FN:397,(anonymous_56)
FN:408,(anonymous_57)
FN:417,(anonymous_58)
FN:430,(anonymous_59)
FN:433,(anonymous_60)
FN:441,(anonymous_61)
FN:442,(anonymous_62)
FN:449,(anonymous_63)
FN:467,(anonymous_64)
FN:471,(anonymous_65)
FNF:66
FNH:34
FNDA:2,(anonymous_0)
FNDA:1323,(anonymous_1)
FNDA:1323,(anonymous_2)
FNDA:1764,(anonymous_3)
FNDA:441,(anonymous_4)
FNDA:2312641,(anonymous_5)
FNDA:156774,(anonymous_6)
FNDA:222320,(anonymous_7)
FNDA:1095,(anonymous_8)
FNDA:0,(anonymous_9)
FNDA:0,(anonymous_10)
FNDA:0,(anonymous_11)
FNDA:2526,(anonymous_12)
FNDA:0,(anonymous_13)
FNDA:32487,(anonymous_14)
FNDA:34403,(anonymous_15)
FNDA:154248,(anonymous_16)
FNDA:1120,(anonymous_17)
FNDA:0,(anonymous_18)
FNDA:0,(anonymous_19)
FNDA:0,(anonymous_20)
FNDA:0,(anonymous_21)
FNDA:1312,(anonymous_22)
FNDA:441,(anonymous_23)
FNDA:0,(anonymous_24)
FNDA:14553,(anonymous_25)
FNDA:441,(anonymous_26)
FNDA:14112,(anonymous_27)
FNDA:882,(anonymous_28)
FNDA:441,(anonymous_29)
FNDA:441,(anonymous_30)
FNDA:441,(anonymous_31)
FNDA:441,(anonymous_32)
FNDA:441,(anonymous_33)
FNDA:1312,(anonymous_34)
FNDA:0,(anonymous_35)
FNDA:0,(anonymous_36)
FNDA:0,(anonymous_37)
FNDA:441,(anonymous_38)
FNDA:0,(anonymous_39)
FNDA:441,(anonymous_40)
FNDA:441,(anonymous_41)
FNDA:0,(anonymous_42)
FNDA:441,(anonymous_43)
FNDA:0,(anonymous_44)
FNDA:0,(anonymous_45)
FNDA:0,(anonymous_46)
FNDA:0,hashFinish
FNDA:0,(anonymous_48)
FNDA:0,(anonymous_49)
FNDA:0,(anonymous_50)
FNDA:0,(anonymous_51)
FNDA:0,(anonymous_52)
FNDA:0,(anonymous_53)
FNDA:0,(anonymous_54)
FNDA:0,(anonymous_55)
FNDA:0,(anonymous_56)
FNDA:0,(anonymous_57)
FNDA:0,(anonymous_58)
FNDA:0,(anonymous_59)
FNDA:21,(anonymous_60)
FNDA:0,(anonymous_61)
FNDA:0,(anonymous_62)
FNDA:21,(anonymous_63)
FNDA:983,(anonymous_64)
FNDA:32439,(anonymous_65)
DA:5,29
DA:6,29
DA:7,29
DA:9,29
DA:11,29
DA:23,29
DA:24,2
DA:26,1323
DA:27,29
DA:31,1323
DA:35,1764
DA:36,441
DA:37,29
DA:38,2312641
DA:39,2312641
DA:41,156774
DA:42,29
DA:50,222320
DA:51,222320
DA:52,222320
DA:53,222320
DA:55,29
DA:56,29
DA:58,1095
DA:62,0
DA:63,0
DA:64,0
DA:65,0
DA:66,0
DA:67,0
DA:68,0
DA:69,0
DA:70,0
DA:71,0
DA:72,0
DA:73,0
DA:74,0
DA:75,0
DA:76,0
DA:77,0
DA:78,0
DA:79,0
DA:82,0
DA:85,0
DA:89,2526
DA:90,2526
DA:91,2526
DA:92,2526
DA:93,2526
DA:94,2526
DA:95,2526
DA:98,0
DA:102,32487
DA:106,34403
DA:107,34403
DA:108,34403
DA:109,34403
DA:110,34403
DA:111,34403
DA:112,34403
DA:113,34403
DA:114,34403
DA:115,34403
DA:116,34403
DA:117,34403
DA:118,34403
DA:119,34403
DA:120,34403
DA:121,34403
DA:125,154248
DA:126,154248
DA:127,154248
DA:128,154248
DA:129,154248
DA:130,154248
DA:131,154248
DA:132,154248
DA:133,154248
DA:134,154248
DA:135,154248
DA:136,154248
DA:137,154248
DA:138,154248
DA:139,154248
DA:140,154248
DA:144,1120
DA:145,1118
DA:146,0
DA:147,1118
DA:148,1118
DA:149,135
DA:150,135
DA:151,135
DA:153,33710
DA:154,19499
DA:156,135
DA:159,0
DA:162,0
DA:165,0
DA:169,0
DA:170,0
DA:171,0
DA:175,1312
DA:176,1312
DA:177,1312
DA:178,1312
DA:179,1312
DA:183,441
DA:184,441
DA:185,441
DA:186,441
DA:189,0
DA:192,29
DA:193,29
DA:194,14553
DA:195,29
DA:196,441
DA:197,14112
DA:199,29
DA:201,882
DA:202,882
DA:203,882
DA:204,882
DA:205,28224
DA:206,28224
DA:207,28224
DA:208,28224
DA:209,28224
DA:211,882
DA:213,441
DA:214,441
DA:215,29
DA:217,441
DA:218,441
DA:219,441
DA:220,441
DA:221,441
DA:223,441
DA:225,29
DA:227,1312
DA:228,1312
DA:229,1312
DA:230,1312
DA:231,1312
DA:232,1312
DA:233,1312
DA:234,1312
DA:236,179744
DA:237,179744
DA:238,179744
DA:239,179744
DA:240,179744
DA:242,1312
DA:244,29
DA:246,0
DA:247,0
DA:248,0
DA:249,0
DA:251,0
DA:253,29
DA:255,0
DA:256,0
DA:257,0
DA:258,0
DA:259,0
DA:260,0
DA:261,0
DA:262,0
DA:263,0
DA:264,0
DA:265,0
DA:266,0
DA:267,0
DA:270,29
DA:271,29
DA:273,0
DA:274,0
DA:275,0
DA:276,0
DA:277,0
DA:278,0
DA:279,0
DA:280,0
DA:281,0
DA:282,0
DA:283,0
DA:284,0
DA:285,0
DA:286,0
DA:288,441
DA:291,29
DA:292,29
DA:295,441
DA:303,29
DA:305,441
DA:306,441
DA:307,441
DA:308,441
DA:309,441
DA:310,441
DA:311,441
DA:312,441
DA:313,441
DA:316,29
DA:317,0
DA:318,441
DA:319,29
DA:320,0
DA:321,29
DA:322,0
DA:331,0
DA:332,0
DA:334,29
DA:336,0
DA:337,0
DA:338,0
DA:339,0
DA:340,0
DA:342,0
DA:343,0
DA:345,0
DA:347,29
DA:348,0
DA:349,0
DA:350,0
DA:351,0
DA:353,29
DA:354,0
DA:355,0
DA:356,0
DA:357,0
DA:359,29
DA:360,29
DA:366,0
DA:367,0
DA:368,0
DA:373,0
DA:374,0
DA:375,0
DA:376,0
DA:377,0
DA:378,0
DA:379,0
DA:381,0
DA:383,0
DA:384,0
DA:385,0
DA:386,0
DA:387,0
DA:389,0
DA:392,29
DA:393,0
DA:394,29
DA:395,0
DA:397,29
DA:399,0
DA:402,29
DA:410,0
DA:413,0
DA:414,0
DA:415,0
DA:418,0
DA:419,0
DA:420,0
DA:421,0
DA:422,0
DA:426,29
DA:431,0
DA:434,21
DA:438,29
DA:441,0
DA:443,0
DA:444,0
DA:445,0
DA:448,29
DA:449,29
DA:451,21
DA:452,21
DA:453,21
DA:454,21
DA:455,21
DA:457,693
DA:458,693
DA:459,693
DA:460,88011
DA:461,88011
DA:463,693
DA:465,21
DA:467,29
DA:470,983
DA:471,983
DA:472,32439
DA:473,32439
DA:475,983
DA:476,983
DA:477,983
DA:478,983
DA:479,983
DA:480,983
DA:481,983
DA:482,983
DA:483,32439
DA:484,32439
DA:485,32439
DA:486,32439
DA:487,16681
DA:488,16681
DA:490,32439
DA:491,32439
DA:492,32439
DA:493,32439
DA:494,32439
DA:495,1245
DA:498,31194
DA:501,983
DA:504,29
DA:505,29
DA:506,29
DA:507,29
DA:508,29
DA:509,29
DA:510,29
DA:511,29
DA:512,29
DA:513,29
DA:514,29
DA:515,29
LF:327
LH:211
BRDA:23,0,0,0
BRDA:31,1,0,0
BRDA:31,1,1,1323
BRDA:31,2,0,1323
BRDA:31,2,1,1323
BRDA:31,2,2,441
BRDA:31,2,3,441
BRDA:36,3,0,441
BRDA:36,3,1,0
BRDA:37,4,0,2309576
BRDA:39,5,0,2061062
BRDA:39,5,1,251579
BRDA:41,6,0,156774
BRDA:41,6,1,0
BRDA:60,7,0,0
BRDA:68,8,0,0
BRDA:68,9,0,0
BRDA:68,9,1,0
BRDA:68,10,0,0
BRDA:68,10,1,0
BRDA:69,11,0,0
BRDA:69,12,0,0
BRDA:69,12,1,0
BRDA:69,13,0,0
BRDA:69,13,1,0
BRDA:74,14,0,0
BRDA:77,15,0,0
BRDA:77,16,0,0
BRDA:77,16,1,0
BRDA:77,16,2,0
BRDA:78,17,0,0
BRDA:95,18,0,2526
BRDA:95,18,1,1031
BRDA:142,19,0,1120
BRDA:144,20,0,2
BRDA:144,21,0,2
BRDA:144,21,1,0
BRDA:145,22,0,0
BRDA:145,23,0,1118
BRDA:145,23,1,1118
BRDA:145,23,2,1118
BRDA:147,24,0,0
BRDA:147,25,0,1118
BRDA:147,25,1,0
BRDA:147,25,2,1118
BRDA:148,26,0,983
BRDA:153,27,0,14211
BRDA:153,27,1,19499
BRDA:154,28,0,19499
BRDA:170,29,0,0
BRDA:176,30,0,0
BRDA:178,31,0,0
BRDA:185,32,0,84
BRDA:185,32,1,357
BRDA:202,33,0,0
BRDA:202,34,0,882
BRDA:202,34,1,882
BRDA:208,35,0,0
BRDA:208,36,0,28224
BRDA:208,36,1,28224
BRDA:225,37,0,1312
BRDA:227,38,0,0
BRDA:227,39,0,1312
BRDA:227,39,1,1312
BRDA:242,40,0,1312
BRDA:242,40,1,0
BRDA:283,41,0,0
BRDA:284,42,0,0
BRDA:284,43,0,0
BRDA:284,43,1,0
BRDA:285,44,0,0
BRDA:286,45,0,0
BRDA:286,45,1,0
BRDA:295,46,0,441
BRDA:295,46,1,0
BRDA:331,47,0,0
BRDA:364,48,0,0
BRDA:383,49,0,0
BRDA:384,50,0,0
BRDA:384,51,0,0
BRDA:384,51,1,0
BRDA:392,52,0,0
BRDA:394,53,0,0
BRDA:399,54,0,0
BRDA:399,54,1,0
BRDA:399,55,0,0
BRDA:399,55,1,0
BRDA:408,56,0,0
BRDA:413,57,0,0
BRDA:413,58,0,0
BRDA:413,58,1,0
BRDA:419,59,0,0
BRDA:419,60,0,0
BRDA:419,60,1,0
BRDA:434,61,0,21
BRDA:442,62,0,0
BRDA:442,63,0,0
BRDA:470,64,0,983
BRDA:470,64,1,21
BRDA:473,65,0,16854
BRDA:473,65,1,15585
BRDA:486,66,0,16681
BRDA:494,67,0,1245
BRDA:494,67,1,31194
BRF:104
BRH:43
end_of_record
TN:
SF:src/utils/noble-libraries/noble-SECP256k1.ts
FN:14,(anonymous_0)
FN:15,(anonymous_1)
FN:18,(anonymous_2)
FN:19,(anonymous_3)
FN:20,(anonymous_4)
FN:21,(anonymous_5)
FN:22,(anonymous_6)
FN:30,(anonymous_7)
FN:31,(anonymous_8)
FN:32,(anonymous_9)
FN:36,(anonymous_10)
FN:45,(anonymous_11)
FN:52,(anonymous_12)
FN:56,(anonymous_13)
FN:77,(anonymous_14)
FN:80,(anonymous_15)
FN:83,(anonymous_16)
FN:86,(anonymous_17)
FN:96,(anonymous_18)
FN:99,(anonymous_19)
FN:102,(anonymous_20)
FN:153,(anonymous_21)
FN:167,(anonymous_22)
FN:171,(anonymous_23)
FN:180,(anonymous_24)
FN:188,(anonymous_25)
FN:191,(anonymous_26)
FN:194,(anonymous_27)
FN:197,(anonymous_28)
FN:203,(anonymous_29)
FN:209,(anonymous_30)
FN:211,(anonymous_31)
FN:213,(anonymous_32)
FN:215,(anonymous_33)
FN:229,(anonymous_34)
FN:230,(anonymous_35)
FN:231,(anonymous_36)
FN:237,(anonymous_37)
FN:238,(anonymous_38)
FN:240,(anonymous_39)
FN:242,(anonymous_40)
FN:248,(anonymous_41)
FN:267,(anonymous_42)
FN:277,(anonymous_43)
FN:282,(anonymous_44)
FN:283,getPublicKey
FN:290,(anonymous_46)
FN:297,(anonymous_47)
FN:302,(anonymous_48)
FN:305,(anonymous_49)
FN:308,(anonymous_50)
FN:311,(anonymous_51)
FN:325,(anonymous_52)
FN:328,(anonymous_53)
FN:332,(anonymous_54)
FN:338,(anonymous_55)
FN:342,(anonymous_56)
FN:344,(anonymous_57)
FN:357,prepSig
FN:359,(anonymous_59)
FN:377,(anonymous_60)
FN:405,hmacDrbg
FN:410,(anonymous_62)
FN:418,(anonymous_63)
FN:419,(anonymous_64)
FN:427,(anonymous_65)
FN:433,(anonymous_66)
FN:443,(anonymous_67)
FN:449,(anonymous_68)
FN:457,(anonymous_69)
FN:463,(anonymous_70)
FN:474,signAsync
FN:482,sign
FN:487,verify
FN:521,getSharedSecret
FN:524,hashToPrivateKey
FN:541,(anonymous_76)
FN:556,(anonymous_77)
FN:567,(anonymous_78)
FN:574,(anonymous_79)
FN:575,(anonymous_80)
FN:585,(anonymous_81)
FN:588,(anonymous_82)
FN:594,(anonymous_83)
FN:612,(anonymous_84)
FN:616,(anonymous_85)
FNF:86
FNH:17
FNDA:0,(anonymous_0)
FNDA:2,(anonymous_1)
FNDA:719,(anonymous_2)
FNDA:0,(anonymous_3)
FNDA:0,(anonymous_4)
FNDA:719,(anonymous_5)
FNDA:0,(anonymous_6)
FNDA:0,(anonymous_7)
FNDA:0,(anonymous_8)
FNDA:7164766,(anonymous_9)
FNDA:175651,(anonymous_10)
FNDA:194567,(anonymous_11)
FNDA:1122,(anonymous_12)
FNDA:0,(anonymous_13)
FNDA:0,(anonymous_14)
FNDA:0,(anonymous_15)
FNDA:0,(anonymous_16)
FNDA:1636,(anonymous_17)
FNDA:19372,(anonymous_18)
FNDA:33598,(anonymous_19)
FNDA:174015,(anonymous_20)
FNDA:719,(anonymous_21)
FNDA:0,(anonymous_22)
FNDA:848,(anonymous_23)
FNDA:0,(anonymous_24)
FNDA:0,(anonymous_25)
FNDA:0,(anonymous_26)
FNDA:0,(anonymous_27)
FNDA:0,(anonymous_28)
FNDA:0,(anonymous_29)
FNDA:0,(anonymous_30)
FNDA:0,(anonymous_31)
FNDA:0,(anonymous_32)
FNDA:0,(anonymous_33)
FNDA:0,(anonymous_34)
FNDA:0,(anonymous_35)
FNDA:0,(anonymous_36)
FNDA:0,(anonymous_37)
FNDA:0,(anonymous_38)
FNDA:0,(anonymous_39)
FNDA:0,(anonymous_40)
FNDA:847,(anonymous_41)
FNDA:0,(anonymous_42)
FNDA:0,(anonymous_43)
FNDA:0,(anonymous_44)
FNDA:0,getPublicKey
FNDA:0,(anonymous_46)
FNDA:0,(anonymous_47)
FNDA:0,(anonymous_48)
FNDA:0,(anonymous_49)
FNDA:0,(anonymous_50)
FNDA:0,(anonymous_51)
FNDA:0,(anonymous_52)
FNDA:0,(anonymous_53)
FNDA:0,(anonymous_54)
FNDA:0,(anonymous_55)
FNDA:0,(anonymous_56)
FNDA:0,(anonymous_57)
FNDA:0,prepSig
FNDA:0,(anonymous_59)
FNDA:0,(anonymous_60)
FNDA:0,hmacDrbg
FNDA:0,(anonymous_62)
FNDA:0,(anonymous_63)
FNDA:0,(anonymous_64)
FNDA:0,(anonymous_65)
FNDA:0,(anonymous_66)
FNDA:0,(anonymous_67)
FNDA:0,(anonymous_68)
FNDA:0,(anonymous_69)
FNDA:0,(anonymous_70)
FNDA:0,signAsync
FNDA:0,sign
FNDA:0,verify
FNDA:0,getSharedSecret
FNDA:0,hashToPrivateKey
FNDA:0,(anonymous_76)
FNDA:0,(anonymous_77)
FNDA:0,(anonymous_78)
FNDA:0,(anonymous_79)
FNDA:0,(anonymous_80)
FNDA:0,(anonymous_81)
FNDA:0,(anonymous_82)
FNDA:21,(anonymous_83)
FNDA:587,(anonymous_84)
FNDA:19371,(anonymous_85)
DA:4,29
DA:5,29
DA:6,29
DA:7,29
DA:8,29
DA:9,29
DA:10,29
DA:14,29
DA:15,29
DA:16,2
DA:18,719
DA:19,29
DA:20,29
DA:21,719
DA:22,29
DA:26,0
DA:30,29
DA:31,29
DA:32,29
DA:33,7164766
DA:34,7164766
DA:36,29
DA:37,175651
DA:38,29
DA:46,194567
DA:47,194567
DA:48,194567
DA:50,29
DA:51,29
DA:53,1122
DA:54,1052
DA:58,0
DA:59,0
DA:60,0
DA:61,0
DA:62,0
DA:63,0
DA:64,0
DA:66,0
DA:67,0
DA:68,0
DA:69,0
DA:70,0
DA:71,0
DA:73,0
DA:74,0
DA:75,0
DA:78,0
DA:81,0
DA:84,0
DA:88,1636
DA:89,1636
DA:90,1636
DA:91,1636
DA:92,1636
DA:93,1636
DA:94,1636
DA:97,19372
DA:100,33598
DA:104,174015
DA:105,174015
DA:106,174015
DA:107,174015
DA:108,174015
DA:109,174015
DA:110,174015
DA:111,174015
DA:112,174015
DA:113,174015
DA:114,174015
DA:115,174015
DA:116,174015
DA:117,174015
DA:118,174015
DA:119,174015
DA:120,174015
DA:121,174015
DA:122,174015
DA:123,174015
DA:124,174015
DA:125,174015
DA:126,174015
DA:127,174015
DA:128,174015
DA:129,174015
DA:130,174015
DA:131,174015
DA:132,174015
DA:133,174015
DA:134,174015
DA:135,174015
DA:136,174015
DA:137,174015
DA:138,174015
DA:139,174015
DA:140,174015
DA:141,174015
DA:142,174015
DA:143,174015
DA:144,174015
DA:145,174015
DA:146,174015
DA:147,174015
DA:148,174015
DA:149,174015
DA:150,174015
DA:151,174015
DA:155,719
DA:156,719
DA:157,717
DA:158,130
DA:159,130
DA:160,130
DA:162,32905
DA:163,16413
DA:165,130
DA:169,0
DA:173,848
DA:174,848
DA:175,848
DA:176,847
DA:177,847
DA:178,847
DA:182,0
DA:183,0
DA:184,0
DA:189,0
DA:192,0
DA:195,0
DA:199,0
DA:200,0
DA:201,0
DA:205,0
DA:208,29
DA:209,29
DA:210,0
DA:211,29
DA:212,0
DA:213,0
DA:215,29
DA:217,0
DA:218,0
DA:219,0
DA:220,0
DA:221,0
DA:222,0
DA:223,0
DA:224,0
DA:225,0
DA:227,0
DA:229,29
DA:230,29
DA:231,29
DA:233,0
DA:237,29
DA:238,29
DA:240,0
DA:241,0
DA:242,0
DA:243,0
DA:244,0
DA:246,0
DA:248,29
DA:250,847
DA:251,847
DA:252,847
DA:253,847
DA:254,847
DA:255,847
DA:256,847
DA:257,847
DA:259,127151
DA:260,127151
DA:261,127151
DA:262,127151
DA:263,127151
DA:265,847
DA:267,29
DA:269,0
DA:270,0
DA:272,0
DA:273,0
DA:275,0
DA:277,29
DA:279,0
DA:280,0
DA:282,29
DA:285,0
DA:291,0
DA:292,0
DA:293,0
DA:295,0
DA:299,0
DA:300,0
DA:303,0
DA:306,0
DA:309,0
DA:313,0
DA:314,0
DA:315,0
DA:316,0
DA:317,0
DA:318,0
DA:319,0
DA:320,0
DA:321,0
DA:322,0
DA:323,0
DA:326,0
DA:329,0
DA:332,29
DA:334,0
DA:335,0
DA:336,0
DA:338,29
DA:340,0
DA:342,29
DA:344,29
DA:346,0
DA:351,29
DA:352,29
DA:359,0
DA:361,0
DA:362,0
DA:363,0
DA:364,0
DA:365,0
DA:366,0
DA:367,0
DA:368,0
DA:369,0
DA:371,0
DA:372,0
DA:373,0
DA:374,0
DA:376,0
DA:377,0
DA:379,0
DA:380,0
DA:381,0
DA:382,0
DA:383,0
DA:384,0
DA:385,0
DA:386,0
DA:387,0
DA:388,0
DA:389,0
DA:391,0
DA:392,0
DA:394,0
DA:396,0
DA:407,0
DA:408,0
DA:409,0
DA:410,0
DA:411,0
DA:412,0
DA:413,0
DA:415,0
DA:416,0
DA:418,0
DA:419,0
DA:421,0
DA:422,0
DA:423,0
DA:424,0
DA:425,0
DA:427,0
DA:429,0
DA:430,0
DA:431,0
DA:433,0
DA:435,0
DA:436,0
DA:437,0
DA:438,0
DA:439,0
DA:440,0
DA:443,0
DA:445,0
DA:446,0
DA:447,0
DA:449,0
DA:451,0
DA:452,0
DA:453,0
DA:454,0
DA:455,0
DA:457,0
DA:459,0
DA:460,0
DA:461,0
DA:463,0
DA:464,0
DA:465,0
DA:466,0
DA:467,0
DA:468,0
DA:469,0
DA:479,0
DA:480,0
DA:483,0
DA:484,0
DA:488,0
DA:489,0
DA:490,0
DA:492,0
DA:493,0
DA:495,0
DA:496,0
DA:497,0
DA:500,0
DA:501,0
DA:503,0
DA:505,0
DA:506,0
DA:507,0
DA:509,0
DA:510,0
DA:511,0
DA:512,0
DA:513,0
DA:515,0
DA:517,0
DA:518,0
DA:519,0
DA:522,0
DA:526,0
DA:527,0
DA:528,0
DA:529,0
DA:530,0
DA:532,29
DA:542,0
DA:543,0
DA:544,0
DA:545,0
DA:552,0
DA:558,0
DA:559,0
DA:560,0
DA:561,0
DA:564,29
DA:568,0
DA:569,0
DA:571,0
DA:574,0
DA:576,0
DA:577,0
DA:578,0
DA:581,29
DA:586,0
DA:589,0
DA:593,29
DA:594,29
DA:596,21
DA:597,21
DA:598,21
DA:599,21
DA:600,21
DA:602,693
DA:603,693
DA:604,693
DA:605,88011
DA:606,88011
DA:608,693
DA:610,21
DA:612,29
DA:615,587
DA:616,587
DA:617,19371
DA:618,19371
DA:620,587
DA:621,587
DA:622,587
DA:623,587
DA:624,587
DA:625,587
DA:626,587
DA:627,587
DA:628,19371
DA:629,19371
DA:630,19371
DA:631,19371
DA:632,9000
DA:633,9000
DA:635,19371
DA:636,19371
DA:637,19371
DA:638,19371
DA:639,19371
DA:640,354
DA:643,19017
DA:646,587
DA:649,29
DA:650,29
DA:651,29
DA:652,29
DA:653,29
DA:654,29
DA:655,29
DA:656,29
DA:657,29
DA:658,29
DA:659,29
DA:660,29
DA:661,29
DA:662,29
LF:409
LH:193
BRDA:15,0,0,0
BRDA:20,1,0,0
BRDA:20,1,1,0
BRDA:20,1,2,0
BRDA:21,2,0,719
BRDA:21,2,1,719
BRDA:21,2,2,717
BRDA:26,3,0,0
BRDA:26,3,1,0
BRDA:26,4,0,0
BRDA:26,4,1,0
BRDA:26,4,2,0
BRDA:26,4,3,0
BRDA:31,5,0,0
BRDA:31,5,1,0
BRDA:32,6,0,7163072
BRDA:34,7,0,6715319
BRDA:34,7,1,449447
BRDA:37,8,0,175651
BRDA:37,8,1,0
BRDA:53,9,0,70
BRDA:53,9,1,1052
BRDA:53,10,0,1122
BRDA:53,10,1,70
BRDA:64,11,0,0
BRDA:64,12,0,0
BRDA:64,12,1,0
BRDA:66,13,0,0
BRDA:70,14,0,0
BRDA:73,15,0,0
BRDA:73,16,0,0
BRDA:73,16,1,0
BRDA:75,17,0,0
BRDA:75,17,1,0
BRDA:94,18,0,1636
BRDA:94,18,1,1506
BRDA:153,19,0,719
BRDA:155,20,0,0
BRDA:155,21,0,719
BRDA:155,21,1,0
BRDA:156,22,0,2
BRDA:157,23,0,587
BRDA:162,24,0,16492
BRDA:162,24,1,16413
BRDA:163,25,0,16413
BRDA:174,26,0,0
BRDA:175,27,0,1
BRDA:177,28,0,0
BRDA:183,29,0,0
BRDA:183,30,0,0
BRDA:183,30,1,0
BRDA:184,31,0,0
BRDA:184,31,1,0
BRDA:197,32,0,0
BRDA:200,33,0,0
BRDA:200,33,1,0
BRDA:200,34,0,0
BRDA:200,34,1,0
BRDA:201,35,0,0
BRDA:201,35,1,0
BRDA:203,36,0,0
BRDA:218,37,0,0
BRDA:218,38,0,0
BRDA:218,38,1,0
BRDA:224,39,0,0
BRDA:224,40,0,0
BRDA:224,40,1,0
BRDA:229,41,0,0
BRDA:229,41,1,0
BRDA:233,42,0,0
BRDA:233,42,1,0
BRDA:233,43,0,0
BRDA:233,43,1,0
BRDA:233,43,2,0
BRDA:248,44,0,847
BRDA:250,45,0,0
BRDA:250,46,0,847
BRDA:250,46,1,847
BRDA:265,47,0,847
BRDA:265,47,1,0
BRDA:272,48,0,0
BRDA:275,49,0,0
BRDA:275,49,1,0
BRDA:279,50,0,0
BRDA:280,51,0,0
BRDA:280,51,1,0
BRDA:283,52,0,0
BRDA:303,53,0,0
BRDA:303,53,1,0
BRDA:303,54,0,0
BRDA:303,54,1,0
BRDA:314,55,0,0
BRDA:316,56,0,0
BRDA:316,56,1,0
BRDA:316,57,0,0
BRDA:316,57,1,0
BRDA:317,58,0,0
BRDA:318,59,0,0
BRDA:318,59,1,0
BRDA:336,60,0,0
BRDA:336,60,1,0
BRDA:346,61,0,0
BRDA:346,61,1,0
BRDA:346,62,0,0
BRDA:346,62,1,0
BRDA:357,63,0,0
BRDA:359,64,0,0
BRDA:363,65,0,0
BRDA:369,66,0,0
BRDA:371,67,0,0
BRDA:373,68,0,0
BRDA:380,69,0,0
BRDA:384,70,0,0
BRDA:386,71,0,0
BRDA:388,72,0,0
BRDA:388,72,1,0
BRDA:389,73,0,0
BRDA:389,74,0,0
BRDA:389,74,1,0
BRDA:416,75,0,0
BRDA:416,75,1,0
BRDA:419,76,0,0
BRDA:423,77,0,0
BRDA:429,78,0,0
BRDA:446,79,0,0
BRDA:449,80,0,0
BRDA:453,81,0,0
BRDA:459,82,0,0
BRDA:477,83,0,0
BRDA:482,84,0,0
BRDA:487,85,0,0
BRDA:489,86,0,0
BRDA:490,87,0,0
BRDA:492,88,0,0
BRDA:492,88,1,0
BRDA:492,88,2,0
BRDA:493,89,0,0
BRDA:493,90,0,0
BRDA:493,90,1,0
BRDA:497,91,0,0
BRDA:497,91,1,0
BRDA:501,92,0,0
BRDA:501,92,1,0
BRDA:505,93,0,0
BRDA:507,94,0,0
BRDA:507,95,0,0
BRDA:507,95,1,0
BRDA:517,96,0,0
BRDA:521,97,0,0
BRDA:528,98,0,0
BRDA:528,99,0,0
BRDA:528,99,1,0
BRDA:543,100,0,0
BRDA:543,100,1,0
BRDA:544,101,0,0
BRDA:556,102,0,0
BRDA:559,103,0,0
BRDA:559,104,0,0
BRDA:559,104,1,0
BRDA:575,105,0,0
BRDA:575,106,0,0
BRDA:589,107,0,0
BRDA:615,108,0,587
BRDA:615,108,1,21
BRDA:618,109,0,9097
BRDA:618,109,1,10274
BRDA:631,110,0,9000
BRDA:639,111,0,354
BRDA:639,111,1,19017
BRF:169
BRH:32
end_of_record
TN:
SF:test/data/curves.ts
FNF:0
FNH:0
DA:1,21
DA:3,21
DA:4,21
LF:3
LH:3
BRF:0
BRH:0
end_of_record
TN:
SF:test/data/index.ts
FNF:0
FNH:0
DA:1,21
DA:2,21
DA:3,21
DA:4,21
DA:5,21
DA:6,21
DA:7,21
DA:9,21
LF:8
LH:8
BRF:0
BRH:0
end_of_record
TN:
SF:test/data/message.ts
FNF:0
FNH:0
DA:1,21
LF:1
LH:1
BRF:0
BRH:0
end_of_record
TN:
SF:test/data/points.ts
FN:7,(anonymous_6)
FN:88,(anonymous_7)
FN:93,(anonymous_8)
FN:96,(anonymous_9)
FN:98,(anonymous_10)
FN:104,(anonymous_11)
FN:111,(anonymous_12)
FNF:7
FNH:7
FNDA:441,(anonymous_6)
FNDA:210,(anonymous_7)
FNDA:210,(anonymous_8)
FNDA:462,(anonymous_9)
FNDA:210,(anonymous_10)
FNDA:210,(anonymous_11)
FNDA:483,(anonymous_12)
DA:1,21
DA:2,21
DA:3,21
DA:4,21
DA:5,21
DA:6,21
DA:7,441
DA:9,21
DA:74,21
DA:83,21
DA:84,21
DA:87,21
DA:88,21
DA:89,210
DA:92,21
DA:93,210
DA:96,462
DA:98,21
DA:99,210
DA:103,21
DA:105,210
DA:111,483
DA:114,21
DA:118,21
DA:123,21
DA:127,21
DA:132,21
DA:138,21
DA:143,21
DA:144,21
DA:145,21
DA:147,21
DA:148,21
DA:149,21
DA:151,21
DA:154,21
LF:36
LH:36
BRDA:96,0,0,252
BRDA:96,0,1,210
BRDA:96,1,0,210
BRDA:96,1,1,0
BRDA:111,2,0,294
BRDA:111,2,1,189
BRDA:111,3,0,189
BRDA:111,3,1,0
BRF:8
BRH:6
end_of_record
